[0.114s] DEBUG:colcon:Command line arguments: ['/usr/bin/colcon', 'build', '--symlink-install']
[0.114s] DEBUG:colcon:Parsed command line arguments: Namespace(log_base=None, log_level=None, verb_name='build', build_base='build', install_base='install', merge_install=False, symlink_install=True, test_result_base=None, continue_on_error=False, executor='parallel', parallel_workers=20, event_handlers=None, ignore_user_meta=False, metas=['./colcon.meta'], base_paths=['.'], packages_ignore=None, packages_ignore_regex=None, paths=None, packages_up_to=None, packages_up_to_regex=None, packages_above=None, packages_above_and_dependencies=None, packages_above_depth=None, packages_select_by_dep=None, packages_skip_by_dep=None, packages_skip_up_to=None, packages_select_build_failed=False, packages_skip_build_finished=False, packages_select_test_failures=False, packages_skip_test_passed=False, packages_select=None, packages_skip=None, packages_select_regex=None, packages_skip_regex=None, packages_start=None, packages_end=None, allow_overriding=[], cmake_args=None, cmake_target=None, cmake_target_skip_unavailable=False, cmake_clean_cache=False, cmake_clean_first=False, cmake_force_configure=False, ament_cmake_args=None, catkin_cmake_args=None, catkin_skip_building_tests=False, mixin_files=None, mixin=None, verb_parser=<colcon_mixin.mixin.mixin_argument.MixinArgumentDecorator object at 0x72c6ef99a8f0>, verb_extension=<colcon_core.verb.build.BuildVerb object at 0x72c6ef99a350>, main=<bound method BuildVerb.main of <colcon_core.verb.build.BuildVerb object at 0x72c6ef99a350>>, mixin_verb=('build',))
[0.226s] Level 1:colcon.colcon_core.package_discovery:discover_packages(colcon_meta) check parameters
[0.226s] Level 1:colcon.colcon_core.package_discovery:discover_packages(recursive) check parameters
[0.226s] Level 1:colcon.colcon_core.package_discovery:discover_packages(ignore) check parameters
[0.226s] Level 1:colcon.colcon_core.package_discovery:discover_packages(path) check parameters
[0.226s] Level 1:colcon.colcon_core.package_discovery:discover_packages(colcon_meta) discover
[0.226s] Level 1:colcon.colcon_core.package_discovery:discover_packages(recursive) discover
[0.226s] INFO:colcon.colcon_core.package_discovery:Crawling recursively for packages in '/home/tedee/turtlebot4_ws'
[0.226s] Level 1:colcon.colcon_core.package_identification:_identify(.) by extensions ['ignore', 'ignore_ament_install']
[0.226s] Level 1:colcon.colcon_core.package_identification:_identify(.) by extension 'ignore'
[0.226s] Level 1:colcon.colcon_core.package_identification:_identify(.) by extension 'ignore_ament_install'
[0.226s] Level 1:colcon.colcon_core.package_identification:_identify(.) by extensions ['colcon_pkg']
[0.226s] Level 1:colcon.colcon_core.package_identification:_identify(.) by extension 'colcon_pkg'
[0.226s] Level 1:colcon.colcon_core.package_identification:_identify(.) by extensions ['colcon_meta']
[0.226s] Level 1:colcon.colcon_core.package_identification:_identify(.) by extension 'colcon_meta'
[0.226s] Level 1:colcon.colcon_core.package_identification:_identify(.) by extensions ['ros']
[0.226s] Level 1:colcon.colcon_core.package_identification:_identify(.) by extension 'ros'
[0.239s] Level 1:colcon.colcon_core.package_identification:_identify(.) by extensions ['cmake', 'python']
[0.239s] Level 1:colcon.colcon_core.package_identification:_identify(.) by extension 'cmake'
[0.239s] Level 1:colcon.colcon_core.package_identification:_identify(.) by extension 'python'
[0.239s] Level 1:colcon.colcon_core.package_identification:_identify(.) by extensions ['python_setup_py']
[0.239s] Level 1:colcon.colcon_core.package_identification:_identify(.) by extension 'python_setup_py'
[0.239s] Level 1:colcon.colcon_core.package_identification:_identify(build) by extensions ['ignore', 'ignore_ament_install']
[0.239s] Level 1:colcon.colcon_core.package_identification:_identify(build) by extension 'ignore'
[0.239s] Level 1:colcon.colcon_core.package_identification:_identify(build) ignored
[0.239s] Level 1:colcon.colcon_core.package_identification:_identify(install) by extensions ['ignore', 'ignore_ament_install']
[0.240s] Level 1:colcon.colcon_core.package_identification:_identify(install) by extension 'ignore'
[0.240s] Level 1:colcon.colcon_core.package_identification:_identify(install) ignored
[0.240s] Level 1:colcon.colcon_core.package_identification:_identify(log) by extensions ['ignore', 'ignore_ament_install']
[0.240s] Level 1:colcon.colcon_core.package_identification:_identify(log) by extension 'ignore'
[0.240s] Level 1:colcon.colcon_core.package_identification:_identify(log) ignored
[0.240s] Level 1:colcon.colcon_core.package_identification:_identify(src) by extensions ['ignore', 'ignore_ament_install']
[0.240s] Level 1:colcon.colcon_core.package_identification:_identify(src) by extension 'ignore'
[0.240s] Level 1:colcon.colcon_core.package_identification:_identify(src) by extension 'ignore_ament_install'
[0.240s] Level 1:colcon.colcon_core.package_identification:_identify(src) by extensions ['colcon_pkg']
[0.240s] Level 1:colcon.colcon_core.package_identification:_identify(src) by extension 'colcon_pkg'
[0.240s] Level 1:colcon.colcon_core.package_identification:_identify(src) by extensions ['colcon_meta']
[0.240s] Level 1:colcon.colcon_core.package_identification:_identify(src) by extension 'colcon_meta'
[0.240s] Level 1:colcon.colcon_core.package_identification:_identify(src) by extensions ['ros']
[0.240s] Level 1:colcon.colcon_core.package_identification:_identify(src) by extension 'ros'
[0.240s] Level 1:colcon.colcon_core.package_identification:_identify(src) by extensions ['cmake', 'python']
[0.240s] Level 1:colcon.colcon_core.package_identification:_identify(src) by extension 'cmake'
[0.240s] Level 1:colcon.colcon_core.package_identification:_identify(src) by extension 'python'
[0.240s] Level 1:colcon.colcon_core.package_identification:_identify(src) by extensions ['python_setup_py']
[0.240s] Level 1:colcon.colcon_core.package_identification:_identify(src) by extension 'python_setup_py'
[0.240s] Level 1:colcon.colcon_core.package_identification:_identify(src/turtlebot4_simulator) by extensions ['ignore', 'ignore_ament_install']
[0.240s] Level 1:colcon.colcon_core.package_identification:_identify(src/turtlebot4_simulator) by extension 'ignore'
[0.240s] Level 1:colcon.colcon_core.package_identification:_identify(src/turtlebot4_simulator) by extension 'ignore_ament_install'
[0.240s] Level 1:colcon.colcon_core.package_identification:_identify(src/turtlebot4_simulator) by extensions ['colcon_pkg']
[0.240s] Level 1:colcon.colcon_core.package_identification:_identify(src/turtlebot4_simulator) by extension 'colcon_pkg'
[0.240s] Level 1:colcon.colcon_core.package_identification:_identify(src/turtlebot4_simulator) by extensions ['colcon_meta']
[0.240s] Level 1:colcon.colcon_core.package_identification:_identify(src/turtlebot4_simulator) by extension 'colcon_meta'
[0.240s] Level 1:colcon.colcon_core.package_identification:_identify(src/turtlebot4_simulator) by extensions ['ros']
[0.240s] Level 1:colcon.colcon_core.package_identification:_identify(src/turtlebot4_simulator) by extension 'ros'
[0.240s] Level 1:colcon.colcon_core.package_identification:_identify(src/turtlebot4_simulator) by extensions ['cmake', 'python']
[0.240s] Level 1:colcon.colcon_core.package_identification:_identify(src/turtlebot4_simulator) by extension 'cmake'
[0.240s] Level 1:colcon.colcon_core.package_identification:_identify(src/turtlebot4_simulator) by extension 'python'
[0.240s] Level 1:colcon.colcon_core.package_identification:_identify(src/turtlebot4_simulator) by extensions ['python_setup_py']
[0.240s] Level 1:colcon.colcon_core.package_identification:_identify(src/turtlebot4_simulator) by extension 'python_setup_py'
[0.240s] Level 1:colcon.colcon_core.package_identification:_identify(src/turtlebot4_simulator/turtlebot4_ignition_bringup) by extensions ['ignore', 'ignore_ament_install']
[0.240s] Level 1:colcon.colcon_core.package_identification:_identify(src/turtlebot4_simulator/turtlebot4_ignition_bringup) by extension 'ignore'
[0.240s] Level 1:colcon.colcon_core.package_identification:_identify(src/turtlebot4_simulator/turtlebot4_ignition_bringup) by extension 'ignore_ament_install'
[0.240s] Level 1:colcon.colcon_core.package_identification:_identify(src/turtlebot4_simulator/turtlebot4_ignition_bringup) by extensions ['colcon_pkg']
[0.240s] Level 1:colcon.colcon_core.package_identification:_identify(src/turtlebot4_simulator/turtlebot4_ignition_bringup) by extension 'colcon_pkg'
[0.240s] Level 1:colcon.colcon_core.package_identification:_identify(src/turtlebot4_simulator/turtlebot4_ignition_bringup) by extensions ['colcon_meta']
[0.240s] Level 1:colcon.colcon_core.package_identification:_identify(src/turtlebot4_simulator/turtlebot4_ignition_bringup) by extension 'colcon_meta'
[0.240s] Level 1:colcon.colcon_core.package_identification:_identify(src/turtlebot4_simulator/turtlebot4_ignition_bringup) by extensions ['ros']
[0.240s] Level 1:colcon.colcon_core.package_identification:_identify(src/turtlebot4_simulator/turtlebot4_ignition_bringup) by extension 'ros'
[0.243s] DEBUG:colcon.colcon_core.package_identification:Package 'src/turtlebot4_simulator/turtlebot4_ignition_bringup' with type 'ros.ament_cmake' and name 'turtlebot4_ignition_bringup'
[0.243s] Level 1:colcon.colcon_core.package_identification:_identify(src/turtlebot4_simulator/turtlebot4_ignition_gui_plugins) by extensions ['ignore', 'ignore_ament_install']
[0.243s] Level 1:colcon.colcon_core.package_identification:_identify(src/turtlebot4_simulator/turtlebot4_ignition_gui_plugins) by extension 'ignore'
[0.243s] Level 1:colcon.colcon_core.package_identification:_identify(src/turtlebot4_simulator/turtlebot4_ignition_gui_plugins) by extension 'ignore_ament_install'
[0.243s] Level 1:colcon.colcon_core.package_identification:_identify(src/turtlebot4_simulator/turtlebot4_ignition_gui_plugins) by extensions ['colcon_pkg']
[0.243s] Level 1:colcon.colcon_core.package_identification:_identify(src/turtlebot4_simulator/turtlebot4_ignition_gui_plugins) by extension 'colcon_pkg'
[0.243s] Level 1:colcon.colcon_core.package_identification:_identify(src/turtlebot4_simulator/turtlebot4_ignition_gui_plugins) by extensions ['colcon_meta']
[0.243s] Level 1:colcon.colcon_core.package_identification:_identify(src/turtlebot4_simulator/turtlebot4_ignition_gui_plugins) by extension 'colcon_meta'
[0.243s] Level 1:colcon.colcon_core.package_identification:_identify(src/turtlebot4_simulator/turtlebot4_ignition_gui_plugins) by extensions ['ros']
[0.243s] Level 1:colcon.colcon_core.package_identification:_identify(src/turtlebot4_simulator/turtlebot4_ignition_gui_plugins) by extension 'ros'
[0.243s] DEBUG:colcon.colcon_core.package_identification:Package 'src/turtlebot4_simulator/turtlebot4_ignition_gui_plugins' with type 'ros.ament_cmake' and name 'turtlebot4_ignition_gui_plugins'
[0.243s] Level 1:colcon.colcon_core.package_identification:_identify(src/turtlebot4_simulator/turtlebot4_ignition_toolbox) by extensions ['ignore', 'ignore_ament_install']
[0.243s] Level 1:colcon.colcon_core.package_identification:_identify(src/turtlebot4_simulator/turtlebot4_ignition_toolbox) by extension 'ignore'
[0.243s] Level 1:colcon.colcon_core.package_identification:_identify(src/turtlebot4_simulator/turtlebot4_ignition_toolbox) by extension 'ignore_ament_install'
[0.243s] Level 1:colcon.colcon_core.package_identification:_identify(src/turtlebot4_simulator/turtlebot4_ignition_toolbox) by extensions ['colcon_pkg']
[0.243s] Level 1:colcon.colcon_core.package_identification:_identify(src/turtlebot4_simulator/turtlebot4_ignition_toolbox) by extension 'colcon_pkg'
[0.243s] Level 1:colcon.colcon_core.package_identification:_identify(src/turtlebot4_simulator/turtlebot4_ignition_toolbox) by extensions ['colcon_meta']
[0.243s] Level 1:colcon.colcon_core.package_identification:_identify(src/turtlebot4_simulator/turtlebot4_ignition_toolbox) by extension 'colcon_meta'
[0.243s] Level 1:colcon.colcon_core.package_identification:_identify(src/turtlebot4_simulator/turtlebot4_ignition_toolbox) by extensions ['ros']
[0.243s] Level 1:colcon.colcon_core.package_identification:_identify(src/turtlebot4_simulator/turtlebot4_ignition_toolbox) by extension 'ros'
[0.244s] DEBUG:colcon.colcon_core.package_identification:Package 'src/turtlebot4_simulator/turtlebot4_ignition_toolbox' with type 'ros.ament_cmake' and name 'turtlebot4_ignition_toolbox'
[0.244s] Level 1:colcon.colcon_core.package_identification:_identify(src/turtlebot4_simulator/turtlebot4_simulator) by extensions ['ignore', 'ignore_ament_install']
[0.244s] Level 1:colcon.colcon_core.package_identification:_identify(src/turtlebot4_simulator/turtlebot4_simulator) by extension 'ignore'
[0.244s] Level 1:colcon.colcon_core.package_identification:_identify(src/turtlebot4_simulator/turtlebot4_simulator) by extension 'ignore_ament_install'
[0.244s] Level 1:colcon.colcon_core.package_identification:_identify(src/turtlebot4_simulator/turtlebot4_simulator) by extensions ['colcon_pkg']
[0.244s] Level 1:colcon.colcon_core.package_identification:_identify(src/turtlebot4_simulator/turtlebot4_simulator) by extension 'colcon_pkg'
[0.244s] Level 1:colcon.colcon_core.package_identification:_identify(src/turtlebot4_simulator/turtlebot4_simulator) by extensions ['colcon_meta']
[0.244s] Level 1:colcon.colcon_core.package_identification:_identify(src/turtlebot4_simulator/turtlebot4_simulator) by extension 'colcon_meta'
[0.244s] Level 1:colcon.colcon_core.package_identification:_identify(src/turtlebot4_simulator/turtlebot4_simulator) by extensions ['ros']
[0.244s] Level 1:colcon.colcon_core.package_identification:_identify(src/turtlebot4_simulator/turtlebot4_simulator) by extension 'ros'
[0.244s] DEBUG:colcon.colcon_core.package_identification:Package 'src/turtlebot4_simulator/turtlebot4_simulator' with type 'ros.ament_cmake' and name 'turtlebot4_simulator'
[0.244s] Level 1:colcon.colcon_core.package_discovery:discover_packages(recursive) using defaults
[0.244s] Level 1:colcon.colcon_core.package_discovery:discover_packages(ignore) discover
[0.244s] Level 1:colcon.colcon_core.package_discovery:discover_packages(ignore) using defaults
[0.244s] Level 1:colcon.colcon_core.package_discovery:discover_packages(path) discover
[0.244s] Level 1:colcon.colcon_core.package_discovery:discover_packages(path) using defaults
[0.258s] Level 1:colcon.colcon_core.package_discovery:discover_packages(prefix_path) check parameters
[0.258s] Level 1:colcon.colcon_core.package_discovery:discover_packages(prefix_path) discover
[0.270s] DEBUG:colcon.colcon_installed_package_information.package_discovery:Found 20 installed packages in /home/tedee/ros2_ws/install
[0.271s] DEBUG:colcon.colcon_installed_package_information.package_discovery:Found 426 installed packages in /opt/ros/humble
[0.272s] Level 1:colcon.colcon_core.package_discovery:discover_packages(prefix_path) using defaults
[0.300s] Level 5:colcon.colcon_core.verb:set package 'turtlebot4_ignition_gui_plugins' build argument 'cmake_args' from command line to 'None'
[0.300s] Level 5:colcon.colcon_core.verb:set package 'turtlebot4_ignition_gui_plugins' build argument 'cmake_target' from command line to 'None'
[0.300s] Level 5:colcon.colcon_core.verb:set package 'turtlebot4_ignition_gui_plugins' build argument 'cmake_target_skip_unavailable' from command line to 'False'
[0.300s] Level 5:colcon.colcon_core.verb:set package 'turtlebot4_ignition_gui_plugins' build argument 'cmake_clean_cache' from command line to 'False'
[0.300s] Level 5:colcon.colcon_core.verb:set package 'turtlebot4_ignition_gui_plugins' build argument 'cmake_clean_first' from command line to 'False'
[0.300s] Level 5:colcon.colcon_core.verb:set package 'turtlebot4_ignition_gui_plugins' build argument 'cmake_force_configure' from command line to 'False'
[0.300s] Level 5:colcon.colcon_core.verb:set package 'turtlebot4_ignition_gui_plugins' build argument 'ament_cmake_args' from command line to 'None'
[0.300s] Level 5:colcon.colcon_core.verb:set package 'turtlebot4_ignition_gui_plugins' build argument 'catkin_cmake_args' from command line to 'None'
[0.300s] Level 5:colcon.colcon_core.verb:set package 'turtlebot4_ignition_gui_plugins' build argument 'catkin_skip_building_tests' from command line to 'False'
[0.300s] DEBUG:colcon.colcon_core.verb:Building package 'turtlebot4_ignition_gui_plugins' with the following arguments: {'ament_cmake_args': None, 'build_base': '/home/tedee/turtlebot4_ws/build/turtlebot4_ignition_gui_plugins', 'catkin_cmake_args': None, 'catkin_skip_building_tests': False, 'cmake_args': None, 'cmake_clean_cache': False, 'cmake_clean_first': False, 'cmake_force_configure': False, 'cmake_target': None, 'cmake_target_skip_unavailable': False, 'install_base': '/home/tedee/turtlebot4_ws/install/turtlebot4_ignition_gui_plugins', 'merge_install': False, 'path': '/home/tedee/turtlebot4_ws/src/turtlebot4_simulator/turtlebot4_ignition_gui_plugins', 'symlink_install': True, 'test_result_base': None}
[0.301s] Level 5:colcon.colcon_core.verb:set package 'turtlebot4_ignition_toolbox' build argument 'cmake_args' from command line to 'None'
[0.301s] Level 5:colcon.colcon_core.verb:set package 'turtlebot4_ignition_toolbox' build argument 'cmake_target' from command line to 'None'
[0.301s] Level 5:colcon.colcon_core.verb:set package 'turtlebot4_ignition_toolbox' build argument 'cmake_target_skip_unavailable' from command line to 'False'
[0.301s] Level 5:colcon.colcon_core.verb:set package 'turtlebot4_ignition_toolbox' build argument 'cmake_clean_cache' from command line to 'False'
[0.301s] Level 5:colcon.colcon_core.verb:set package 'turtlebot4_ignition_toolbox' build argument 'cmake_clean_first' from command line to 'False'
[0.301s] Level 5:colcon.colcon_core.verb:set package 'turtlebot4_ignition_toolbox' build argument 'cmake_force_configure' from command line to 'False'
[0.301s] Level 5:colcon.colcon_core.verb:set package 'turtlebot4_ignition_toolbox' build argument 'ament_cmake_args' from command line to 'None'
[0.301s] Level 5:colcon.colcon_core.verb:set package 'turtlebot4_ignition_toolbox' build argument 'catkin_cmake_args' from command line to 'None'
[0.301s] Level 5:colcon.colcon_core.verb:set package 'turtlebot4_ignition_toolbox' build argument 'catkin_skip_building_tests' from command line to 'False'
[0.301s] DEBUG:colcon.colcon_core.verb:Building package 'turtlebot4_ignition_toolbox' with the following arguments: {'ament_cmake_args': None, 'build_base': '/home/tedee/turtlebot4_ws/build/turtlebot4_ignition_toolbox', 'catkin_cmake_args': None, 'catkin_skip_building_tests': False, 'cmake_args': None, 'cmake_clean_cache': False, 'cmake_clean_first': False, 'cmake_force_configure': False, 'cmake_target': None, 'cmake_target_skip_unavailable': False, 'install_base': '/home/tedee/turtlebot4_ws/install/turtlebot4_ignition_toolbox', 'merge_install': False, 'path': '/home/tedee/turtlebot4_ws/src/turtlebot4_simulator/turtlebot4_ignition_toolbox', 'symlink_install': True, 'test_result_base': None}
[0.301s] Level 5:colcon.colcon_core.verb:set package 'turtlebot4_ignition_bringup' build argument 'cmake_args' from command line to 'None'
[0.301s] Level 5:colcon.colcon_core.verb:set package 'turtlebot4_ignition_bringup' build argument 'cmake_target' from command line to 'None'
[0.301s] Level 5:colcon.colcon_core.verb:set package 'turtlebot4_ignition_bringup' build argument 'cmake_target_skip_unavailable' from command line to 'False'
[0.301s] Level 5:colcon.colcon_core.verb:set package 'turtlebot4_ignition_bringup' build argument 'cmake_clean_cache' from command line to 'False'
[0.301s] Level 5:colcon.colcon_core.verb:set package 'turtlebot4_ignition_bringup' build argument 'cmake_clean_first' from command line to 'False'
[0.301s] Level 5:colcon.colcon_core.verb:set package 'turtlebot4_ignition_bringup' build argument 'cmake_force_configure' from command line to 'False'
[0.301s] Level 5:colcon.colcon_core.verb:set package 'turtlebot4_ignition_bringup' build argument 'ament_cmake_args' from command line to 'None'
[0.301s] Level 5:colcon.colcon_core.verb:set package 'turtlebot4_ignition_bringup' build argument 'catkin_cmake_args' from command line to 'None'
[0.301s] Level 5:colcon.colcon_core.verb:set package 'turtlebot4_ignition_bringup' build argument 'catkin_skip_building_tests' from command line to 'False'
[0.301s] DEBUG:colcon.colcon_core.verb:Building package 'turtlebot4_ignition_bringup' with the following arguments: {'ament_cmake_args': None, 'build_base': '/home/tedee/turtlebot4_ws/build/turtlebot4_ignition_bringup', 'catkin_cmake_args': None, 'catkin_skip_building_tests': False, 'cmake_args': None, 'cmake_clean_cache': False, 'cmake_clean_first': False, 'cmake_force_configure': False, 'cmake_target': None, 'cmake_target_skip_unavailable': False, 'install_base': '/home/tedee/turtlebot4_ws/install/turtlebot4_ignition_bringup', 'merge_install': False, 'path': '/home/tedee/turtlebot4_ws/src/turtlebot4_simulator/turtlebot4_ignition_bringup', 'symlink_install': True, 'test_result_base': None}
[0.301s] Level 5:colcon.colcon_core.verb:set package 'turtlebot4_simulator' build argument 'cmake_args' from command line to 'None'
[0.301s] Level 5:colcon.colcon_core.verb:set package 'turtlebot4_simulator' build argument 'cmake_target' from command line to 'None'
[0.301s] Level 5:colcon.colcon_core.verb:set package 'turtlebot4_simulator' build argument 'cmake_target_skip_unavailable' from command line to 'False'
[0.301s] Level 5:colcon.colcon_core.verb:set package 'turtlebot4_simulator' build argument 'cmake_clean_cache' from command line to 'False'
[0.301s] Level 5:colcon.colcon_core.verb:set package 'turtlebot4_simulator' build argument 'cmake_clean_first' from command line to 'False'
[0.301s] Level 5:colcon.colcon_core.verb:set package 'turtlebot4_simulator' build argument 'cmake_force_configure' from command line to 'False'
[0.301s] Level 5:colcon.colcon_core.verb:set package 'turtlebot4_simulator' build argument 'ament_cmake_args' from command line to 'None'
[0.301s] Level 5:colcon.colcon_core.verb:set package 'turtlebot4_simulator' build argument 'catkin_cmake_args' from command line to 'None'
[0.301s] Level 5:colcon.colcon_core.verb:set package 'turtlebot4_simulator' build argument 'catkin_skip_building_tests' from command line to 'False'
[0.301s] DEBUG:colcon.colcon_core.verb:Building package 'turtlebot4_simulator' with the following arguments: {'ament_cmake_args': None, 'build_base': '/home/tedee/turtlebot4_ws/build/turtlebot4_simulator', 'catkin_cmake_args': None, 'catkin_skip_building_tests': False, 'cmake_args': None, 'cmake_clean_cache': False, 'cmake_clean_first': False, 'cmake_force_configure': False, 'cmake_target': None, 'cmake_target_skip_unavailable': False, 'install_base': '/home/tedee/turtlebot4_ws/install/turtlebot4_simulator', 'merge_install': False, 'path': '/home/tedee/turtlebot4_ws/src/turtlebot4_simulator/turtlebot4_simulator', 'symlink_install': True, 'test_result_base': None}
[0.301s] INFO:colcon.colcon_core.executor:Executing jobs using 'parallel' executor
[0.302s] DEBUG:colcon.colcon_parallel_executor.executor.parallel:run_until_complete
[0.302s] INFO:colcon.colcon_ros.task.ament_cmake.build:Building ROS package in '/home/tedee/turtlebot4_ws/src/turtlebot4_simulator/turtlebot4_ignition_gui_plugins' with build type 'ament_cmake'
[0.302s] INFO:colcon.colcon_cmake.task.cmake.build:Building CMake package in '/home/tedee/turtlebot4_ws/src/turtlebot4_simulator/turtlebot4_ignition_gui_plugins'
[0.306s] INFO:colcon.colcon_core.plugin_system:Skipping extension 'colcon_core.shell.bat': Not used on non-Windows systems
[0.306s] INFO:colcon.colcon_core.shell:Skip shell extension 'powershell' for command environment: Not usable outside of PowerShell
[0.306s] DEBUG:colcon.colcon_core.shell:Skip shell extension 'dsv' for command environment
[0.310s] INFO:colcon.colcon_ros.task.ament_cmake.build:Building ROS package in '/home/tedee/turtlebot4_ws/src/turtlebot4_simulator/turtlebot4_ignition_toolbox' with build type 'ament_cmake'
[0.310s] INFO:colcon.colcon_cmake.task.cmake.build:Building CMake package in '/home/tedee/turtlebot4_ws/src/turtlebot4_simulator/turtlebot4_ignition_toolbox'
[0.310s] INFO:colcon.colcon_core.shell:Skip shell extension 'powershell' for command environment: Not usable outside of PowerShell
[0.310s] DEBUG:colcon.colcon_core.shell:Skip shell extension 'dsv' for command environment
[0.320s] DEBUG:colcon.colcon_core.event_handler.log_command:Invoking command in '/home/tedee/turtlebot4_ws/build/turtlebot4_ignition_gui_plugins': CMAKE_PREFIX_PATH=${CMAKE_PREFIX_PATH}:/home/tedee/ros2_ws/install/webots_ros2:/home/tedee/ros2_ws/install/webots_ros2_universal_robot:/home/tedee/ros2_ws/install/webots_ros2_turtlebot:/home/tedee/ros2_ws/install/webots_ros2_tiago:/home/tedee/ros2_ws/install/webots_ros2_tests:/home/tedee/ros2_ws/install/webots_ros2_tesla:/home/tedee/ros2_ws/install/webots_ros2_mavic:/home/tedee/ros2_ws/install/webots_ros2_husarion:/home/tedee/ros2_ws/install/webots_ros2_epuck:/home/tedee/ros2_ws/install/webots_ros2_crazyflie:/home/tedee/ros2_ws/install/my_robot_controller:/home/tedee/ros2_ws/install/webots_ros2_importer:/home/tedee/ros2_ws/install/webots_robot:/home/tedee/ros2_ws/install/webots_extern:/home/tedee/ros2_ws/install/py_pubsub:/home/tedee/ros2_ws/install/dijkstra_planner:/home/tedee/ros2_ws/install/aruco:/opt/ros/humble /usr/bin/cmake /home/tedee/turtlebot4_ws/src/turtlebot4_simulator/turtlebot4_ignition_gui_plugins -DAMENT_CMAKE_SYMLINK_INSTALL=1 -DCMAKE_INSTALL_PREFIX=/home/tedee/turtlebot4_ws/install/turtlebot4_ignition_gui_plugins
[0.322s] DEBUG:colcon.colcon_core.event_handler.log_command:Invoking command in '/home/tedee/turtlebot4_ws/build/turtlebot4_ignition_toolbox': CMAKE_PREFIX_PATH=${CMAKE_PREFIX_PATH}:/home/tedee/ros2_ws/install/webots_ros2:/home/tedee/ros2_ws/install/webots_ros2_universal_robot:/home/tedee/ros2_ws/install/webots_ros2_turtlebot:/home/tedee/ros2_ws/install/webots_ros2_tiago:/home/tedee/ros2_ws/install/webots_ros2_tests:/home/tedee/ros2_ws/install/webots_ros2_tesla:/home/tedee/ros2_ws/install/webots_ros2_mavic:/home/tedee/ros2_ws/install/webots_ros2_husarion:/home/tedee/ros2_ws/install/webots_ros2_epuck:/home/tedee/ros2_ws/install/webots_ros2_crazyflie:/home/tedee/ros2_ws/install/my_robot_controller:/home/tedee/ros2_ws/install/webots_ros2_importer:/home/tedee/ros2_ws/install/webots_robot:/home/tedee/ros2_ws/install/webots_extern:/home/tedee/ros2_ws/install/py_pubsub:/home/tedee/ros2_ws/install/dijkstra_planner:/home/tedee/ros2_ws/install/aruco:/opt/ros/humble /usr/bin/cmake /home/tedee/turtlebot4_ws/src/turtlebot4_simulator/turtlebot4_ignition_toolbox -DAMENT_CMAKE_SYMLINK_INSTALL=1 -DCMAKE_INSTALL_PREFIX=/home/tedee/turtlebot4_ws/install/turtlebot4_ignition_toolbox
[3.270s] DEBUG:colcon.colcon_core.event_handler.log_command:Invoked command in '/home/tedee/turtlebot4_ws/build/turtlebot4_ignition_gui_plugins' returned '0': CMAKE_PREFIX_PATH=${CMAKE_PREFIX_PATH}:/home/tedee/ros2_ws/install/webots_ros2:/home/tedee/ros2_ws/install/webots_ros2_universal_robot:/home/tedee/ros2_ws/install/webots_ros2_turtlebot:/home/tedee/ros2_ws/install/webots_ros2_tiago:/home/tedee/ros2_ws/install/webots_ros2_tests:/home/tedee/ros2_ws/install/webots_ros2_tesla:/home/tedee/ros2_ws/install/webots_ros2_mavic:/home/tedee/ros2_ws/install/webots_ros2_husarion:/home/tedee/ros2_ws/install/webots_ros2_epuck:/home/tedee/ros2_ws/install/webots_ros2_crazyflie:/home/tedee/ros2_ws/install/my_robot_controller:/home/tedee/ros2_ws/install/webots_ros2_importer:/home/tedee/ros2_ws/install/webots_robot:/home/tedee/ros2_ws/install/webots_extern:/home/tedee/ros2_ws/install/py_pubsub:/home/tedee/ros2_ws/install/dijkstra_planner:/home/tedee/ros2_ws/install/aruco:/opt/ros/humble /usr/bin/cmake /home/tedee/turtlebot4_ws/src/turtlebot4_simulator/turtlebot4_ignition_gui_plugins -DAMENT_CMAKE_SYMLINK_INSTALL=1 -DCMAKE_INSTALL_PREFIX=/home/tedee/turtlebot4_ws/install/turtlebot4_ignition_gui_plugins
[3.271s] DEBUG:colcon.colcon_core.event_handler.log_command:Invoking command in '/home/tedee/turtlebot4_ws/build/turtlebot4_ignition_gui_plugins': CMAKE_PREFIX_PATH=${CMAKE_PREFIX_PATH}:/home/tedee/ros2_ws/install/webots_ros2:/home/tedee/ros2_ws/install/webots_ros2_universal_robot:/home/tedee/ros2_ws/install/webots_ros2_turtlebot:/home/tedee/ros2_ws/install/webots_ros2_tiago:/home/tedee/ros2_ws/install/webots_ros2_tests:/home/tedee/ros2_ws/install/webots_ros2_tesla:/home/tedee/ros2_ws/install/webots_ros2_mavic:/home/tedee/ros2_ws/install/webots_ros2_husarion:/home/tedee/ros2_ws/install/webots_ros2_epuck:/home/tedee/ros2_ws/install/webots_ros2_crazyflie:/home/tedee/ros2_ws/install/my_robot_controller:/home/tedee/ros2_ws/install/webots_ros2_importer:/home/tedee/ros2_ws/install/webots_robot:/home/tedee/ros2_ws/install/webots_extern:/home/tedee/ros2_ws/install/py_pubsub:/home/tedee/ros2_ws/install/dijkstra_planner:/home/tedee/ros2_ws/install/aruco:/opt/ros/humble /usr/bin/cmake --build /home/tedee/turtlebot4_ws/build/turtlebot4_ignition_gui_plugins -- -j20 -l20
[3.500s] DEBUG:colcon.colcon_core.event_handler.log_command:Invoked command in '/home/tedee/turtlebot4_ws/build/turtlebot4_ignition_toolbox' returned '0': CMAKE_PREFIX_PATH=${CMAKE_PREFIX_PATH}:/home/tedee/ros2_ws/install/webots_ros2:/home/tedee/ros2_ws/install/webots_ros2_universal_robot:/home/tedee/ros2_ws/install/webots_ros2_turtlebot:/home/tedee/ros2_ws/install/webots_ros2_tiago:/home/tedee/ros2_ws/install/webots_ros2_tests:/home/tedee/ros2_ws/install/webots_ros2_tesla:/home/tedee/ros2_ws/install/webots_ros2_mavic:/home/tedee/ros2_ws/install/webots_ros2_husarion:/home/tedee/ros2_ws/install/webots_ros2_epuck:/home/tedee/ros2_ws/install/webots_ros2_crazyflie:/home/tedee/ros2_ws/install/my_robot_controller:/home/tedee/ros2_ws/install/webots_ros2_importer:/home/tedee/ros2_ws/install/webots_robot:/home/tedee/ros2_ws/install/webots_extern:/home/tedee/ros2_ws/install/py_pubsub:/home/tedee/ros2_ws/install/dijkstra_planner:/home/tedee/ros2_ws/install/aruco:/opt/ros/humble /usr/bin/cmake /home/tedee/turtlebot4_ws/src/turtlebot4_simulator/turtlebot4_ignition_toolbox -DAMENT_CMAKE_SYMLINK_INSTALL=1 -DCMAKE_INSTALL_PREFIX=/home/tedee/turtlebot4_ws/install/turtlebot4_ignition_toolbox
[3.500s] DEBUG:colcon.colcon_core.event_handler.log_command:Invoking command in '/home/tedee/turtlebot4_ws/build/turtlebot4_ignition_toolbox': CMAKE_PREFIX_PATH=${CMAKE_PREFIX_PATH}:/home/tedee/ros2_ws/install/webots_ros2:/home/tedee/ros2_ws/install/webots_ros2_universal_robot:/home/tedee/ros2_ws/install/webots_ros2_turtlebot:/home/tedee/ros2_ws/install/webots_ros2_tiago:/home/tedee/ros2_ws/install/webots_ros2_tests:/home/tedee/ros2_ws/install/webots_ros2_tesla:/home/tedee/ros2_ws/install/webots_ros2_mavic:/home/tedee/ros2_ws/install/webots_ros2_husarion:/home/tedee/ros2_ws/install/webots_ros2_epuck:/home/tedee/ros2_ws/install/webots_ros2_crazyflie:/home/tedee/ros2_ws/install/my_robot_controller:/home/tedee/ros2_ws/install/webots_ros2_importer:/home/tedee/ros2_ws/install/webots_robot:/home/tedee/ros2_ws/install/webots_extern:/home/tedee/ros2_ws/install/py_pubsub:/home/tedee/ros2_ws/install/dijkstra_planner:/home/tedee/ros2_ws/install/aruco:/opt/ros/humble /usr/bin/cmake --build /home/tedee/turtlebot4_ws/build/turtlebot4_ignition_toolbox -- -j20 -l20
[9.945s] DEBUG:colcon.colcon_core.event_handler.log_command:Invoked command in '/home/tedee/turtlebot4_ws/build/turtlebot4_ignition_gui_plugins' returned '0': CMAKE_PREFIX_PATH=${CMAKE_PREFIX_PATH}:/home/tedee/ros2_ws/install/webots_ros2:/home/tedee/ros2_ws/install/webots_ros2_universal_robot:/home/tedee/ros2_ws/install/webots_ros2_turtlebot:/home/tedee/ros2_ws/install/webots_ros2_tiago:/home/tedee/ros2_ws/install/webots_ros2_tests:/home/tedee/ros2_ws/install/webots_ros2_tesla:/home/tedee/ros2_ws/install/webots_ros2_mavic:/home/tedee/ros2_ws/install/webots_ros2_husarion:/home/tedee/ros2_ws/install/webots_ros2_epuck:/home/tedee/ros2_ws/install/webots_ros2_crazyflie:/home/tedee/ros2_ws/install/my_robot_controller:/home/tedee/ros2_ws/install/webots_ros2_importer:/home/tedee/ros2_ws/install/webots_robot:/home/tedee/ros2_ws/install/webots_extern:/home/tedee/ros2_ws/install/py_pubsub:/home/tedee/ros2_ws/install/dijkstra_planner:/home/tedee/ros2_ws/install/aruco:/opt/ros/humble /usr/bin/cmake --build /home/tedee/turtlebot4_ws/build/turtlebot4_ignition_gui_plugins -- -j20 -l20
[9.952s] DEBUG:colcon.colcon_core.event_handler.log_command:Invoking command in '/home/tedee/turtlebot4_ws/build/turtlebot4_ignition_gui_plugins': CMAKE_PREFIX_PATH=${CMAKE_PREFIX_PATH}:/home/tedee/ros2_ws/install/webots_ros2:/home/tedee/ros2_ws/install/webots_ros2_universal_robot:/home/tedee/ros2_ws/install/webots_ros2_turtlebot:/home/tedee/ros2_ws/install/webots_ros2_tiago:/home/tedee/ros2_ws/install/webots_ros2_tests:/home/tedee/ros2_ws/install/webots_ros2_tesla:/home/tedee/ros2_ws/install/webots_ros2_mavic:/home/tedee/ros2_ws/install/webots_ros2_husarion:/home/tedee/ros2_ws/install/webots_ros2_epuck:/home/tedee/ros2_ws/install/webots_ros2_crazyflie:/home/tedee/ros2_ws/install/my_robot_controller:/home/tedee/ros2_ws/install/webots_ros2_importer:/home/tedee/ros2_ws/install/webots_robot:/home/tedee/ros2_ws/install/webots_extern:/home/tedee/ros2_ws/install/py_pubsub:/home/tedee/ros2_ws/install/dijkstra_planner:/home/tedee/ros2_ws/install/aruco:/opt/ros/humble /usr/bin/cmake --install /home/tedee/turtlebot4_ws/build/turtlebot4_ignition_gui_plugins
[10.059s] Level 1:colcon.colcon_core.environment:create_environment_scripts_only(turtlebot4_ignition_gui_plugins)
[10.060s] DEBUG:colcon.colcon_core.event_handler.log_command:Invoked command in '/home/tedee/turtlebot4_ws/build/turtlebot4_ignition_gui_plugins' returned '0': CMAKE_PREFIX_PATH=${CMAKE_PREFIX_PATH}:/home/tedee/ros2_ws/install/webots_ros2:/home/tedee/ros2_ws/install/webots_ros2_universal_robot:/home/tedee/ros2_ws/install/webots_ros2_turtlebot:/home/tedee/ros2_ws/install/webots_ros2_tiago:/home/tedee/ros2_ws/install/webots_ros2_tests:/home/tedee/ros2_ws/install/webots_ros2_tesla:/home/tedee/ros2_ws/install/webots_ros2_mavic:/home/tedee/ros2_ws/install/webots_ros2_husarion:/home/tedee/ros2_ws/install/webots_ros2_epuck:/home/tedee/ros2_ws/install/webots_ros2_crazyflie:/home/tedee/ros2_ws/install/my_robot_controller:/home/tedee/ros2_ws/install/webots_ros2_importer:/home/tedee/ros2_ws/install/webots_robot:/home/tedee/ros2_ws/install/webots_extern:/home/tedee/ros2_ws/install/py_pubsub:/home/tedee/ros2_ws/install/dijkstra_planner:/home/tedee/ros2_ws/install/aruco:/opt/ros/humble /usr/bin/cmake --install /home/tedee/turtlebot4_ws/build/turtlebot4_ignition_gui_plugins
[10.064s] Level 1:colcon.colcon_core.environment:checking '/home/tedee/turtlebot4_ws/install/turtlebot4_ignition_gui_plugins' for CMake module files
[10.064s] Level 1:colcon.colcon_core.environment:checking '/home/tedee/turtlebot4_ws/install/turtlebot4_ignition_gui_plugins' for CMake config files
[10.064s] Level 1:colcon.colcon_core.shell:create_environment_hook('turtlebot4_ignition_gui_plugins', 'cmake_prefix_path')
[10.065s] INFO:colcon.colcon_core.shell:Creating environment hook '/home/tedee/turtlebot4_ws/install/turtlebot4_ignition_gui_plugins/share/turtlebot4_ignition_gui_plugins/hook/cmake_prefix_path.ps1'
[10.065s] INFO:colcon.colcon_core.shell:Creating environment descriptor '/home/tedee/turtlebot4_ws/install/turtlebot4_ignition_gui_plugins/share/turtlebot4_ignition_gui_plugins/hook/cmake_prefix_path.dsv'
[10.066s] INFO:colcon.colcon_core.shell:Creating environment hook '/home/tedee/turtlebot4_ws/install/turtlebot4_ignition_gui_plugins/share/turtlebot4_ignition_gui_plugins/hook/cmake_prefix_path.sh'
[10.067s] Level 1:colcon.colcon_core.environment:checking '/home/tedee/turtlebot4_ws/install/turtlebot4_ignition_gui_plugins/bin'
[10.067s] Level 1:colcon.colcon_core.environment:checking '/home/tedee/turtlebot4_ws/install/turtlebot4_ignition_gui_plugins/lib/pkgconfig/turtlebot4_ignition_gui_plugins.pc'
[10.067s] Level 1:colcon.colcon_core.environment:checking '/home/tedee/turtlebot4_ws/install/turtlebot4_ignition_gui_plugins/lib/python3.10/site-packages'
[10.067s] Level 1:colcon.colcon_core.environment:checking '/home/tedee/turtlebot4_ws/install/turtlebot4_ignition_gui_plugins/bin'
[10.067s] INFO:colcon.colcon_core.shell:Creating package script '/home/tedee/turtlebot4_ws/install/turtlebot4_ignition_gui_plugins/share/turtlebot4_ignition_gui_plugins/package.ps1'
[10.068s] INFO:colcon.colcon_core.shell:Creating package descriptor '/home/tedee/turtlebot4_ws/install/turtlebot4_ignition_gui_plugins/share/turtlebot4_ignition_gui_plugins/package.dsv'
[10.068s] INFO:colcon.colcon_core.shell:Creating package script '/home/tedee/turtlebot4_ws/install/turtlebot4_ignition_gui_plugins/share/turtlebot4_ignition_gui_plugins/package.sh'
[10.069s] INFO:colcon.colcon_core.shell:Creating package script '/home/tedee/turtlebot4_ws/install/turtlebot4_ignition_gui_plugins/share/turtlebot4_ignition_gui_plugins/package.bash'
[10.070s] INFO:colcon.colcon_core.shell:Creating package script '/home/tedee/turtlebot4_ws/install/turtlebot4_ignition_gui_plugins/share/turtlebot4_ignition_gui_plugins/package.zsh'
[10.070s] Level 1:colcon.colcon_core.environment:create_file_with_runtime_dependencies(/home/tedee/turtlebot4_ws/install/turtlebot4_ignition_gui_plugins/share/colcon-core/packages/turtlebot4_ignition_gui_plugins)
[10.071s] Level 1:colcon.colcon_core.environment:create_environment_scripts_only(turtlebot4_ignition_gui_plugins)
[10.071s] Level 1:colcon.colcon_core.environment:checking '/home/tedee/turtlebot4_ws/install/turtlebot4_ignition_gui_plugins' for CMake module files
[10.071s] Level 1:colcon.colcon_core.environment:checking '/home/tedee/turtlebot4_ws/install/turtlebot4_ignition_gui_plugins' for CMake config files
[10.071s] Level 1:colcon.colcon_core.shell:create_environment_hook('turtlebot4_ignition_gui_plugins', 'cmake_prefix_path')
[10.071s] INFO:colcon.colcon_core.shell:Creating environment hook '/home/tedee/turtlebot4_ws/install/turtlebot4_ignition_gui_plugins/share/turtlebot4_ignition_gui_plugins/hook/cmake_prefix_path.ps1'
[10.072s] INFO:colcon.colcon_core.shell:Creating environment descriptor '/home/tedee/turtlebot4_ws/install/turtlebot4_ignition_gui_plugins/share/turtlebot4_ignition_gui_plugins/hook/cmake_prefix_path.dsv'
[10.072s] INFO:colcon.colcon_core.shell:Creating environment hook '/home/tedee/turtlebot4_ws/install/turtlebot4_ignition_gui_plugins/share/turtlebot4_ignition_gui_plugins/hook/cmake_prefix_path.sh'
[10.072s] Level 1:colcon.colcon_core.environment:checking '/home/tedee/turtlebot4_ws/install/turtlebot4_ignition_gui_plugins/bin'
[10.072s] Level 1:colcon.colcon_core.environment:checking '/home/tedee/turtlebot4_ws/install/turtlebot4_ignition_gui_plugins/lib/pkgconfig/turtlebot4_ignition_gui_plugins.pc'
[10.072s] Level 1:colcon.colcon_core.environment:checking '/home/tedee/turtlebot4_ws/install/turtlebot4_ignition_gui_plugins/lib/python3.10/site-packages'
[10.072s] Level 1:colcon.colcon_core.environment:checking '/home/tedee/turtlebot4_ws/install/turtlebot4_ignition_gui_plugins/bin'
[10.072s] INFO:colcon.colcon_core.shell:Creating package script '/home/tedee/turtlebot4_ws/install/turtlebot4_ignition_gui_plugins/share/turtlebot4_ignition_gui_plugins/package.ps1'
[10.073s] INFO:colcon.colcon_core.shell:Creating package descriptor '/home/tedee/turtlebot4_ws/install/turtlebot4_ignition_gui_plugins/share/turtlebot4_ignition_gui_plugins/package.dsv'
[10.073s] INFO:colcon.colcon_core.shell:Creating package script '/home/tedee/turtlebot4_ws/install/turtlebot4_ignition_gui_plugins/share/turtlebot4_ignition_gui_plugins/package.sh'
[10.073s] INFO:colcon.colcon_core.shell:Creating package script '/home/tedee/turtlebot4_ws/install/turtlebot4_ignition_gui_plugins/share/turtlebot4_ignition_gui_plugins/package.bash'
[10.073s] INFO:colcon.colcon_core.shell:Creating package script '/home/tedee/turtlebot4_ws/install/turtlebot4_ignition_gui_plugins/share/turtlebot4_ignition_gui_plugins/package.zsh'
[10.073s] Level 1:colcon.colcon_core.environment:create_file_with_runtime_dependencies(/home/tedee/turtlebot4_ws/install/turtlebot4_ignition_gui_plugins/share/colcon-core/packages/turtlebot4_ignition_gui_plugins)
[13.240s] DEBUG:colcon.colcon_core.event_handler.log_command:Invoked command in '/home/tedee/turtlebot4_ws/build/turtlebot4_ignition_toolbox' returned '0': CMAKE_PREFIX_PATH=${CMAKE_PREFIX_PATH}:/home/tedee/ros2_ws/install/webots_ros2:/home/tedee/ros2_ws/install/webots_ros2_universal_robot:/home/tedee/ros2_ws/install/webots_ros2_turtlebot:/home/tedee/ros2_ws/install/webots_ros2_tiago:/home/tedee/ros2_ws/install/webots_ros2_tests:/home/tedee/ros2_ws/install/webots_ros2_tesla:/home/tedee/ros2_ws/install/webots_ros2_mavic:/home/tedee/ros2_ws/install/webots_ros2_husarion:/home/tedee/ros2_ws/install/webots_ros2_epuck:/home/tedee/ros2_ws/install/webots_ros2_crazyflie:/home/tedee/ros2_ws/install/my_robot_controller:/home/tedee/ros2_ws/install/webots_ros2_importer:/home/tedee/ros2_ws/install/webots_robot:/home/tedee/ros2_ws/install/webots_extern:/home/tedee/ros2_ws/install/py_pubsub:/home/tedee/ros2_ws/install/dijkstra_planner:/home/tedee/ros2_ws/install/aruco:/opt/ros/humble /usr/bin/cmake --build /home/tedee/turtlebot4_ws/build/turtlebot4_ignition_toolbox -- -j20 -l20
[13.241s] DEBUG:colcon.colcon_core.event_handler.log_command:Invoking command in '/home/tedee/turtlebot4_ws/build/turtlebot4_ignition_toolbox': CMAKE_PREFIX_PATH=${CMAKE_PREFIX_PATH}:/home/tedee/ros2_ws/install/webots_ros2:/home/tedee/ros2_ws/install/webots_ros2_universal_robot:/home/tedee/ros2_ws/install/webots_ros2_turtlebot:/home/tedee/ros2_ws/install/webots_ros2_tiago:/home/tedee/ros2_ws/install/webots_ros2_tests:/home/tedee/ros2_ws/install/webots_ros2_tesla:/home/tedee/ros2_ws/install/webots_ros2_mavic:/home/tedee/ros2_ws/install/webots_ros2_husarion:/home/tedee/ros2_ws/install/webots_ros2_epuck:/home/tedee/ros2_ws/install/webots_ros2_crazyflie:/home/tedee/ros2_ws/install/my_robot_controller:/home/tedee/ros2_ws/install/webots_ros2_importer:/home/tedee/ros2_ws/install/webots_robot:/home/tedee/ros2_ws/install/webots_extern:/home/tedee/ros2_ws/install/py_pubsub:/home/tedee/ros2_ws/install/dijkstra_planner:/home/tedee/ros2_ws/install/aruco:/opt/ros/humble /usr/bin/cmake --install /home/tedee/turtlebot4_ws/build/turtlebot4_ignition_toolbox
[13.358s] Level 1:colcon.colcon_core.environment:create_environment_scripts_only(turtlebot4_ignition_toolbox)
[13.358s] Level 1:colcon.colcon_core.environment:checking '/home/tedee/turtlebot4_ws/install/turtlebot4_ignition_toolbox' for CMake module files
[13.358s] DEBUG:colcon.colcon_core.event_handler.log_command:Invoked command in '/home/tedee/turtlebot4_ws/build/turtlebot4_ignition_toolbox' returned '0': CMAKE_PREFIX_PATH=${CMAKE_PREFIX_PATH}:/home/tedee/ros2_ws/install/webots_ros2:/home/tedee/ros2_ws/install/webots_ros2_universal_robot:/home/tedee/ros2_ws/install/webots_ros2_turtlebot:/home/tedee/ros2_ws/install/webots_ros2_tiago:/home/tedee/ros2_ws/install/webots_ros2_tests:/home/tedee/ros2_ws/install/webots_ros2_tesla:/home/tedee/ros2_ws/install/webots_ros2_mavic:/home/tedee/ros2_ws/install/webots_ros2_husarion:/home/tedee/ros2_ws/install/webots_ros2_epuck:/home/tedee/ros2_ws/install/webots_ros2_crazyflie:/home/tedee/ros2_ws/install/my_robot_controller:/home/tedee/ros2_ws/install/webots_ros2_importer:/home/tedee/ros2_ws/install/webots_robot:/home/tedee/ros2_ws/install/webots_extern:/home/tedee/ros2_ws/install/py_pubsub:/home/tedee/ros2_ws/install/dijkstra_planner:/home/tedee/ros2_ws/install/aruco:/opt/ros/humble /usr/bin/cmake --install /home/tedee/turtlebot4_ws/build/turtlebot4_ignition_toolbox
[13.358s] Level 1:colcon.colcon_core.environment:checking '/home/tedee/turtlebot4_ws/install/turtlebot4_ignition_toolbox' for CMake config files
[13.359s] Level 1:colcon.colcon_core.shell:create_environment_hook('turtlebot4_ignition_toolbox', 'cmake_prefix_path')
[13.359s] INFO:colcon.colcon_core.shell:Creating environment hook '/home/tedee/turtlebot4_ws/install/turtlebot4_ignition_toolbox/share/turtlebot4_ignition_toolbox/hook/cmake_prefix_path.ps1'
[13.359s] INFO:colcon.colcon_core.shell:Creating environment descriptor '/home/tedee/turtlebot4_ws/install/turtlebot4_ignition_toolbox/share/turtlebot4_ignition_toolbox/hook/cmake_prefix_path.dsv'
[13.359s] INFO:colcon.colcon_core.shell:Creating environment hook '/home/tedee/turtlebot4_ws/install/turtlebot4_ignition_toolbox/share/turtlebot4_ignition_toolbox/hook/cmake_prefix_path.sh'
[13.359s] Level 1:colcon.colcon_core.environment:checking '/home/tedee/turtlebot4_ws/install/turtlebot4_ignition_toolbox/lib'
[13.360s] Level 1:colcon.colcon_core.environment:checking '/home/tedee/turtlebot4_ws/install/turtlebot4_ignition_toolbox/bin'
[13.360s] Level 1:colcon.colcon_core.environment:checking '/home/tedee/turtlebot4_ws/install/turtlebot4_ignition_toolbox/lib/pkgconfig/turtlebot4_ignition_toolbox.pc'
[13.360s] Level 1:colcon.colcon_core.environment:checking '/home/tedee/turtlebot4_ws/install/turtlebot4_ignition_toolbox/lib/python3.10/site-packages'
[13.360s] Level 1:colcon.colcon_core.environment:checking '/home/tedee/turtlebot4_ws/install/turtlebot4_ignition_toolbox/bin'
[13.360s] INFO:colcon.colcon_core.shell:Creating package script '/home/tedee/turtlebot4_ws/install/turtlebot4_ignition_toolbox/share/turtlebot4_ignition_toolbox/package.ps1'
[13.360s] INFO:colcon.colcon_core.shell:Creating package descriptor '/home/tedee/turtlebot4_ws/install/turtlebot4_ignition_toolbox/share/turtlebot4_ignition_toolbox/package.dsv'
[13.360s] INFO:colcon.colcon_core.shell:Creating package script '/home/tedee/turtlebot4_ws/install/turtlebot4_ignition_toolbox/share/turtlebot4_ignition_toolbox/package.sh'
[13.361s] INFO:colcon.colcon_core.shell:Creating package script '/home/tedee/turtlebot4_ws/install/turtlebot4_ignition_toolbox/share/turtlebot4_ignition_toolbox/package.bash'
[13.361s] INFO:colcon.colcon_core.shell:Creating package script '/home/tedee/turtlebot4_ws/install/turtlebot4_ignition_toolbox/share/turtlebot4_ignition_toolbox/package.zsh'
[13.361s] Level 1:colcon.colcon_core.environment:create_file_with_runtime_dependencies(/home/tedee/turtlebot4_ws/install/turtlebot4_ignition_toolbox/share/colcon-core/packages/turtlebot4_ignition_toolbox)
[13.361s] Level 1:colcon.colcon_core.environment:create_environment_scripts_only(turtlebot4_ignition_toolbox)
[13.361s] Level 1:colcon.colcon_core.environment:checking '/home/tedee/turtlebot4_ws/install/turtlebot4_ignition_toolbox' for CMake module files
[13.361s] Level 1:colcon.colcon_core.environment:checking '/home/tedee/turtlebot4_ws/install/turtlebot4_ignition_toolbox' for CMake config files
[13.362s] Level 1:colcon.colcon_core.shell:create_environment_hook('turtlebot4_ignition_toolbox', 'cmake_prefix_path')
[13.362s] INFO:colcon.colcon_core.shell:Creating environment hook '/home/tedee/turtlebot4_ws/install/turtlebot4_ignition_toolbox/share/turtlebot4_ignition_toolbox/hook/cmake_prefix_path.ps1'
[13.362s] INFO:colcon.colcon_core.shell:Creating environment descriptor '/home/tedee/turtlebot4_ws/install/turtlebot4_ignition_toolbox/share/turtlebot4_ignition_toolbox/hook/cmake_prefix_path.dsv'
[13.362s] INFO:colcon.colcon_core.shell:Creating environment hook '/home/tedee/turtlebot4_ws/install/turtlebot4_ignition_toolbox/share/turtlebot4_ignition_toolbox/hook/cmake_prefix_path.sh'
[13.362s] Level 1:colcon.colcon_core.environment:checking '/home/tedee/turtlebot4_ws/install/turtlebot4_ignition_toolbox/lib'
[13.362s] Level 1:colcon.colcon_core.environment:checking '/home/tedee/turtlebot4_ws/install/turtlebot4_ignition_toolbox/bin'
[13.362s] Level 1:colcon.colcon_core.environment:checking '/home/tedee/turtlebot4_ws/install/turtlebot4_ignition_toolbox/lib/pkgconfig/turtlebot4_ignition_toolbox.pc'
[13.363s] Level 1:colcon.colcon_core.environment:checking '/home/tedee/turtlebot4_ws/install/turtlebot4_ignition_toolbox/lib/python3.10/site-packages'
[13.363s] Level 1:colcon.colcon_core.environment:checking '/home/tedee/turtlebot4_ws/install/turtlebot4_ignition_toolbox/bin'
[13.363s] INFO:colcon.colcon_core.shell:Creating package script '/home/tedee/turtlebot4_ws/install/turtlebot4_ignition_toolbox/share/turtlebot4_ignition_toolbox/package.ps1'
[13.363s] INFO:colcon.colcon_core.shell:Creating package descriptor '/home/tedee/turtlebot4_ws/install/turtlebot4_ignition_toolbox/share/turtlebot4_ignition_toolbox/package.dsv'
[13.363s] INFO:colcon.colcon_core.shell:Creating package script '/home/tedee/turtlebot4_ws/install/turtlebot4_ignition_toolbox/share/turtlebot4_ignition_toolbox/package.sh'
[13.363s] INFO:colcon.colcon_core.shell:Creating package script '/home/tedee/turtlebot4_ws/install/turtlebot4_ignition_toolbox/share/turtlebot4_ignition_toolbox/package.bash'
[13.364s] INFO:colcon.colcon_core.shell:Creating package script '/home/tedee/turtlebot4_ws/install/turtlebot4_ignition_toolbox/share/turtlebot4_ignition_toolbox/package.zsh'
[13.364s] Level 1:colcon.colcon_core.environment:create_file_with_runtime_dependencies(/home/tedee/turtlebot4_ws/install/turtlebot4_ignition_toolbox/share/colcon-core/packages/turtlebot4_ignition_toolbox)
[13.364s] INFO:colcon.colcon_ros.task.ament_cmake.build:Building ROS package in '/home/tedee/turtlebot4_ws/src/turtlebot4_simulator/turtlebot4_ignition_bringup' with build type 'ament_cmake'
[13.364s] INFO:colcon.colcon_cmake.task.cmake.build:Building CMake package in '/home/tedee/turtlebot4_ws/src/turtlebot4_simulator/turtlebot4_ignition_bringup'
[13.364s] INFO:colcon.colcon_core.shell:Skip shell extension 'powershell' for command environment: Not usable outside of PowerShell
[13.364s] DEBUG:colcon.colcon_core.shell:Skip shell extension 'dsv' for command environment
[13.370s] DEBUG:colcon.colcon_core.event_handler.log_command:Invoking command in '/home/tedee/turtlebot4_ws/build/turtlebot4_ignition_bringup': AMENT_PREFIX_PATH=/home/tedee/turtlebot4_ws/install/turtlebot4_ignition_toolbox:/home/tedee/turtlebot4_ws/install/turtlebot4_ignition_gui_plugins:${AMENT_PREFIX_PATH} CMAKE_PREFIX_PATH=/home/tedee/turtlebot4_ws/install/turtlebot4_ignition_toolbox:/home/tedee/turtlebot4_ws/install/turtlebot4_ignition_gui_plugins:/home/tedee/ros2_ws/install/webots_ros2_control:/home/tedee/ros2_ws/install/webots_ros2_driver:/home/tedee/ros2_ws/install/webots_ros2_msgs:/home/tedee/ros2_ws/install/webots_ros2:/home/tedee/ros2_ws/install/webots_ros2_universal_robot:/home/tedee/ros2_ws/install/webots_ros2_turtlebot:/home/tedee/ros2_ws/install/webots_ros2_tiago:/home/tedee/ros2_ws/install/webots_ros2_tests:/home/tedee/ros2_ws/install/webots_ros2_tesla:/home/tedee/ros2_ws/install/webots_ros2_mavic:/home/tedee/ros2_ws/install/webots_ros2_husarion:/home/tedee/ros2_ws/install/webots_ros2_epuck:/home/tedee/ros2_ws/install/webots_ros2_crazyflie:/home/tedee/ros2_ws/install/my_robot_controller:/home/tedee/ros2_ws/install/webots_ros2_importer:/home/tedee/ros2_ws/install/webots_robot:/home/tedee/ros2_ws/install/webots_extern:/home/tedee/ros2_ws/install/py_pubsub:/home/tedee/ros2_ws/install/dijkstra_planner:/home/tedee/ros2_ws/install/aruco:/opt/ros/humble /usr/bin/cmake /home/tedee/turtlebot4_ws/src/turtlebot4_simulator/turtlebot4_ignition_bringup -DAMENT_CMAKE_SYMLINK_INSTALL=1 -DCMAKE_INSTALL_PREFIX=/home/tedee/turtlebot4_ws/install/turtlebot4_ignition_bringup
[13.960s] DEBUG:colcon.colcon_core.event_handler.log_command:Invoked command in '/home/tedee/turtlebot4_ws/build/turtlebot4_ignition_bringup' returned '0': AMENT_PREFIX_PATH=/home/tedee/turtlebot4_ws/install/turtlebot4_ignition_toolbox:/home/tedee/turtlebot4_ws/install/turtlebot4_ignition_gui_plugins:${AMENT_PREFIX_PATH} CMAKE_PREFIX_PATH=/home/tedee/turtlebot4_ws/install/turtlebot4_ignition_toolbox:/home/tedee/turtlebot4_ws/install/turtlebot4_ignition_gui_plugins:/home/tedee/ros2_ws/install/webots_ros2_control:/home/tedee/ros2_ws/install/webots_ros2_driver:/home/tedee/ros2_ws/install/webots_ros2_msgs:/home/tedee/ros2_ws/install/webots_ros2:/home/tedee/ros2_ws/install/webots_ros2_universal_robot:/home/tedee/ros2_ws/install/webots_ros2_turtlebot:/home/tedee/ros2_ws/install/webots_ros2_tiago:/home/tedee/ros2_ws/install/webots_ros2_tests:/home/tedee/ros2_ws/install/webots_ros2_tesla:/home/tedee/ros2_ws/install/webots_ros2_mavic:/home/tedee/ros2_ws/install/webots_ros2_husarion:/home/tedee/ros2_ws/install/webots_ros2_epuck:/home/tedee/ros2_ws/install/webots_ros2_crazyflie:/home/tedee/ros2_ws/install/my_robot_controller:/home/tedee/ros2_ws/install/webots_ros2_importer:/home/tedee/ros2_ws/install/webots_robot:/home/tedee/ros2_ws/install/webots_extern:/home/tedee/ros2_ws/install/py_pubsub:/home/tedee/ros2_ws/install/dijkstra_planner:/home/tedee/ros2_ws/install/aruco:/opt/ros/humble /usr/bin/cmake /home/tedee/turtlebot4_ws/src/turtlebot4_simulator/turtlebot4_ignition_bringup -DAMENT_CMAKE_SYMLINK_INSTALL=1 -DCMAKE_INSTALL_PREFIX=/home/tedee/turtlebot4_ws/install/turtlebot4_ignition_bringup
[13.960s] DEBUG:colcon.colcon_core.event_handler.log_command:Invoking command in '/home/tedee/turtlebot4_ws/build/turtlebot4_ignition_bringup': AMENT_PREFIX_PATH=/home/tedee/turtlebot4_ws/install/turtlebot4_ignition_toolbox:/home/tedee/turtlebot4_ws/install/turtlebot4_ignition_gui_plugins:${AMENT_PREFIX_PATH} CMAKE_PREFIX_PATH=/home/tedee/turtlebot4_ws/install/turtlebot4_ignition_toolbox:/home/tedee/turtlebot4_ws/install/turtlebot4_ignition_gui_plugins:/home/tedee/ros2_ws/install/webots_ros2_control:/home/tedee/ros2_ws/install/webots_ros2_driver:/home/tedee/ros2_ws/install/webots_ros2_msgs:/home/tedee/ros2_ws/install/webots_ros2:/home/tedee/ros2_ws/install/webots_ros2_universal_robot:/home/tedee/ros2_ws/install/webots_ros2_turtlebot:/home/tedee/ros2_ws/install/webots_ros2_tiago:/home/tedee/ros2_ws/install/webots_ros2_tests:/home/tedee/ros2_ws/install/webots_ros2_tesla:/home/tedee/ros2_ws/install/webots_ros2_mavic:/home/tedee/ros2_ws/install/webots_ros2_husarion:/home/tedee/ros2_ws/install/webots_ros2_epuck:/home/tedee/ros2_ws/install/webots_ros2_crazyflie:/home/tedee/ros2_ws/install/my_robot_controller:/home/tedee/ros2_ws/install/webots_ros2_importer:/home/tedee/ros2_ws/install/webots_robot:/home/tedee/ros2_ws/install/webots_extern:/home/tedee/ros2_ws/install/py_pubsub:/home/tedee/ros2_ws/install/dijkstra_planner:/home/tedee/ros2_ws/install/aruco:/opt/ros/humble /usr/bin/cmake --build /home/tedee/turtlebot4_ws/build/turtlebot4_ignition_bringup -- -j20 -l20
[13.987s] DEBUG:colcon.colcon_core.event_handler.log_command:Invoked command in '/home/tedee/turtlebot4_ws/build/turtlebot4_ignition_bringup' returned '0': AMENT_PREFIX_PATH=/home/tedee/turtlebot4_ws/install/turtlebot4_ignition_toolbox:/home/tedee/turtlebot4_ws/install/turtlebot4_ignition_gui_plugins:${AMENT_PREFIX_PATH} CMAKE_PREFIX_PATH=/home/tedee/turtlebot4_ws/install/turtlebot4_ignition_toolbox:/home/tedee/turtlebot4_ws/install/turtlebot4_ignition_gui_plugins:/home/tedee/ros2_ws/install/webots_ros2_control:/home/tedee/ros2_ws/install/webots_ros2_driver:/home/tedee/ros2_ws/install/webots_ros2_msgs:/home/tedee/ros2_ws/install/webots_ros2:/home/tedee/ros2_ws/install/webots_ros2_universal_robot:/home/tedee/ros2_ws/install/webots_ros2_turtlebot:/home/tedee/ros2_ws/install/webots_ros2_tiago:/home/tedee/ros2_ws/install/webots_ros2_tests:/home/tedee/ros2_ws/install/webots_ros2_tesla:/home/tedee/ros2_ws/install/webots_ros2_mavic:/home/tedee/ros2_ws/install/webots_ros2_husarion:/home/tedee/ros2_ws/install/webots_ros2_epuck:/home/tedee/ros2_ws/install/webots_ros2_crazyflie:/home/tedee/ros2_ws/install/my_robot_controller:/home/tedee/ros2_ws/install/webots_ros2_importer:/home/tedee/ros2_ws/install/webots_robot:/home/tedee/ros2_ws/install/webots_extern:/home/tedee/ros2_ws/install/py_pubsub:/home/tedee/ros2_ws/install/dijkstra_planner:/home/tedee/ros2_ws/install/aruco:/opt/ros/humble /usr/bin/cmake --build /home/tedee/turtlebot4_ws/build/turtlebot4_ignition_bringup -- -j20 -l20
[13.988s] DEBUG:colcon.colcon_core.event_handler.log_command:Invoking command in '/home/tedee/turtlebot4_ws/build/turtlebot4_ignition_bringup': AMENT_PREFIX_PATH=/home/tedee/turtlebot4_ws/install/turtlebot4_ignition_toolbox:/home/tedee/turtlebot4_ws/install/turtlebot4_ignition_gui_plugins:${AMENT_PREFIX_PATH} CMAKE_PREFIX_PATH=/home/tedee/turtlebot4_ws/install/turtlebot4_ignition_toolbox:/home/tedee/turtlebot4_ws/install/turtlebot4_ignition_gui_plugins:/home/tedee/ros2_ws/install/webots_ros2_control:/home/tedee/ros2_ws/install/webots_ros2_driver:/home/tedee/ros2_ws/install/webots_ros2_msgs:/home/tedee/ros2_ws/install/webots_ros2:/home/tedee/ros2_ws/install/webots_ros2_universal_robot:/home/tedee/ros2_ws/install/webots_ros2_turtlebot:/home/tedee/ros2_ws/install/webots_ros2_tiago:/home/tedee/ros2_ws/install/webots_ros2_tests:/home/tedee/ros2_ws/install/webots_ros2_tesla:/home/tedee/ros2_ws/install/webots_ros2_mavic:/home/tedee/ros2_ws/install/webots_ros2_husarion:/home/tedee/ros2_ws/install/webots_ros2_epuck:/home/tedee/ros2_ws/install/webots_ros2_crazyflie:/home/tedee/ros2_ws/install/my_robot_controller:/home/tedee/ros2_ws/install/webots_ros2_importer:/home/tedee/ros2_ws/install/webots_robot:/home/tedee/ros2_ws/install/webots_extern:/home/tedee/ros2_ws/install/py_pubsub:/home/tedee/ros2_ws/install/dijkstra_planner:/home/tedee/ros2_ws/install/aruco:/opt/ros/humble /usr/bin/cmake --install /home/tedee/turtlebot4_ws/build/turtlebot4_ignition_bringup
[14.159s] Level 1:colcon.colcon_core.environment:create_environment_scripts_only(turtlebot4_ignition_bringup)
[14.159s] Level 1:colcon.colcon_core.environment:checking '/home/tedee/turtlebot4_ws/install/turtlebot4_ignition_bringup' for CMake module files
[14.159s] DEBUG:colcon.colcon_core.event_handler.log_command:Invoked command in '/home/tedee/turtlebot4_ws/build/turtlebot4_ignition_bringup' returned '0': AMENT_PREFIX_PATH=/home/tedee/turtlebot4_ws/install/turtlebot4_ignition_toolbox:/home/tedee/turtlebot4_ws/install/turtlebot4_ignition_gui_plugins:${AMENT_PREFIX_PATH} CMAKE_PREFIX_PATH=/home/tedee/turtlebot4_ws/install/turtlebot4_ignition_toolbox:/home/tedee/turtlebot4_ws/install/turtlebot4_ignition_gui_plugins:/home/tedee/ros2_ws/install/webots_ros2_control:/home/tedee/ros2_ws/install/webots_ros2_driver:/home/tedee/ros2_ws/install/webots_ros2_msgs:/home/tedee/ros2_ws/install/webots_ros2:/home/tedee/ros2_ws/install/webots_ros2_universal_robot:/home/tedee/ros2_ws/install/webots_ros2_turtlebot:/home/tedee/ros2_ws/install/webots_ros2_tiago:/home/tedee/ros2_ws/install/webots_ros2_tests:/home/tedee/ros2_ws/install/webots_ros2_tesla:/home/tedee/ros2_ws/install/webots_ros2_mavic:/home/tedee/ros2_ws/install/webots_ros2_husarion:/home/tedee/ros2_ws/install/webots_ros2_epuck:/home/tedee/ros2_ws/install/webots_ros2_crazyflie:/home/tedee/ros2_ws/install/my_robot_controller:/home/tedee/ros2_ws/install/webots_ros2_importer:/home/tedee/ros2_ws/install/webots_robot:/home/tedee/ros2_ws/install/webots_extern:/home/tedee/ros2_ws/install/py_pubsub:/home/tedee/ros2_ws/install/dijkstra_planner:/home/tedee/ros2_ws/install/aruco:/opt/ros/humble /usr/bin/cmake --install /home/tedee/turtlebot4_ws/build/turtlebot4_ignition_bringup
[14.159s] Level 1:colcon.colcon_core.environment:checking '/home/tedee/turtlebot4_ws/install/turtlebot4_ignition_bringup' for CMake config files
[14.160s] Level 1:colcon.colcon_core.shell:create_environment_hook('turtlebot4_ignition_bringup', 'cmake_prefix_path')
[14.160s] INFO:colcon.colcon_core.shell:Creating environment hook '/home/tedee/turtlebot4_ws/install/turtlebot4_ignition_bringup/share/turtlebot4_ignition_bringup/hook/cmake_prefix_path.ps1'
[14.160s] INFO:colcon.colcon_core.shell:Creating environment descriptor '/home/tedee/turtlebot4_ws/install/turtlebot4_ignition_bringup/share/turtlebot4_ignition_bringup/hook/cmake_prefix_path.dsv'
[14.160s] INFO:colcon.colcon_core.shell:Creating environment hook '/home/tedee/turtlebot4_ws/install/turtlebot4_ignition_bringup/share/turtlebot4_ignition_bringup/hook/cmake_prefix_path.sh'
[14.160s] Level 1:colcon.colcon_core.environment:checking '/home/tedee/turtlebot4_ws/install/turtlebot4_ignition_bringup/bin'
[14.161s] Level 1:colcon.colcon_core.environment:checking '/home/tedee/turtlebot4_ws/install/turtlebot4_ignition_bringup/lib/pkgconfig/turtlebot4_ignition_bringup.pc'
[14.161s] Level 1:colcon.colcon_core.environment:checking '/home/tedee/turtlebot4_ws/install/turtlebot4_ignition_bringup/lib/python3.10/site-packages'
[14.161s] Level 1:colcon.colcon_core.environment:checking '/home/tedee/turtlebot4_ws/install/turtlebot4_ignition_bringup/bin'
[14.161s] INFO:colcon.colcon_core.shell:Creating package script '/home/tedee/turtlebot4_ws/install/turtlebot4_ignition_bringup/share/turtlebot4_ignition_bringup/package.ps1'
[14.161s] INFO:colcon.colcon_core.shell:Creating package descriptor '/home/tedee/turtlebot4_ws/install/turtlebot4_ignition_bringup/share/turtlebot4_ignition_bringup/package.dsv'
[14.161s] INFO:colcon.colcon_core.shell:Creating package script '/home/tedee/turtlebot4_ws/install/turtlebot4_ignition_bringup/share/turtlebot4_ignition_bringup/package.sh'
[14.162s] INFO:colcon.colcon_core.shell:Creating package script '/home/tedee/turtlebot4_ws/install/turtlebot4_ignition_bringup/share/turtlebot4_ignition_bringup/package.bash'
[14.162s] INFO:colcon.colcon_core.shell:Creating package script '/home/tedee/turtlebot4_ws/install/turtlebot4_ignition_bringup/share/turtlebot4_ignition_bringup/package.zsh'
[14.162s] Level 1:colcon.colcon_core.environment:create_file_with_runtime_dependencies(/home/tedee/turtlebot4_ws/install/turtlebot4_ignition_bringup/share/colcon-core/packages/turtlebot4_ignition_bringup)
[14.162s] Level 1:colcon.colcon_core.environment:create_environment_scripts_only(turtlebot4_ignition_bringup)
[14.162s] Level 1:colcon.colcon_core.environment:checking '/home/tedee/turtlebot4_ws/install/turtlebot4_ignition_bringup' for CMake module files
[14.163s] Level 1:colcon.colcon_core.environment:checking '/home/tedee/turtlebot4_ws/install/turtlebot4_ignition_bringup' for CMake config files
[14.163s] Level 1:colcon.colcon_core.shell:create_environment_hook('turtlebot4_ignition_bringup', 'cmake_prefix_path')
[14.163s] INFO:colcon.colcon_core.shell:Creating environment hook '/home/tedee/turtlebot4_ws/install/turtlebot4_ignition_bringup/share/turtlebot4_ignition_bringup/hook/cmake_prefix_path.ps1'
[14.163s] INFO:colcon.colcon_core.shell:Creating environment descriptor '/home/tedee/turtlebot4_ws/install/turtlebot4_ignition_bringup/share/turtlebot4_ignition_bringup/hook/cmake_prefix_path.dsv'
[14.163s] INFO:colcon.colcon_core.shell:Creating environment hook '/home/tedee/turtlebot4_ws/install/turtlebot4_ignition_bringup/share/turtlebot4_ignition_bringup/hook/cmake_prefix_path.sh'
[14.164s] Level 1:colcon.colcon_core.environment:checking '/home/tedee/turtlebot4_ws/install/turtlebot4_ignition_bringup/bin'
[14.164s] Level 1:colcon.colcon_core.environment:checking '/home/tedee/turtlebot4_ws/install/turtlebot4_ignition_bringup/lib/pkgconfig/turtlebot4_ignition_bringup.pc'
[14.164s] Level 1:colcon.colcon_core.environment:checking '/home/tedee/turtlebot4_ws/install/turtlebot4_ignition_bringup/lib/python3.10/site-packages'
[14.164s] Level 1:colcon.colcon_core.environment:checking '/home/tedee/turtlebot4_ws/install/turtlebot4_ignition_bringup/bin'
[14.164s] INFO:colcon.colcon_core.shell:Creating package script '/home/tedee/turtlebot4_ws/install/turtlebot4_ignition_bringup/share/turtlebot4_ignition_bringup/package.ps1'
[14.164s] INFO:colcon.colcon_core.shell:Creating package descriptor '/home/tedee/turtlebot4_ws/install/turtlebot4_ignition_bringup/share/turtlebot4_ignition_bringup/package.dsv'
[14.165s] INFO:colcon.colcon_core.shell:Creating package script '/home/tedee/turtlebot4_ws/install/turtlebot4_ignition_bringup/share/turtlebot4_ignition_bringup/package.sh'
[14.165s] INFO:colcon.colcon_core.shell:Creating package script '/home/tedee/turtlebot4_ws/install/turtlebot4_ignition_bringup/share/turtlebot4_ignition_bringup/package.bash'
[14.165s] INFO:colcon.colcon_core.shell:Creating package script '/home/tedee/turtlebot4_ws/install/turtlebot4_ignition_bringup/share/turtlebot4_ignition_bringup/package.zsh'
[14.165s] Level 1:colcon.colcon_core.environment:create_file_with_runtime_dependencies(/home/tedee/turtlebot4_ws/install/turtlebot4_ignition_bringup/share/colcon-core/packages/turtlebot4_ignition_bringup)
[14.165s] INFO:colcon.colcon_ros.task.ament_cmake.build:Building ROS package in '/home/tedee/turtlebot4_ws/src/turtlebot4_simulator/turtlebot4_simulator' with build type 'ament_cmake'
[14.165s] INFO:colcon.colcon_cmake.task.cmake.build:Building CMake package in '/home/tedee/turtlebot4_ws/src/turtlebot4_simulator/turtlebot4_simulator'
[14.165s] INFO:colcon.colcon_core.shell:Skip shell extension 'powershell' for command environment: Not usable outside of PowerShell
[14.165s] DEBUG:colcon.colcon_core.shell:Skip shell extension 'dsv' for command environment
[14.172s] DEBUG:colcon.colcon_core.event_handler.log_command:Invoking command in '/home/tedee/turtlebot4_ws/build/turtlebot4_simulator': AMENT_PREFIX_PATH=/home/tedee/turtlebot4_ws/install/turtlebot4_ignition_bringup:/home/tedee/turtlebot4_ws/install/turtlebot4_ignition_toolbox:/home/tedee/turtlebot4_ws/install/turtlebot4_ignition_gui_plugins:${AMENT_PREFIX_PATH} CMAKE_PREFIX_PATH=/home/tedee/turtlebot4_ws/install/turtlebot4_ignition_bringup:/home/tedee/turtlebot4_ws/install/turtlebot4_ignition_toolbox:/home/tedee/turtlebot4_ws/install/turtlebot4_ignition_gui_plugins:/home/tedee/ros2_ws/install/webots_ros2_control:/home/tedee/ros2_ws/install/webots_ros2_driver:/home/tedee/ros2_ws/install/webots_ros2_msgs:/home/tedee/ros2_ws/install/webots_ros2:/home/tedee/ros2_ws/install/webots_ros2_universal_robot:/home/tedee/ros2_ws/install/webots_ros2_turtlebot:/home/tedee/ros2_ws/install/webots_ros2_tiago:/home/tedee/ros2_ws/install/webots_ros2_tests:/home/tedee/ros2_ws/install/webots_ros2_tesla:/home/tedee/ros2_ws/install/webots_ros2_mavic:/home/tedee/ros2_ws/install/webots_ros2_husarion:/home/tedee/ros2_ws/install/webots_ros2_epuck:/home/tedee/ros2_ws/install/webots_ros2_crazyflie:/home/tedee/ros2_ws/install/my_robot_controller:/home/tedee/ros2_ws/install/webots_ros2_importer:/home/tedee/ros2_ws/install/webots_robot:/home/tedee/ros2_ws/install/webots_extern:/home/tedee/ros2_ws/install/py_pubsub:/home/tedee/ros2_ws/install/dijkstra_planner:/home/tedee/ros2_ws/install/aruco:/opt/ros/humble /usr/bin/cmake /home/tedee/turtlebot4_ws/src/turtlebot4_simulator/turtlebot4_simulator -DAMENT_CMAKE_SYMLINK_INSTALL=1 -DCMAKE_INSTALL_PREFIX=/home/tedee/turtlebot4_ws/install/turtlebot4_simulator
[14.638s] DEBUG:colcon.colcon_core.event_handler.log_command:Invoked command in '/home/tedee/turtlebot4_ws/build/turtlebot4_simulator' returned '0': AMENT_PREFIX_PATH=/home/tedee/turtlebot4_ws/install/turtlebot4_ignition_bringup:/home/tedee/turtlebot4_ws/install/turtlebot4_ignition_toolbox:/home/tedee/turtlebot4_ws/install/turtlebot4_ignition_gui_plugins:${AMENT_PREFIX_PATH} CMAKE_PREFIX_PATH=/home/tedee/turtlebot4_ws/install/turtlebot4_ignition_bringup:/home/tedee/turtlebot4_ws/install/turtlebot4_ignition_toolbox:/home/tedee/turtlebot4_ws/install/turtlebot4_ignition_gui_plugins:/home/tedee/ros2_ws/install/webots_ros2_control:/home/tedee/ros2_ws/install/webots_ros2_driver:/home/tedee/ros2_ws/install/webots_ros2_msgs:/home/tedee/ros2_ws/install/webots_ros2:/home/tedee/ros2_ws/install/webots_ros2_universal_robot:/home/tedee/ros2_ws/install/webots_ros2_turtlebot:/home/tedee/ros2_ws/install/webots_ros2_tiago:/home/tedee/ros2_ws/install/webots_ros2_tests:/home/tedee/ros2_ws/install/webots_ros2_tesla:/home/tedee/ros2_ws/install/webots_ros2_mavic:/home/tedee/ros2_ws/install/webots_ros2_husarion:/home/tedee/ros2_ws/install/webots_ros2_epuck:/home/tedee/ros2_ws/install/webots_ros2_crazyflie:/home/tedee/ros2_ws/install/my_robot_controller:/home/tedee/ros2_ws/install/webots_ros2_importer:/home/tedee/ros2_ws/install/webots_robot:/home/tedee/ros2_ws/install/webots_extern:/home/tedee/ros2_ws/install/py_pubsub:/home/tedee/ros2_ws/install/dijkstra_planner:/home/tedee/ros2_ws/install/aruco:/opt/ros/humble /usr/bin/cmake /home/tedee/turtlebot4_ws/src/turtlebot4_simulator/turtlebot4_simulator -DAMENT_CMAKE_SYMLINK_INSTALL=1 -DCMAKE_INSTALL_PREFIX=/home/tedee/turtlebot4_ws/install/turtlebot4_simulator
[14.638s] DEBUG:colcon.colcon_core.event_handler.log_command:Invoking command in '/home/tedee/turtlebot4_ws/build/turtlebot4_simulator': AMENT_PREFIX_PATH=/home/tedee/turtlebot4_ws/install/turtlebot4_ignition_bringup:/home/tedee/turtlebot4_ws/install/turtlebot4_ignition_toolbox:/home/tedee/turtlebot4_ws/install/turtlebot4_ignition_gui_plugins:${AMENT_PREFIX_PATH} CMAKE_PREFIX_PATH=/home/tedee/turtlebot4_ws/install/turtlebot4_ignition_bringup:/home/tedee/turtlebot4_ws/install/turtlebot4_ignition_toolbox:/home/tedee/turtlebot4_ws/install/turtlebot4_ignition_gui_plugins:/home/tedee/ros2_ws/install/webots_ros2_control:/home/tedee/ros2_ws/install/webots_ros2_driver:/home/tedee/ros2_ws/install/webots_ros2_msgs:/home/tedee/ros2_ws/install/webots_ros2:/home/tedee/ros2_ws/install/webots_ros2_universal_robot:/home/tedee/ros2_ws/install/webots_ros2_turtlebot:/home/tedee/ros2_ws/install/webots_ros2_tiago:/home/tedee/ros2_ws/install/webots_ros2_tests:/home/tedee/ros2_ws/install/webots_ros2_tesla:/home/tedee/ros2_ws/install/webots_ros2_mavic:/home/tedee/ros2_ws/install/webots_ros2_husarion:/home/tedee/ros2_ws/install/webots_ros2_epuck:/home/tedee/ros2_ws/install/webots_ros2_crazyflie:/home/tedee/ros2_ws/install/my_robot_controller:/home/tedee/ros2_ws/install/webots_ros2_importer:/home/tedee/ros2_ws/install/webots_robot:/home/tedee/ros2_ws/install/webots_extern:/home/tedee/ros2_ws/install/py_pubsub:/home/tedee/ros2_ws/install/dijkstra_planner:/home/tedee/ros2_ws/install/aruco:/opt/ros/humble /usr/bin/cmake --build /home/tedee/turtlebot4_ws/build/turtlebot4_simulator -- -j20 -l20
[14.666s] DEBUG:colcon.colcon_core.event_handler.log_command:Invoked command in '/home/tedee/turtlebot4_ws/build/turtlebot4_simulator' returned '0': AMENT_PREFIX_PATH=/home/tedee/turtlebot4_ws/install/turtlebot4_ignition_bringup:/home/tedee/turtlebot4_ws/install/turtlebot4_ignition_toolbox:/home/tedee/turtlebot4_ws/install/turtlebot4_ignition_gui_plugins:${AMENT_PREFIX_PATH} CMAKE_PREFIX_PATH=/home/tedee/turtlebot4_ws/install/turtlebot4_ignition_bringup:/home/tedee/turtlebot4_ws/install/turtlebot4_ignition_toolbox:/home/tedee/turtlebot4_ws/install/turtlebot4_ignition_gui_plugins:/home/tedee/ros2_ws/install/webots_ros2_control:/home/tedee/ros2_ws/install/webots_ros2_driver:/home/tedee/ros2_ws/install/webots_ros2_msgs:/home/tedee/ros2_ws/install/webots_ros2:/home/tedee/ros2_ws/install/webots_ros2_universal_robot:/home/tedee/ros2_ws/install/webots_ros2_turtlebot:/home/tedee/ros2_ws/install/webots_ros2_tiago:/home/tedee/ros2_ws/install/webots_ros2_tests:/home/tedee/ros2_ws/install/webots_ros2_tesla:/home/tedee/ros2_ws/install/webots_ros2_mavic:/home/tedee/ros2_ws/install/webots_ros2_husarion:/home/tedee/ros2_ws/install/webots_ros2_epuck:/home/tedee/ros2_ws/install/webots_ros2_crazyflie:/home/tedee/ros2_ws/install/my_robot_controller:/home/tedee/ros2_ws/install/webots_ros2_importer:/home/tedee/ros2_ws/install/webots_robot:/home/tedee/ros2_ws/install/webots_extern:/home/tedee/ros2_ws/install/py_pubsub:/home/tedee/ros2_ws/install/dijkstra_planner:/home/tedee/ros2_ws/install/aruco:/opt/ros/humble /usr/bin/cmake --build /home/tedee/turtlebot4_ws/build/turtlebot4_simulator -- -j20 -l20
[14.667s] DEBUG:colcon.colcon_core.event_handler.log_command:Invoking command in '/home/tedee/turtlebot4_ws/build/turtlebot4_simulator': AMENT_PREFIX_PATH=/home/tedee/turtlebot4_ws/install/turtlebot4_ignition_bringup:/home/tedee/turtlebot4_ws/install/turtlebot4_ignition_toolbox:/home/tedee/turtlebot4_ws/install/turtlebot4_ignition_gui_plugins:${AMENT_PREFIX_PATH} CMAKE_PREFIX_PATH=/home/tedee/turtlebot4_ws/install/turtlebot4_ignition_bringup:/home/tedee/turtlebot4_ws/install/turtlebot4_ignition_toolbox:/home/tedee/turtlebot4_ws/install/turtlebot4_ignition_gui_plugins:/home/tedee/ros2_ws/install/webots_ros2_control:/home/tedee/ros2_ws/install/webots_ros2_driver:/home/tedee/ros2_ws/install/webots_ros2_msgs:/home/tedee/ros2_ws/install/webots_ros2:/home/tedee/ros2_ws/install/webots_ros2_universal_robot:/home/tedee/ros2_ws/install/webots_ros2_turtlebot:/home/tedee/ros2_ws/install/webots_ros2_tiago:/home/tedee/ros2_ws/install/webots_ros2_tests:/home/tedee/ros2_ws/install/webots_ros2_tesla:/home/tedee/ros2_ws/install/webots_ros2_mavic:/home/tedee/ros2_ws/install/webots_ros2_husarion:/home/tedee/ros2_ws/install/webots_ros2_epuck:/home/tedee/ros2_ws/install/webots_ros2_crazyflie:/home/tedee/ros2_ws/install/my_robot_controller:/home/tedee/ros2_ws/install/webots_ros2_importer:/home/tedee/ros2_ws/install/webots_robot:/home/tedee/ros2_ws/install/webots_extern:/home/tedee/ros2_ws/install/py_pubsub:/home/tedee/ros2_ws/install/dijkstra_planner:/home/tedee/ros2_ws/install/aruco:/opt/ros/humble /usr/bin/cmake --install /home/tedee/turtlebot4_ws/build/turtlebot4_simulator
[14.778s] Level 1:colcon.colcon_core.environment:create_environment_scripts_only(turtlebot4_simulator)
[14.778s] Level 1:colcon.colcon_core.environment:checking '/home/tedee/turtlebot4_ws/install/turtlebot4_simulator' for CMake module files
[14.779s] DEBUG:colcon.colcon_core.event_handler.log_command:Invoked command in '/home/tedee/turtlebot4_ws/build/turtlebot4_simulator' returned '0': AMENT_PREFIX_PATH=/home/tedee/turtlebot4_ws/install/turtlebot4_ignition_bringup:/home/tedee/turtlebot4_ws/install/turtlebot4_ignition_toolbox:/home/tedee/turtlebot4_ws/install/turtlebot4_ignition_gui_plugins:${AMENT_PREFIX_PATH} CMAKE_PREFIX_PATH=/home/tedee/turtlebot4_ws/install/turtlebot4_ignition_bringup:/home/tedee/turtlebot4_ws/install/turtlebot4_ignition_toolbox:/home/tedee/turtlebot4_ws/install/turtlebot4_ignition_gui_plugins:/home/tedee/ros2_ws/install/webots_ros2_control:/home/tedee/ros2_ws/install/webots_ros2_driver:/home/tedee/ros2_ws/install/webots_ros2_msgs:/home/tedee/ros2_ws/install/webots_ros2:/home/tedee/ros2_ws/install/webots_ros2_universal_robot:/home/tedee/ros2_ws/install/webots_ros2_turtlebot:/home/tedee/ros2_ws/install/webots_ros2_tiago:/home/tedee/ros2_ws/install/webots_ros2_tests:/home/tedee/ros2_ws/install/webots_ros2_tesla:/home/tedee/ros2_ws/install/webots_ros2_mavic:/home/tedee/ros2_ws/install/webots_ros2_husarion:/home/tedee/ros2_ws/install/webots_ros2_epuck:/home/tedee/ros2_ws/install/webots_ros2_crazyflie:/home/tedee/ros2_ws/install/my_robot_controller:/home/tedee/ros2_ws/install/webots_ros2_importer:/home/tedee/ros2_ws/install/webots_robot:/home/tedee/ros2_ws/install/webots_extern:/home/tedee/ros2_ws/install/py_pubsub:/home/tedee/ros2_ws/install/dijkstra_planner:/home/tedee/ros2_ws/install/aruco:/opt/ros/humble /usr/bin/cmake --install /home/tedee/turtlebot4_ws/build/turtlebot4_simulator
[14.779s] Level 1:colcon.colcon_core.environment:checking '/home/tedee/turtlebot4_ws/install/turtlebot4_simulator' for CMake config files
[14.779s] Level 1:colcon.colcon_core.shell:create_environment_hook('turtlebot4_simulator', 'cmake_prefix_path')
[14.779s] INFO:colcon.colcon_core.shell:Creating environment hook '/home/tedee/turtlebot4_ws/install/turtlebot4_simulator/share/turtlebot4_simulator/hook/cmake_prefix_path.ps1'
[14.779s] INFO:colcon.colcon_core.shell:Creating environment descriptor '/home/tedee/turtlebot4_ws/install/turtlebot4_simulator/share/turtlebot4_simulator/hook/cmake_prefix_path.dsv'
[14.779s] INFO:colcon.colcon_core.shell:Creating environment hook '/home/tedee/turtlebot4_ws/install/turtlebot4_simulator/share/turtlebot4_simulator/hook/cmake_prefix_path.sh'
[14.780s] Level 1:colcon.colcon_core.environment:checking '/home/tedee/turtlebot4_ws/install/turtlebot4_simulator/bin'
[14.780s] Level 1:colcon.colcon_core.environment:checking '/home/tedee/turtlebot4_ws/install/turtlebot4_simulator/lib/pkgconfig/turtlebot4_simulator.pc'
[14.780s] Level 1:colcon.colcon_core.environment:checking '/home/tedee/turtlebot4_ws/install/turtlebot4_simulator/lib/python3.10/site-packages'
[14.780s] Level 1:colcon.colcon_core.environment:checking '/home/tedee/turtlebot4_ws/install/turtlebot4_simulator/bin'
[14.780s] INFO:colcon.colcon_core.shell:Creating package script '/home/tedee/turtlebot4_ws/install/turtlebot4_simulator/share/turtlebot4_simulator/package.ps1'
[14.780s] INFO:colcon.colcon_core.shell:Creating package descriptor '/home/tedee/turtlebot4_ws/install/turtlebot4_simulator/share/turtlebot4_simulator/package.dsv'
[14.781s] INFO:colcon.colcon_core.shell:Creating package script '/home/tedee/turtlebot4_ws/install/turtlebot4_simulator/share/turtlebot4_simulator/package.sh'
[14.781s] INFO:colcon.colcon_core.shell:Creating package script '/home/tedee/turtlebot4_ws/install/turtlebot4_simulator/share/turtlebot4_simulator/package.bash'
[14.781s] INFO:colcon.colcon_core.shell:Creating package script '/home/tedee/turtlebot4_ws/install/turtlebot4_simulator/share/turtlebot4_simulator/package.zsh'
[14.781s] Level 1:colcon.colcon_core.environment:create_file_with_runtime_dependencies(/home/tedee/turtlebot4_ws/install/turtlebot4_simulator/share/colcon-core/packages/turtlebot4_simulator)
[14.781s] Level 1:colcon.colcon_core.environment:create_environment_scripts_only(turtlebot4_simulator)
[14.781s] Level 1:colcon.colcon_core.environment:checking '/home/tedee/turtlebot4_ws/install/turtlebot4_simulator' for CMake module files
[14.782s] Level 1:colcon.colcon_core.environment:checking '/home/tedee/turtlebot4_ws/install/turtlebot4_simulator' for CMake config files
[14.782s] Level 1:colcon.colcon_core.shell:create_environment_hook('turtlebot4_simulator', 'cmake_prefix_path')
[14.782s] INFO:colcon.colcon_core.shell:Creating environment hook '/home/tedee/turtlebot4_ws/install/turtlebot4_simulator/share/turtlebot4_simulator/hook/cmake_prefix_path.ps1'
[14.782s] INFO:colcon.colcon_core.shell:Creating environment descriptor '/home/tedee/turtlebot4_ws/install/turtlebot4_simulator/share/turtlebot4_simulator/hook/cmake_prefix_path.dsv'
[14.782s] INFO:colcon.colcon_core.shell:Creating environment hook '/home/tedee/turtlebot4_ws/install/turtlebot4_simulator/share/turtlebot4_simulator/hook/cmake_prefix_path.sh'
[14.783s] Level 1:colcon.colcon_core.environment:checking '/home/tedee/turtlebot4_ws/install/turtlebot4_simulator/bin'
[14.783s] Level 1:colcon.colcon_core.environment:checking '/home/tedee/turtlebot4_ws/install/turtlebot4_simulator/lib/pkgconfig/turtlebot4_simulator.pc'
[14.783s] Level 1:colcon.colcon_core.environment:checking '/home/tedee/turtlebot4_ws/install/turtlebot4_simulator/lib/python3.10/site-packages'
[14.783s] Level 1:colcon.colcon_core.environment:checking '/home/tedee/turtlebot4_ws/install/turtlebot4_simulator/bin'
[14.783s] INFO:colcon.colcon_core.shell:Creating package script '/home/tedee/turtlebot4_ws/install/turtlebot4_simulator/share/turtlebot4_simulator/package.ps1'
[14.783s] INFO:colcon.colcon_core.shell:Creating package descriptor '/home/tedee/turtlebot4_ws/install/turtlebot4_simulator/share/turtlebot4_simulator/package.dsv'
[14.783s] INFO:colcon.colcon_core.shell:Creating package script '/home/tedee/turtlebot4_ws/install/turtlebot4_simulator/share/turtlebot4_simulator/package.sh'
[14.784s] INFO:colcon.colcon_core.shell:Creating package script '/home/tedee/turtlebot4_ws/install/turtlebot4_simulator/share/turtlebot4_simulator/package.bash'
[14.784s] INFO:colcon.colcon_core.shell:Creating package script '/home/tedee/turtlebot4_ws/install/turtlebot4_simulator/share/turtlebot4_simulator/package.zsh'
[14.784s] Level 1:colcon.colcon_core.environment:create_file_with_runtime_dependencies(/home/tedee/turtlebot4_ws/install/turtlebot4_simulator/share/colcon-core/packages/turtlebot4_simulator)
[14.784s] DEBUG:colcon.colcon_parallel_executor.executor.parallel:closing loop
[14.784s] DEBUG:colcon.colcon_parallel_executor.executor.parallel:loop closed
[14.784s] DEBUG:colcon.colcon_parallel_executor.executor.parallel:run_until_complete finished with '0'
[14.784s] DEBUG:colcon.colcon_core.event_reactor:joining thread
[14.789s] INFO:colcon.colcon_core.plugin_system:Skipping extension 'colcon_notification.desktop_notification.terminal_notifier': Not used on non-Darwin systems
[14.789s] INFO:colcon.colcon_core.plugin_system:Skipping extension 'colcon_notification.desktop_notification.win32': Not used on non-Windows systems
[14.789s] INFO:colcon.colcon_notification.desktop_notification:Sending desktop notification using 'notify2'
[14.798s] DEBUG:colcon.colcon_core.event_reactor:joined thread
[14.798s] INFO:colcon.colcon_core.shell:Creating prefix script '/home/tedee/turtlebot4_ws/install/local_setup.ps1'
[14.805s] INFO:colcon.colcon_core.shell:Creating prefix util module '/home/tedee/turtlebot4_ws/install/_local_setup_util_ps1.py'
[14.806s] INFO:colcon.colcon_core.shell:Creating prefix chain script '/home/tedee/turtlebot4_ws/install/setup.ps1'
[14.808s] INFO:colcon.colcon_core.shell:Creating prefix script '/home/tedee/turtlebot4_ws/install/local_setup.sh'
[14.809s] INFO:colcon.colcon_core.shell:Creating prefix util module '/home/tedee/turtlebot4_ws/install/_local_setup_util_sh.py'
[14.809s] INFO:colcon.colcon_core.shell:Creating prefix chain script '/home/tedee/turtlebot4_ws/install/setup.sh'
[14.810s] INFO:colcon.colcon_core.shell:Creating prefix script '/home/tedee/turtlebot4_ws/install/local_setup.bash'
[14.810s] INFO:colcon.colcon_core.shell:Creating prefix chain script '/home/tedee/turtlebot4_ws/install/setup.bash'
[14.811s] INFO:colcon.colcon_core.shell:Creating prefix script '/home/tedee/turtlebot4_ws/install/local_setup.zsh'
[14.812s] INFO:colcon.colcon_core.shell:Creating prefix chain script '/home/tedee/turtlebot4_ws/install/setup.zsh'
