[0.011s] Invoking command in '/home/tedee/turtlebot4_ws/build/turtlebot4_ignition_gui_plugins': CMAKE_PREFIX_PATH=${CMAKE_PREFIX_PATH}:/home/tedee/ros2_ws/install/webots_ros2:/home/tedee/ros2_ws/install/webots_ros2_universal_robot:/home/tedee/ros2_ws/install/webots_ros2_turtlebot:/home/tedee/ros2_ws/install/webots_ros2_tiago:/home/tedee/ros2_ws/install/webots_ros2_tests:/home/tedee/ros2_ws/install/webots_ros2_tesla:/home/tedee/ros2_ws/install/webots_ros2_mavic:/home/tedee/ros2_ws/install/webots_ros2_husarion:/home/tedee/ros2_ws/install/webots_ros2_epuck:/home/tedee/ros2_ws/install/webots_ros2_crazyflie:/home/tedee/ros2_ws/install/my_robot_controller:/home/tedee/ros2_ws/install/webots_ros2_importer:/home/tedee/ros2_ws/install/webots_robot:/home/tedee/ros2_ws/install/webots_extern:/home/tedee/ros2_ws/install/py_pubsub:/home/tedee/ros2_ws/install/dijkstra_planner:/home/tedee/ros2_ws/install/aruco:/opt/ros/humble /usr/bin/cmake /home/tedee/turtlebot4_ws/src/turtlebot4_simulator/turtlebot4_ignition_gui_plugins -DCMAKE_INSTALL_PREFIX=/home/tedee/turtlebot4_ws/install/turtlebot4_ignition_gui_plugins
[0.121s] -- Found ament_cmake: 1.3.11 (/opt/ros/humble/share/ament_cmake/cmake)
[0.236s] -- Override CMake install command with custom implementation using symlinks instead of copying resources
[0.263s] -- Found ament_lint_auto: 0.12.12 (/opt/ros/humble/share/ament_lint_auto/cmake)
[0.450s] -- Looking for ignition-gui6 -- found version 6.8.0
[0.465s] -- Searching for dependencies of ignition-gui6
[0.664s] -- Checking for module 'tinyxml2'
[0.677s] --   Found tinyxml2, version 9.0.0
[0.700s] -- Looking for ignition-math6 -- found version 6.15.1
[0.700s] -- Searching for dependencies of ignition-math6
[0.703s] -- Looking for ignition-common4 -- found version 4.7.0
[0.704s] -- Searching for dependencies of ignition-common4
[0.709s] -- Looking for dlfcn.h - found
[0.709s] -- Looking for libdl - found
[0.714s] -- Checking for module 'uuid'
[0.725s] --   Found uuid, version 2.37.2
[0.748s] -- Searching for <ignition-common4> component [profiler]
[0.749s] -- Looking for ignition-common4-profiler -- found version 4.7.0
[0.749s] -- Searching for dependencies of ignition-common4-profiler
[0.751s] -- Looking for ignition-plugin1 -- found version 1.4.0
[0.752s] -- Searching for dependencies of ignition-plugin1
[0.753s] -- Searching for <ignition-plugin1> component [loader]
[0.754s] -- Looking for ignition-plugin1-loader -- found version 1.4.0
[0.754s] -- Searching for dependencies of ignition-plugin1-loader
[0.755s] -- Searching for <ignition-plugin1> component [register]
[0.756s] -- Looking for ignition-plugin1-register -- found version 1.4.0
[0.756s] -- Searching for dependencies of ignition-plugin1-register
[0.758s] -- Looking for ignition-transport11 -- found version 11.4.1
[0.758s] -- Searching for dependencies of ignition-transport11
[0.771s] -- Found Protobuf: /usr/lib/x86_64-linux-gnu/libprotobuf.so (found version "3.12.4") 
[0.785s] -- Config-file not installed for ZeroMQ -- checking for pkg-config
[0.789s] -- Checking for module 'libzmq >= 4'
[0.807s] --   Found libzmq , version 4.3.4
[0.849s] -- Looking for ignition-utils1 -- found version 1.5.1
[0.849s] -- Searching for dependencies of ignition-utils1
[0.850s] -- Searching for <ignition-utils1> component [cli]
[0.851s] -- Looking for ignition-utils1-cli -- found version 1.5.1
[0.851s] -- Searching for dependencies of ignition-utils1-cli
[0.856s] -- Looking for ignition-msgs8 -- found version 8.7.0
[0.856s] -- Searching for dependencies of ignition-msgs8
[0.869s] -- Found Protobuf: /usr/lib/x86_64-linux-gnu/libprotobuf.so (found suitable version "3.12.4", minimum required is "3") 
[0.869s] -- Looking for ignition-math6 -- found version 6.15.1
[0.892s] -- Looking for ignition-rendering6 -- found version 6.6.3
[0.893s] -- Searching for dependencies of ignition-rendering6
[0.893s] -- Looking for ignition-math6 -- found version 6.15.1
[0.893s] -- Searching for dependencies of ignition-math6
[0.893s] -- Searching for <ignition-math6> component [eigen3]
[0.894s] -- Looking for ignition-math6-eigen3 -- found version 6.15.1
[0.894s] -- Searching for dependencies of ignition-math6-eigen3
[0.967s] -- Looking for ignition-common4 -- found version 4.7.0
[0.968s] -- Searching for dependencies of ignition-common4
[0.968s] -- Looking for dlfcn.h - found
[0.968s] -- Looking for libdl - found
[0.980s] -- Searching for <ignition-common4> component [graphics]
[0.981s] -- Looking for ignition-common4-graphics -- found version 4.7.0
[0.981s] -- Searching for dependencies of ignition-common4-graphics
[0.982s] -- Looking for ignition-math6 -- found version 6.15.1
[0.982s] -- Looking for ignition-utils1 -- found version 1.5.1
[0.983s] -- Searching for <ignition-common4> component [events]
[0.984s] -- Looking for ignition-common4-events -- found version 4.7.0
[0.984s] -- Searching for dependencies of ignition-common4-events
[0.985s] -- Looking for ignition-math6 -- found version 6.15.1
[0.986s] -- Looking for ignition-plugin1 -- found version 1.4.0
[0.986s] -- Searching for dependencies of ignition-plugin1
[0.986s] -- Searching for <ignition-plugin1> component [all]
[0.987s] -- Looking for all libraries of ignition-plugin1 -- found version 1.4.0
[0.987s] -- Looking for ignition-plugin1 -- found version 1.4.0
[0.990s] -- Looking for ignition-msgs8 -- found version 8.7.0
[1.003s] -- Looking for ignition-common4 -- found version 4.7.0
[1.009s] -- Added test 'cppcheck' to perform static code analysis on C / C++ code
[1.009s] -- Configured cppcheck include dirs: 
[1.009s] -- Configured cppcheck exclude dirs and/or files: 
[1.009s] -- Added test 'cpplint' to check C / C++ code against the Google style
[1.009s] -- Configured cpplint exclude dirs and/or files: 
[1.009s] -- Added test 'lint_cmake' to check CMake code style
[1.010s] -- Added test 'xmllint' to check XML markup files
[1.015s] -- Configuring done
[1.074s] -- Generating done
[1.077s] -- Build files have been written to: /home/tedee/turtlebot4_ws/build/turtlebot4_ignition_gui_plugins
[1.084s] Invoked command in '/home/tedee/turtlebot4_ws/build/turtlebot4_ignition_gui_plugins' returned '0': CMAKE_PREFIX_PATH=${CMAKE_PREFIX_PATH}:/home/tedee/ros2_ws/install/webots_ros2:/home/tedee/ros2_ws/install/webots_ros2_universal_robot:/home/tedee/ros2_ws/install/webots_ros2_turtlebot:/home/tedee/ros2_ws/install/webots_ros2_tiago:/home/tedee/ros2_ws/install/webots_ros2_tests:/home/tedee/ros2_ws/install/webots_ros2_tesla:/home/tedee/ros2_ws/install/webots_ros2_mavic:/home/tedee/ros2_ws/install/webots_ros2_husarion:/home/tedee/ros2_ws/install/webots_ros2_epuck:/home/tedee/ros2_ws/install/webots_ros2_crazyflie:/home/tedee/ros2_ws/install/my_robot_controller:/home/tedee/ros2_ws/install/webots_ros2_importer:/home/tedee/ros2_ws/install/webots_robot:/home/tedee/ros2_ws/install/webots_extern:/home/tedee/ros2_ws/install/py_pubsub:/home/tedee/ros2_ws/install/dijkstra_planner:/home/tedee/ros2_ws/install/aruco:/opt/ros/humble /usr/bin/cmake /home/tedee/turtlebot4_ws/src/turtlebot4_simulator/turtlebot4_ignition_gui_plugins -DCMAKE_INSTALL_PREFIX=/home/tedee/turtlebot4_ws/install/turtlebot4_ignition_gui_plugins
[1.084s] Invoking command in '/home/tedee/turtlebot4_ws/build/turtlebot4_ignition_gui_plugins': CMAKE_PREFIX_PATH=${CMAKE_PREFIX_PATH}:/home/tedee/ros2_ws/install/webots_ros2:/home/tedee/ros2_ws/install/webots_ros2_universal_robot:/home/tedee/ros2_ws/install/webots_ros2_turtlebot:/home/tedee/ros2_ws/install/webots_ros2_tiago:/home/tedee/ros2_ws/install/webots_ros2_tests:/home/tedee/ros2_ws/install/webots_ros2_tesla:/home/tedee/ros2_ws/install/webots_ros2_mavic:/home/tedee/ros2_ws/install/webots_ros2_husarion:/home/tedee/ros2_ws/install/webots_ros2_epuck:/home/tedee/ros2_ws/install/webots_ros2_crazyflie:/home/tedee/ros2_ws/install/my_robot_controller:/home/tedee/ros2_ws/install/webots_ros2_importer:/home/tedee/ros2_ws/install/webots_robot:/home/tedee/ros2_ws/install/webots_extern:/home/tedee/ros2_ws/install/py_pubsub:/home/tedee/ros2_ws/install/dijkstra_planner:/home/tedee/ros2_ws/install/aruco:/opt/ros/humble /usr/bin/cmake --build /home/tedee/turtlebot4_ws/build/turtlebot4_ignition_gui_plugins -- -j20 -l20
[1.120s] [ 16%] [34m[1mAutomatic MOC for target Turtlebot4Hmi[0m
[1.900s] [ 16%] Built target Turtlebot4Hmi_autogen
[1.912s] [35m[1mConsolidate compiler generated dependencies of target Turtlebot4Hmi[0m
[1.929s] [ 50%] [32mBuilding CXX object Turtlebot4Hmi/CMakeFiles/Turtlebot4Hmi.dir/Turtlebot4Hmi.cc.o[0m
[1.929s] [ 50%] [32mBuilding CXX object Turtlebot4Hmi/CMakeFiles/Turtlebot4Hmi.dir/Turtlebot4Hmi_autogen/mocs_compilation.cpp.o[0m
[1.930s] [ 66%] [32mBuilding CXX object Turtlebot4Hmi/CMakeFiles/Turtlebot4Hmi.dir/qrc_Turtlebot4Hmi.cpp.o[0m
[6.585s] [ 83%] [32m[1mLinking CXX shared library libTurtlebot4Hmi.so[0m
[6.868s] [100%] Built target Turtlebot4Hmi
[6.877s] Invoked command in '/home/tedee/turtlebot4_ws/build/turtlebot4_ignition_gui_plugins' returned '0': CMAKE_PREFIX_PATH=${CMAKE_PREFIX_PATH}:/home/tedee/ros2_ws/install/webots_ros2:/home/tedee/ros2_ws/install/webots_ros2_universal_robot:/home/tedee/ros2_ws/install/webots_ros2_turtlebot:/home/tedee/ros2_ws/install/webots_ros2_tiago:/home/tedee/ros2_ws/install/webots_ros2_tests:/home/tedee/ros2_ws/install/webots_ros2_tesla:/home/tedee/ros2_ws/install/webots_ros2_mavic:/home/tedee/ros2_ws/install/webots_ros2_husarion:/home/tedee/ros2_ws/install/webots_ros2_epuck:/home/tedee/ros2_ws/install/webots_ros2_crazyflie:/home/tedee/ros2_ws/install/my_robot_controller:/home/tedee/ros2_ws/install/webots_ros2_importer:/home/tedee/ros2_ws/install/webots_robot:/home/tedee/ros2_ws/install/webots_extern:/home/tedee/ros2_ws/install/py_pubsub:/home/tedee/ros2_ws/install/dijkstra_planner:/home/tedee/ros2_ws/install/aruco:/opt/ros/humble /usr/bin/cmake --build /home/tedee/turtlebot4_ws/build/turtlebot4_ignition_gui_plugins -- -j20 -l20
[6.879s] Invoking command in '/home/tedee/turtlebot4_ws/build/turtlebot4_ignition_gui_plugins': CMAKE_PREFIX_PATH=${CMAKE_PREFIX_PATH}:/home/tedee/ros2_ws/install/webots_ros2:/home/tedee/ros2_ws/install/webots_ros2_universal_robot:/home/tedee/ros2_ws/install/webots_ros2_turtlebot:/home/tedee/ros2_ws/install/webots_ros2_tiago:/home/tedee/ros2_ws/install/webots_ros2_tests:/home/tedee/ros2_ws/install/webots_ros2_tesla:/home/tedee/ros2_ws/install/webots_ros2_mavic:/home/tedee/ros2_ws/install/webots_ros2_husarion:/home/tedee/ros2_ws/install/webots_ros2_epuck:/home/tedee/ros2_ws/install/webots_ros2_crazyflie:/home/tedee/ros2_ws/install/my_robot_controller:/home/tedee/ros2_ws/install/webots_ros2_importer:/home/tedee/ros2_ws/install/webots_robot:/home/tedee/ros2_ws/install/webots_extern:/home/tedee/ros2_ws/install/py_pubsub:/home/tedee/ros2_ws/install/dijkstra_planner:/home/tedee/ros2_ws/install/aruco:/opt/ros/humble /usr/bin/cmake --install /home/tedee/turtlebot4_ws/build/turtlebot4_ignition_gui_plugins
[6.884s] -- Install configuration: ""
[6.884s] -- Execute custom install script
[6.884s] -- Up-to-date symlink: /home/tedee/turtlebot4_ws/install/turtlebot4_ignition_gui_plugins/share/turtlebot4_ignition_gui_plugins/lib/libTurtlebot4Hmi.so
[6.884s] -- Up-to-date symlink: /home/tedee/turtlebot4_ws/install/turtlebot4_ignition_gui_plugins/share/ament_index/resource_index/package_run_dependencies/turtlebot4_ignition_gui_plugins
[6.885s] -- Up-to-date symlink: /home/tedee/turtlebot4_ws/install/turtlebot4_ignition_gui_plugins/share/ament_index/resource_index/parent_prefix_path/turtlebot4_ignition_gui_plugins
[6.885s] -- Up-to-date symlink: /home/tedee/turtlebot4_ws/install/turtlebot4_ignition_gui_plugins/share/turtlebot4_ignition_gui_plugins/environment/ament_prefix_path.sh
[6.885s] -- Up-to-date symlink: /home/tedee/turtlebot4_ws/install/turtlebot4_ignition_gui_plugins/share/turtlebot4_ignition_gui_plugins/environment/ament_prefix_path.dsv
[6.885s] -- Up-to-date symlink: /home/tedee/turtlebot4_ws/install/turtlebot4_ignition_gui_plugins/share/turtlebot4_ignition_gui_plugins/environment/path.sh
[6.885s] -- Up-to-date symlink: /home/tedee/turtlebot4_ws/install/turtlebot4_ignition_gui_plugins/share/turtlebot4_ignition_gui_plugins/environment/path.dsv
[6.885s] -- Up-to-date symlink: /home/tedee/turtlebot4_ws/install/turtlebot4_ignition_gui_plugins/share/turtlebot4_ignition_gui_plugins/local_setup.bash
[6.885s] -- Up-to-date symlink: /home/tedee/turtlebot4_ws/install/turtlebot4_ignition_gui_plugins/share/turtlebot4_ignition_gui_plugins/local_setup.sh
[6.885s] -- Up-to-date symlink: /home/tedee/turtlebot4_ws/install/turtlebot4_ignition_gui_plugins/share/turtlebot4_ignition_gui_plugins/local_setup.zsh
[6.885s] -- Up-to-date symlink: /home/tedee/turtlebot4_ws/install/turtlebot4_ignition_gui_plugins/share/turtlebot4_ignition_gui_plugins/local_setup.dsv
[6.885s] -- Symlinking: /home/tedee/turtlebot4_ws/install/turtlebot4_ignition_gui_plugins/share/turtlebot4_ignition_gui_plugins/package.dsv
[6.891s] -- Up-to-date symlink: /home/tedee/turtlebot4_ws/install/turtlebot4_ignition_gui_plugins/share/ament_index/resource_index/packages/turtlebot4_ignition_gui_plugins
[6.891s] -- Up-to-date symlink: /home/tedee/turtlebot4_ws/install/turtlebot4_ignition_gui_plugins/share/turtlebot4_ignition_gui_plugins/cmake/turtlebot4_ignition_gui_pluginsConfig.cmake
[6.891s] -- Up-to-date symlink: /home/tedee/turtlebot4_ws/install/turtlebot4_ignition_gui_plugins/share/turtlebot4_ignition_gui_plugins/cmake/turtlebot4_ignition_gui_pluginsConfig-version.cmake
[6.892s] -- Up-to-date symlink: /home/tedee/turtlebot4_ws/install/turtlebot4_ignition_gui_plugins/share/turtlebot4_ignition_gui_plugins/package.xml
[6.893s] Invoked command in '/home/tedee/turtlebot4_ws/build/turtlebot4_ignition_gui_plugins' returned '0': CMAKE_PREFIX_PATH=${CMAKE_PREFIX_PATH}:/home/tedee/ros2_ws/install/webots_ros2:/home/tedee/ros2_ws/install/webots_ros2_universal_robot:/home/tedee/ros2_ws/install/webots_ros2_turtlebot:/home/tedee/ros2_ws/install/webots_ros2_tiago:/home/tedee/ros2_ws/install/webots_ros2_tests:/home/tedee/ros2_ws/install/webots_ros2_tesla:/home/tedee/ros2_ws/install/webots_ros2_mavic:/home/tedee/ros2_ws/install/webots_ros2_husarion:/home/tedee/ros2_ws/install/webots_ros2_epuck:/home/tedee/ros2_ws/install/webots_ros2_crazyflie:/home/tedee/ros2_ws/install/my_robot_controller:/home/tedee/ros2_ws/install/webots_ros2_importer:/home/tedee/ros2_ws/install/webots_robot:/home/tedee/ros2_ws/install/webots_extern:/home/tedee/ros2_ws/install/py_pubsub:/home/tedee/ros2_ws/install/dijkstra_planner:/home/tedee/ros2_ws/install/aruco:/opt/ros/humble /usr/bin/cmake --install /home/tedee/turtlebot4_ws/build/turtlebot4_ignition_gui_plugins
