[0.054s] Invoking command in '/home/tedee/turtlebot4_ws/build/turtlebot4_viz': CMAKE_PREFIX_PATH=${CMAKE_PREFIX_PATH}:/home/tedee/ros2_ws/install/webots_ros2:/home/tedee/ros2_ws/install/webots_ros2_universal_robot:/home/tedee/ros2_ws/install/webots_ros2_turtlebot:/home/tedee/ros2_ws/install/webots_ros2_tiago:/home/tedee/ros2_ws/install/webots_ros2_tests:/home/tedee/ros2_ws/install/webots_ros2_tesla:/home/tedee/ros2_ws/install/webots_ros2_mavic:/home/tedee/ros2_ws/install/webots_ros2_husarion:/home/tedee/ros2_ws/install/webots_ros2_epuck:/home/tedee/ros2_ws/install/webots_ros2_crazyflie:/home/tedee/ros2_ws/install/my_robot_controller:/home/tedee/ros2_ws/install/webots_ros2_importer:/home/tedee/ros2_ws/install/webots_robot:/home/tedee/ros2_ws/install/webots_extern:/home/tedee/ros2_ws/install/py_pubsub:/home/tedee/ros2_ws/install/dijkstra_planner:/home/tedee/ros2_ws/install/aruco:/opt/ros/humble /usr/bin/cmake /home/tedee/turtlebot4_ws/src/turtlebot4_desktop/turtlebot4_viz -DAMENT_CMAKE_SYMLINK_INSTALL=1 -DCMAKE_INSTALL_PREFIX=/home/tedee/turtlebot4_ws/install/turtlebot4_viz
[0.620s] -- The C compiler identification is GNU 11.4.0
[1.230s] -- The CXX compiler identification is GNU 11.4.0
[1.249s] -- Detecting C compiler ABI info
[1.488s] -- Detecting C compiler ABI info - done
[1.498s] -- Check for working C compiler: /usr/bin/cc - skipped
[1.499s] -- Detecting C compile features
[1.500s] -- Detecting C compile features - done
[1.506s] -- Detecting CXX compiler ABI info
[1.613s] -- Detecting CXX compiler ABI info - done
[1.621s] -- Check for working CXX compiler: /usr/bin/c++ - skipped
[1.622s] -- Detecting CXX compile features
[1.622s] -- Detecting CXX compile features - done
[1.628s] -- Found ament_cmake: 1.3.11 (/opt/ros/humble/share/ament_cmake/cmake)
[1.884s] -- Found Python3: /usr/bin/python3 (found version "3.10.12") found components: Interpreter 
[1.989s] -- Override CMake install command with custom implementation using symlinks instead of copying resources
[2.236s] -- Found ament_lint_auto: 0.12.12 (/opt/ros/humble/share/ament_lint_auto/cmake)
[2.575s] -- Added test 'copyright' to check source files copyright and LICENSE
[2.582s] -- Added test 'flake8' to check Python code syntax and style conventions
[2.591s] -- Added test 'lint_cmake' to check CMake code style
[2.600s] -- Added test 'pep257' to check Python code against some of the docstring style conventions in PEP 257
[2.604s] -- Added test 'xmllint' to check XML markup files
[2.609s] -- Configuring done
[2.615s] -- Generating done
[2.619s] -- Build files have been written to: /home/tedee/turtlebot4_ws/build/turtlebot4_viz
[2.630s] Invoked command in '/home/tedee/turtlebot4_ws/build/turtlebot4_viz' returned '0': CMAKE_PREFIX_PATH=${CMAKE_PREFIX_PATH}:/home/tedee/ros2_ws/install/webots_ros2:/home/tedee/ros2_ws/install/webots_ros2_universal_robot:/home/tedee/ros2_ws/install/webots_ros2_turtlebot:/home/tedee/ros2_ws/install/webots_ros2_tiago:/home/tedee/ros2_ws/install/webots_ros2_tests:/home/tedee/ros2_ws/install/webots_ros2_tesla:/home/tedee/ros2_ws/install/webots_ros2_mavic:/home/tedee/ros2_ws/install/webots_ros2_husarion:/home/tedee/ros2_ws/install/webots_ros2_epuck:/home/tedee/ros2_ws/install/webots_ros2_crazyflie:/home/tedee/ros2_ws/install/my_robot_controller:/home/tedee/ros2_ws/install/webots_ros2_importer:/home/tedee/ros2_ws/install/webots_robot:/home/tedee/ros2_ws/install/webots_extern:/home/tedee/ros2_ws/install/py_pubsub:/home/tedee/ros2_ws/install/dijkstra_planner:/home/tedee/ros2_ws/install/aruco:/opt/ros/humble /usr/bin/cmake /home/tedee/turtlebot4_ws/src/turtlebot4_desktop/turtlebot4_viz -DAMENT_CMAKE_SYMLINK_INSTALL=1 -DCMAKE_INSTALL_PREFIX=/home/tedee/turtlebot4_ws/install/turtlebot4_viz
[2.633s] Invoking command in '/home/tedee/turtlebot4_ws/build/turtlebot4_viz': CMAKE_PREFIX_PATH=${CMAKE_PREFIX_PATH}:/home/tedee/ros2_ws/install/webots_ros2:/home/tedee/ros2_ws/install/webots_ros2_universal_robot:/home/tedee/ros2_ws/install/webots_ros2_turtlebot:/home/tedee/ros2_ws/install/webots_ros2_tiago:/home/tedee/ros2_ws/install/webots_ros2_tests:/home/tedee/ros2_ws/install/webots_ros2_tesla:/home/tedee/ros2_ws/install/webots_ros2_mavic:/home/tedee/ros2_ws/install/webots_ros2_husarion:/home/tedee/ros2_ws/install/webots_ros2_epuck:/home/tedee/ros2_ws/install/webots_ros2_crazyflie:/home/tedee/ros2_ws/install/my_robot_controller:/home/tedee/ros2_ws/install/webots_ros2_importer:/home/tedee/ros2_ws/install/webots_robot:/home/tedee/ros2_ws/install/webots_extern:/home/tedee/ros2_ws/install/py_pubsub:/home/tedee/ros2_ws/install/dijkstra_planner:/home/tedee/ros2_ws/install/aruco:/opt/ros/humble /usr/bin/cmake --build /home/tedee/turtlebot4_ws/build/turtlebot4_viz -- -j20 -l20
[2.714s] Invoked command in '/home/tedee/turtlebot4_ws/build/turtlebot4_viz' returned '0': CMAKE_PREFIX_PATH=${CMAKE_PREFIX_PATH}:/home/tedee/ros2_ws/install/webots_ros2:/home/tedee/ros2_ws/install/webots_ros2_universal_robot:/home/tedee/ros2_ws/install/webots_ros2_turtlebot:/home/tedee/ros2_ws/install/webots_ros2_tiago:/home/tedee/ros2_ws/install/webots_ros2_tests:/home/tedee/ros2_ws/install/webots_ros2_tesla:/home/tedee/ros2_ws/install/webots_ros2_mavic:/home/tedee/ros2_ws/install/webots_ros2_husarion:/home/tedee/ros2_ws/install/webots_ros2_epuck:/home/tedee/ros2_ws/install/webots_ros2_crazyflie:/home/tedee/ros2_ws/install/my_robot_controller:/home/tedee/ros2_ws/install/webots_ros2_importer:/home/tedee/ros2_ws/install/webots_robot:/home/tedee/ros2_ws/install/webots_extern:/home/tedee/ros2_ws/install/py_pubsub:/home/tedee/ros2_ws/install/dijkstra_planner:/home/tedee/ros2_ws/install/aruco:/opt/ros/humble /usr/bin/cmake --build /home/tedee/turtlebot4_ws/build/turtlebot4_viz -- -j20 -l20
[2.715s] Invoking command in '/home/tedee/turtlebot4_ws/build/turtlebot4_viz': CMAKE_PREFIX_PATH=${CMAKE_PREFIX_PATH}:/home/tedee/ros2_ws/install/webots_ros2:/home/tedee/ros2_ws/install/webots_ros2_universal_robot:/home/tedee/ros2_ws/install/webots_ros2_turtlebot:/home/tedee/ros2_ws/install/webots_ros2_tiago:/home/tedee/ros2_ws/install/webots_ros2_tests:/home/tedee/ros2_ws/install/webots_ros2_tesla:/home/tedee/ros2_ws/install/webots_ros2_mavic:/home/tedee/ros2_ws/install/webots_ros2_husarion:/home/tedee/ros2_ws/install/webots_ros2_epuck:/home/tedee/ros2_ws/install/webots_ros2_crazyflie:/home/tedee/ros2_ws/install/my_robot_controller:/home/tedee/ros2_ws/install/webots_ros2_importer:/home/tedee/ros2_ws/install/webots_robot:/home/tedee/ros2_ws/install/webots_extern:/home/tedee/ros2_ws/install/py_pubsub:/home/tedee/ros2_ws/install/dijkstra_planner:/home/tedee/ros2_ws/install/aruco:/opt/ros/humble /usr/bin/cmake --install /home/tedee/turtlebot4_ws/build/turtlebot4_viz
[2.723s] -- Install configuration: ""
[2.724s] -- Execute custom install script
[2.725s] -- Symlinking: /home/tedee/turtlebot4_ws/install/turtlebot4_viz/share/turtlebot4_viz/launch/view_diagnostics.launch.py
[2.737s] -- Symlinking: /home/tedee/turtlebot4_ws/install/turtlebot4_viz/share/turtlebot4_viz/launch/view_model.launch.py
[2.748s] -- Symlinking: /home/tedee/turtlebot4_ws/install/turtlebot4_viz/share/turtlebot4_viz/launch/view_robot.launch.py
[2.763s] -- Symlinking: /home/tedee/turtlebot4_ws/install/turtlebot4_viz/share/turtlebot4_viz/rviz/model.rviz
[2.775s] -- Symlinking: /home/tedee/turtlebot4_ws/install/turtlebot4_viz/share/turtlebot4_viz/rviz/robot.rviz
[2.786s] -- Symlinking: /home/tedee/turtlebot4_ws/install/turtlebot4_viz/share/ament_index/resource_index/package_run_dependencies/turtlebot4_viz
[2.799s] -- Symlinking: /home/tedee/turtlebot4_ws/install/turtlebot4_viz/share/ament_index/resource_index/parent_prefix_path/turtlebot4_viz
[2.810s] -- Symlinking: /home/tedee/turtlebot4_ws/install/turtlebot4_viz/share/turtlebot4_viz/environment/ament_prefix_path.sh
[2.823s] -- Symlinking: /home/tedee/turtlebot4_ws/install/turtlebot4_viz/share/turtlebot4_viz/environment/ament_prefix_path.dsv
[2.833s] -- Symlinking: /home/tedee/turtlebot4_ws/install/turtlebot4_viz/share/turtlebot4_viz/environment/path.sh
[2.843s] -- Symlinking: /home/tedee/turtlebot4_ws/install/turtlebot4_viz/share/turtlebot4_viz/environment/path.dsv
[2.857s] -- Symlinking: /home/tedee/turtlebot4_ws/install/turtlebot4_viz/share/turtlebot4_viz/local_setup.bash
[2.869s] -- Symlinking: /home/tedee/turtlebot4_ws/install/turtlebot4_viz/share/turtlebot4_viz/local_setup.sh
[2.879s] -- Symlinking: /home/tedee/turtlebot4_ws/install/turtlebot4_viz/share/turtlebot4_viz/local_setup.zsh
[2.892s] -- Symlinking: /home/tedee/turtlebot4_ws/install/turtlebot4_viz/share/turtlebot4_viz/local_setup.dsv
[2.906s] -- Symlinking: /home/tedee/turtlebot4_ws/install/turtlebot4_viz/share/turtlebot4_viz/package.dsv
[2.917s] -- Symlinking: /home/tedee/turtlebot4_ws/install/turtlebot4_viz/share/ament_index/resource_index/packages/turtlebot4_viz
[2.926s] -- Symlinking: /home/tedee/turtlebot4_ws/install/turtlebot4_viz/share/turtlebot4_viz/cmake/turtlebot4_vizConfig.cmake
[2.937s] -- Symlinking: /home/tedee/turtlebot4_ws/install/turtlebot4_viz/share/turtlebot4_viz/cmake/turtlebot4_vizConfig-version.cmake
[2.945s] -- Symlinking: /home/tedee/turtlebot4_ws/install/turtlebot4_viz/share/turtlebot4_viz/package.xml
[2.959s] Invoked command in '/home/tedee/turtlebot4_ws/build/turtlebot4_viz' returned '0': CMAKE_PREFIX_PATH=${CMAKE_PREFIX_PATH}:/home/tedee/ros2_ws/install/webots_ros2:/home/tedee/ros2_ws/install/webots_ros2_universal_robot:/home/tedee/ros2_ws/install/webots_ros2_turtlebot:/home/tedee/ros2_ws/install/webots_ros2_tiago:/home/tedee/ros2_ws/install/webots_ros2_tests:/home/tedee/ros2_ws/install/webots_ros2_tesla:/home/tedee/ros2_ws/install/webots_ros2_mavic:/home/tedee/ros2_ws/install/webots_ros2_husarion:/home/tedee/ros2_ws/install/webots_ros2_epuck:/home/tedee/ros2_ws/install/webots_ros2_crazyflie:/home/tedee/ros2_ws/install/my_robot_controller:/home/tedee/ros2_ws/install/webots_ros2_importer:/home/tedee/ros2_ws/install/webots_robot:/home/tedee/ros2_ws/install/webots_extern:/home/tedee/ros2_ws/install/py_pubsub:/home/tedee/ros2_ws/install/dijkstra_planner:/home/tedee/ros2_ws/install/aruco:/opt/ros/humble /usr/bin/cmake --install /home/tedee/turtlebot4_ws/build/turtlebot4_viz
