[0.017s] Invoking command in '/home/tedee/turtlebot4_ws/build/turtlebot4_desktop': AMENT_PREFIX_PATH=/home/tedee/turtlebot4_ws/install/turtlebot4_viz:${AMENT_PREFIX_PATH} CMAKE_PREFIX_PATH=/home/tedee/turtlebot4_ws/install/turtlebot4_viz:/home/tedee/ros2_ws/install/webots_ros2_control:/home/tedee/ros2_ws/install/webots_ros2_driver:/home/tedee/ros2_ws/install/webots_ros2_msgs:/home/tedee/ros2_ws/install/webots_ros2:/home/tedee/ros2_ws/install/webots_ros2_universal_robot:/home/tedee/ros2_ws/install/webots_ros2_turtlebot:/home/tedee/ros2_ws/install/webots_ros2_tiago:/home/tedee/ros2_ws/install/webots_ros2_tests:/home/tedee/ros2_ws/install/webots_ros2_tesla:/home/tedee/ros2_ws/install/webots_ros2_mavic:/home/tedee/ros2_ws/install/webots_ros2_husarion:/home/tedee/ros2_ws/install/webots_ros2_epuck:/home/tedee/ros2_ws/install/webots_ros2_crazyflie:/home/tedee/ros2_ws/install/my_robot_controller:/home/tedee/ros2_ws/install/webots_ros2_importer:/home/tedee/ros2_ws/install/webots_robot:/home/tedee/ros2_ws/install/webots_extern:/home/tedee/ros2_ws/install/py_pubsub:/home/tedee/ros2_ws/install/dijkstra_planner:/home/tedee/ros2_ws/install/aruco:/opt/ros/humble /usr/bin/cmake /home/tedee/turtlebot4_ws/src/turtlebot4_desktop/turtlebot4_desktop -DAMENT_CMAKE_SYMLINK_INSTALL=1 -DCMAKE_INSTALL_PREFIX=/home/tedee/turtlebot4_ws/install/turtlebot4_desktop
[0.105s] -- The C compiler identification is GNU 11.4.0
[0.196s] -- The CXX compiler identification is GNU 11.4.0
[0.206s] -- Detecting C compiler ABI info
[0.312s] -- Detecting C compiler ABI info - done
[0.323s] -- Check for working C compiler: /usr/bin/cc - skipped
[0.324s] -- Detecting C compile features
[0.324s] -- Detecting C compile features - done
[0.328s] -- Detecting CXX compiler ABI info
[0.429s] -- Detecting CXX compiler ABI info - done
[0.438s] -- Check for working CXX compiler: /usr/bin/c++ - skipped
[0.438s] -- Detecting CXX compile features
[0.439s] -- Detecting CXX compile features - done
[0.443s] -- Found ament_cmake: 1.3.11 (/opt/ros/humble/share/ament_cmake/cmake)
[0.654s] -- Found Python3: /usr/bin/python3 (found version "3.10.12") found components: Interpreter 
[0.737s] -- Override CMake install command with custom implementation using symlinks instead of copying resources
[0.867s] -- Configuring done
[0.869s] -- Generating done
[0.870s] -- Build files have been written to: /home/tedee/turtlebot4_ws/build/turtlebot4_desktop
[0.875s] Invoked command in '/home/tedee/turtlebot4_ws/build/turtlebot4_desktop' returned '0': AMENT_PREFIX_PATH=/home/tedee/turtlebot4_ws/install/turtlebot4_viz:${AMENT_PREFIX_PATH} CMAKE_PREFIX_PATH=/home/tedee/turtlebot4_ws/install/turtlebot4_viz:/home/tedee/ros2_ws/install/webots_ros2_control:/home/tedee/ros2_ws/install/webots_ros2_driver:/home/tedee/ros2_ws/install/webots_ros2_msgs:/home/tedee/ros2_ws/install/webots_ros2:/home/tedee/ros2_ws/install/webots_ros2_universal_robot:/home/tedee/ros2_ws/install/webots_ros2_turtlebot:/home/tedee/ros2_ws/install/webots_ros2_tiago:/home/tedee/ros2_ws/install/webots_ros2_tests:/home/tedee/ros2_ws/install/webots_ros2_tesla:/home/tedee/ros2_ws/install/webots_ros2_mavic:/home/tedee/ros2_ws/install/webots_ros2_husarion:/home/tedee/ros2_ws/install/webots_ros2_epuck:/home/tedee/ros2_ws/install/webots_ros2_crazyflie:/home/tedee/ros2_ws/install/my_robot_controller:/home/tedee/ros2_ws/install/webots_ros2_importer:/home/tedee/ros2_ws/install/webots_robot:/home/tedee/ros2_ws/install/webots_extern:/home/tedee/ros2_ws/install/py_pubsub:/home/tedee/ros2_ws/install/dijkstra_planner:/home/tedee/ros2_ws/install/aruco:/opt/ros/humble /usr/bin/cmake /home/tedee/turtlebot4_ws/src/turtlebot4_desktop/turtlebot4_desktop -DAMENT_CMAKE_SYMLINK_INSTALL=1 -DCMAKE_INSTALL_PREFIX=/home/tedee/turtlebot4_ws/install/turtlebot4_desktop
[0.878s] Invoking command in '/home/tedee/turtlebot4_ws/build/turtlebot4_desktop': AMENT_PREFIX_PATH=/home/tedee/turtlebot4_ws/install/turtlebot4_viz:${AMENT_PREFIX_PATH} CMAKE_PREFIX_PATH=/home/tedee/turtlebot4_ws/install/turtlebot4_viz:/home/tedee/ros2_ws/install/webots_ros2_control:/home/tedee/ros2_ws/install/webots_ros2_driver:/home/tedee/ros2_ws/install/webots_ros2_msgs:/home/tedee/ros2_ws/install/webots_ros2:/home/tedee/ros2_ws/install/webots_ros2_universal_robot:/home/tedee/ros2_ws/install/webots_ros2_turtlebot:/home/tedee/ros2_ws/install/webots_ros2_tiago:/home/tedee/ros2_ws/install/webots_ros2_tests:/home/tedee/ros2_ws/install/webots_ros2_tesla:/home/tedee/ros2_ws/install/webots_ros2_mavic:/home/tedee/ros2_ws/install/webots_ros2_husarion:/home/tedee/ros2_ws/install/webots_ros2_epuck:/home/tedee/ros2_ws/install/webots_ros2_crazyflie:/home/tedee/ros2_ws/install/my_robot_controller:/home/tedee/ros2_ws/install/webots_ros2_importer:/home/tedee/ros2_ws/install/webots_robot:/home/tedee/ros2_ws/install/webots_extern:/home/tedee/ros2_ws/install/py_pubsub:/home/tedee/ros2_ws/install/dijkstra_planner:/home/tedee/ros2_ws/install/aruco:/opt/ros/humble /usr/bin/cmake --build /home/tedee/turtlebot4_ws/build/turtlebot4_desktop -- -j20 -l20
[0.940s] Invoked command in '/home/tedee/turtlebot4_ws/build/turtlebot4_desktop' returned '0': AMENT_PREFIX_PATH=/home/tedee/turtlebot4_ws/install/turtlebot4_viz:${AMENT_PREFIX_PATH} CMAKE_PREFIX_PATH=/home/tedee/turtlebot4_ws/install/turtlebot4_viz:/home/tedee/ros2_ws/install/webots_ros2_control:/home/tedee/ros2_ws/install/webots_ros2_driver:/home/tedee/ros2_ws/install/webots_ros2_msgs:/home/tedee/ros2_ws/install/webots_ros2:/home/tedee/ros2_ws/install/webots_ros2_universal_robot:/home/tedee/ros2_ws/install/webots_ros2_turtlebot:/home/tedee/ros2_ws/install/webots_ros2_tiago:/home/tedee/ros2_ws/install/webots_ros2_tests:/home/tedee/ros2_ws/install/webots_ros2_tesla:/home/tedee/ros2_ws/install/webots_ros2_mavic:/home/tedee/ros2_ws/install/webots_ros2_husarion:/home/tedee/ros2_ws/install/webots_ros2_epuck:/home/tedee/ros2_ws/install/webots_ros2_crazyflie:/home/tedee/ros2_ws/install/my_robot_controller:/home/tedee/ros2_ws/install/webots_ros2_importer:/home/tedee/ros2_ws/install/webots_robot:/home/tedee/ros2_ws/install/webots_extern:/home/tedee/ros2_ws/install/py_pubsub:/home/tedee/ros2_ws/install/dijkstra_planner:/home/tedee/ros2_ws/install/aruco:/opt/ros/humble /usr/bin/cmake --build /home/tedee/turtlebot4_ws/build/turtlebot4_desktop -- -j20 -l20
[0.942s] Invoking command in '/home/tedee/turtlebot4_ws/build/turtlebot4_desktop': AMENT_PREFIX_PATH=/home/tedee/turtlebot4_ws/install/turtlebot4_viz:${AMENT_PREFIX_PATH} CMAKE_PREFIX_PATH=/home/tedee/turtlebot4_ws/install/turtlebot4_viz:/home/tedee/ros2_ws/install/webots_ros2_control:/home/tedee/ros2_ws/install/webots_ros2_driver:/home/tedee/ros2_ws/install/webots_ros2_msgs:/home/tedee/ros2_ws/install/webots_ros2:/home/tedee/ros2_ws/install/webots_ros2_universal_robot:/home/tedee/ros2_ws/install/webots_ros2_turtlebot:/home/tedee/ros2_ws/install/webots_ros2_tiago:/home/tedee/ros2_ws/install/webots_ros2_tests:/home/tedee/ros2_ws/install/webots_ros2_tesla:/home/tedee/ros2_ws/install/webots_ros2_mavic:/home/tedee/ros2_ws/install/webots_ros2_husarion:/home/tedee/ros2_ws/install/webots_ros2_epuck:/home/tedee/ros2_ws/install/webots_ros2_crazyflie:/home/tedee/ros2_ws/install/my_robot_controller:/home/tedee/ros2_ws/install/webots_ros2_importer:/home/tedee/ros2_ws/install/webots_robot:/home/tedee/ros2_ws/install/webots_extern:/home/tedee/ros2_ws/install/py_pubsub:/home/tedee/ros2_ws/install/dijkstra_planner:/home/tedee/ros2_ws/install/aruco:/opt/ros/humble /usr/bin/cmake --install /home/tedee/turtlebot4_ws/build/turtlebot4_desktop
[0.959s] -- Install configuration: ""
[0.960s] -- Execute custom install script
[0.961s] -- Symlinking: /home/tedee/turtlebot4_ws/install/turtlebot4_desktop/share/ament_index/resource_index/package_run_dependencies/turtlebot4_desktop
[0.986s] -- Symlinking: /home/tedee/turtlebot4_ws/install/turtlebot4_desktop/share/ament_index/resource_index/parent_prefix_path/turtlebot4_desktop
[1.010s] -- Symlinking: /home/tedee/turtlebot4_ws/install/turtlebot4_desktop/share/turtlebot4_desktop/environment/ament_prefix_path.sh
[1.035s] -- Symlinking: /home/tedee/turtlebot4_ws/install/turtlebot4_desktop/share/turtlebot4_desktop/environment/ament_prefix_path.dsv
[1.059s] -- Symlinking: /home/tedee/turtlebot4_ws/install/turtlebot4_desktop/share/turtlebot4_desktop/environment/path.sh
[1.086s] -- Symlinking: /home/tedee/turtlebot4_ws/install/turtlebot4_desktop/share/turtlebot4_desktop/environment/path.dsv
[1.109s] -- Symlinking: /home/tedee/turtlebot4_ws/install/turtlebot4_desktop/share/turtlebot4_desktop/local_setup.bash
[1.133s] -- Symlinking: /home/tedee/turtlebot4_ws/install/turtlebot4_desktop/share/turtlebot4_desktop/local_setup.sh
[1.157s] -- Symlinking: /home/tedee/turtlebot4_ws/install/turtlebot4_desktop/share/turtlebot4_desktop/local_setup.zsh
[1.182s] -- Symlinking: /home/tedee/turtlebot4_ws/install/turtlebot4_desktop/share/turtlebot4_desktop/local_setup.dsv
[1.208s] -- Symlinking: /home/tedee/turtlebot4_ws/install/turtlebot4_desktop/share/turtlebot4_desktop/package.dsv
[1.232s] -- Symlinking: /home/tedee/turtlebot4_ws/install/turtlebot4_desktop/share/ament_index/resource_index/packages/turtlebot4_desktop
[1.256s] -- Symlinking: /home/tedee/turtlebot4_ws/install/turtlebot4_desktop/share/turtlebot4_desktop/cmake/turtlebot4_desktopConfig.cmake
[1.280s] -- Symlinking: /home/tedee/turtlebot4_ws/install/turtlebot4_desktop/share/turtlebot4_desktop/cmake/turtlebot4_desktopConfig-version.cmake
[1.305s] -- Symlinking: /home/tedee/turtlebot4_ws/install/turtlebot4_desktop/share/turtlebot4_desktop/package.xml
[1.323s] Invoked command in '/home/tedee/turtlebot4_ws/build/turtlebot4_desktop' returned '0': AMENT_PREFIX_PATH=/home/tedee/turtlebot4_ws/install/turtlebot4_viz:${AMENT_PREFIX_PATH} CMAKE_PREFIX_PATH=/home/tedee/turtlebot4_ws/install/turtlebot4_viz:/home/tedee/ros2_ws/install/webots_ros2_control:/home/tedee/ros2_ws/install/webots_ros2_driver:/home/tedee/ros2_ws/install/webots_ros2_msgs:/home/tedee/ros2_ws/install/webots_ros2:/home/tedee/ros2_ws/install/webots_ros2_universal_robot:/home/tedee/ros2_ws/install/webots_ros2_turtlebot:/home/tedee/ros2_ws/install/webots_ros2_tiago:/home/tedee/ros2_ws/install/webots_ros2_tests:/home/tedee/ros2_ws/install/webots_ros2_tesla:/home/tedee/ros2_ws/install/webots_ros2_mavic:/home/tedee/ros2_ws/install/webots_ros2_husarion:/home/tedee/ros2_ws/install/webots_ros2_epuck:/home/tedee/ros2_ws/install/webots_ros2_crazyflie:/home/tedee/ros2_ws/install/my_robot_controller:/home/tedee/ros2_ws/install/webots_ros2_importer:/home/tedee/ros2_ws/install/webots_robot:/home/tedee/ros2_ws/install/webots_extern:/home/tedee/ros2_ws/install/py_pubsub:/home/tedee/ros2_ws/install/dijkstra_planner:/home/tedee/ros2_ws/install/aruco:/opt/ros/humble /usr/bin/cmake --install /home/tedee/turtlebot4_ws/build/turtlebot4_desktop
