[0.060s] Invoking command in '/home/tedee/turtlebot4_ws/build/turtlebot4_ignition_toolbox': CMAKE_PREFIX_PATH=${CMAKE_PREFIX_PATH}:/home/tedee/ros2_ws/install/webots_ros2:/home/tedee/ros2_ws/install/webots_ros2_universal_robot:/home/tedee/ros2_ws/install/webots_ros2_turtlebot:/home/tedee/ros2_ws/install/webots_ros2_tiago:/home/tedee/ros2_ws/install/webots_ros2_tests:/home/tedee/ros2_ws/install/webots_ros2_tesla:/home/tedee/ros2_ws/install/webots_ros2_mavic:/home/tedee/ros2_ws/install/webots_ros2_husarion:/home/tedee/ros2_ws/install/webots_ros2_epuck:/home/tedee/ros2_ws/install/webots_ros2_crazyflie:/home/tedee/ros2_ws/install/my_robot_controller:/home/tedee/ros2_ws/install/webots_ros2_importer:/home/tedee/ros2_ws/install/webots_robot:/home/tedee/ros2_ws/install/webots_extern:/home/tedee/ros2_ws/install/py_pubsub:/home/tedee/ros2_ws/install/dijkstra_planner:/home/tedee/ros2_ws/install/aruco:/opt/ros/humble /usr/bin/cmake --build /home/tedee/turtlebot4_ws/build/turtlebot4_ignition_toolbox -- -j20 -l20
[0.393s] [35m[1mConsolidate compiler generated dependencies of target turtlebot4_ignition_toolbox_lib[0m
[0.546s] [ 60%] Built target turtlebot4_ignition_toolbox_lib
[0.565s] [35m[1mConsolidate compiler generated dependencies of target turtlebot4_ignition_hmi_node[0m
[0.592s] [100%] Built target turtlebot4_ignition_hmi_node
[0.610s] Invoked command in '/home/tedee/turtlebot4_ws/build/turtlebot4_ignition_toolbox' returned '0': CMAKE_PREFIX_PATH=${CMAKE_PREFIX_PATH}:/home/tedee/ros2_ws/install/webots_ros2:/home/tedee/ros2_ws/install/webots_ros2_universal_robot:/home/tedee/ros2_ws/install/webots_ros2_turtlebot:/home/tedee/ros2_ws/install/webots_ros2_tiago:/home/tedee/ros2_ws/install/webots_ros2_tests:/home/tedee/ros2_ws/install/webots_ros2_tesla:/home/tedee/ros2_ws/install/webots_ros2_mavic:/home/tedee/ros2_ws/install/webots_ros2_husarion:/home/tedee/ros2_ws/install/webots_ros2_epuck:/home/tedee/ros2_ws/install/webots_ros2_crazyflie:/home/tedee/ros2_ws/install/my_robot_controller:/home/tedee/ros2_ws/install/webots_ros2_importer:/home/tedee/ros2_ws/install/webots_robot:/home/tedee/ros2_ws/install/webots_extern:/home/tedee/ros2_ws/install/py_pubsub:/home/tedee/ros2_ws/install/dijkstra_planner:/home/tedee/ros2_ws/install/aruco:/opt/ros/humble /usr/bin/cmake --build /home/tedee/turtlebot4_ws/build/turtlebot4_ignition_toolbox -- -j20 -l20
[0.628s] Invoking command in '/home/tedee/turtlebot4_ws/build/turtlebot4_ignition_toolbox': CMAKE_PREFIX_PATH=${CMAKE_PREFIX_PATH}:/home/tedee/ros2_ws/install/webots_ros2:/home/tedee/ros2_ws/install/webots_ros2_universal_robot:/home/tedee/ros2_ws/install/webots_ros2_turtlebot:/home/tedee/ros2_ws/install/webots_ros2_tiago:/home/tedee/ros2_ws/install/webots_ros2_tests:/home/tedee/ros2_ws/install/webots_ros2_tesla:/home/tedee/ros2_ws/install/webots_ros2_mavic:/home/tedee/ros2_ws/install/webots_ros2_husarion:/home/tedee/ros2_ws/install/webots_ros2_epuck:/home/tedee/ros2_ws/install/webots_ros2_crazyflie:/home/tedee/ros2_ws/install/my_robot_controller:/home/tedee/ros2_ws/install/webots_ros2_importer:/home/tedee/ros2_ws/install/webots_robot:/home/tedee/ros2_ws/install/webots_extern:/home/tedee/ros2_ws/install/py_pubsub:/home/tedee/ros2_ws/install/dijkstra_planner:/home/tedee/ros2_ws/install/aruco:/opt/ros/humble /usr/bin/cmake --install /home/tedee/turtlebot4_ws/build/turtlebot4_ignition_toolbox
[0.639s] -- Install configuration: ""
[0.648s] -- Execute custom install script
[0.663s] -- Up-to-date symlink: /home/tedee/turtlebot4_ws/install/turtlebot4_ignition_toolbox/lib/turtlebot4_ignition_toolbox/turtlebot4_ignition_hmi_node
[0.672s] -- Up-to-date symlink: /home/tedee/turtlebot4_ws/install/turtlebot4_ignition_toolbox/share/ament_index/resource_index/package_run_dependencies/turtlebot4_ignition_toolbox
[0.674s] -- Up-to-date symlink: /home/tedee/turtlebot4_ws/install/turtlebot4_ignition_toolbox/share/ament_index/resource_index/parent_prefix_path/turtlebot4_ignition_toolbox
[0.685s] -- Up-to-date symlink: /home/tedee/turtlebot4_ws/install/turtlebot4_ignition_toolbox/share/turtlebot4_ignition_toolbox/environment/ament_prefix_path.sh
[0.692s] -- Up-to-date symlink: /home/tedee/turtlebot4_ws/install/turtlebot4_ignition_toolbox/share/turtlebot4_ignition_toolbox/environment/ament_prefix_path.dsv
[0.700s] -- Up-to-date symlink: /home/tedee/turtlebot4_ws/install/turtlebot4_ignition_toolbox/share/turtlebot4_ignition_toolbox/environment/path.sh
[0.700s] -- Up-to-date symlink: /home/tedee/turtlebot4_ws/install/turtlebot4_ignition_toolbox/share/turtlebot4_ignition_toolbox/environment/path.dsv
[0.707s] -- Up-to-date symlink: /home/tedee/turtlebot4_ws/install/turtlebot4_ignition_toolbox/share/turtlebot4_ignition_toolbox/local_setup.bash
[0.714s] -- Up-to-date symlink: /home/tedee/turtlebot4_ws/install/turtlebot4_ignition_toolbox/share/turtlebot4_ignition_toolbox/local_setup.sh
[0.721s] -- Up-to-date symlink: /home/tedee/turtlebot4_ws/install/turtlebot4_ignition_toolbox/share/turtlebot4_ignition_toolbox/local_setup.zsh
[0.723s] -- Up-to-date symlink: /home/tedee/turtlebot4_ws/install/turtlebot4_ignition_toolbox/share/turtlebot4_ignition_toolbox/local_setup.dsv
[0.723s] -- Symlinking: /home/tedee/turtlebot4_ws/install/turtlebot4_ignition_toolbox/share/turtlebot4_ignition_toolbox/package.dsv
[0.740s] -- Up-to-date symlink: /home/tedee/turtlebot4_ws/install/turtlebot4_ignition_toolbox/share/ament_index/resource_index/packages/turtlebot4_ignition_toolbox
[0.741s] -- Up-to-date symlink: /home/tedee/turtlebot4_ws/install/turtlebot4_ignition_toolbox/share/turtlebot4_ignition_toolbox/cmake/ament_cmake_export_include_directories-extras.cmake
[0.742s] -- Up-to-date symlink: /home/tedee/turtlebot4_ws/install/turtlebot4_ignition_toolbox/share/turtlebot4_ignition_toolbox/cmake/turtlebot4_ignition_toolboxConfig.cmake
[0.749s] -- Up-to-date symlink: /home/tedee/turtlebot4_ws/install/turtlebot4_ignition_toolbox/share/turtlebot4_ignition_toolbox/cmake/turtlebot4_ignition_toolboxConfig-version.cmake
[0.757s] -- Up-to-date symlink: /home/tedee/turtlebot4_ws/install/turtlebot4_ignition_toolbox/share/turtlebot4_ignition_toolbox/package.xml
[0.761s] Invoked command in '/home/tedee/turtlebot4_ws/build/turtlebot4_ignition_toolbox' returned '0': CMAKE_PREFIX_PATH=${CMAKE_PREFIX_PATH}:/home/tedee/ros2_ws/install/webots_ros2:/home/tedee/ros2_ws/install/webots_ros2_universal_robot:/home/tedee/ros2_ws/install/webots_ros2_turtlebot:/home/tedee/ros2_ws/install/webots_ros2_tiago:/home/tedee/ros2_ws/install/webots_ros2_tests:/home/tedee/ros2_ws/install/webots_ros2_tesla:/home/tedee/ros2_ws/install/webots_ros2_mavic:/home/tedee/ros2_ws/install/webots_ros2_husarion:/home/tedee/ros2_ws/install/webots_ros2_epuck:/home/tedee/ros2_ws/install/webots_ros2_crazyflie:/home/tedee/ros2_ws/install/my_robot_controller:/home/tedee/ros2_ws/install/webots_ros2_importer:/home/tedee/ros2_ws/install/webots_robot:/home/tedee/ros2_ws/install/webots_extern:/home/tedee/ros2_ws/install/py_pubsub:/home/tedee/ros2_ws/install/dijkstra_planner:/home/tedee/ros2_ws/install/aruco:/opt/ros/humble /usr/bin/cmake --install /home/tedee/turtlebot4_ws/build/turtlebot4_ignition_toolbox
