[0.009s] Invoking command in '/home/tedee/turtlebot4_ws/build/turtlebot4_ignition_bringup': AMENT_PREFIX_PATH=/home/tedee/turtlebot4_ws/install/turtlebot4_viz:/home/tedee/turtlebot4_ws/install/turtlebot4_ignition_toolbox:/home/tedee/turtlebot4_ws/install/turtlebot4_ignition_gui_plugins:${AMENT_PREFIX_PATH} CMAKE_PREFIX_PATH=/home/tedee/turtlebot4_ws/install/turtlebot4_viz:/home/tedee/turtlebot4_ws/install/turtlebot4_ignition_toolbox:/home/tedee/turtlebot4_ws/install/turtlebot4_ignition_gui_plugins:/home/tedee/ros2_ws/install/webots_ros2_control:/home/tedee/ros2_ws/install/webots_ros2_driver:/home/tedee/ros2_ws/install/webots_ros2_msgs:/home/tedee/ros2_ws/install/webots_ros2:/home/tedee/ros2_ws/install/webots_ros2_universal_robot:/home/tedee/ros2_ws/install/webots_ros2_turtlebot:/home/tedee/ros2_ws/install/webots_ros2_tiago:/home/tedee/ros2_ws/install/webots_ros2_tests:/home/tedee/ros2_ws/install/webots_ros2_tesla:/home/tedee/ros2_ws/install/webots_ros2_mavic:/home/tedee/ros2_ws/install/webots_ros2_husarion:/home/tedee/ros2_ws/install/webots_ros2_epuck:/home/tedee/ros2_ws/install/webots_ros2_crazyflie:/home/tedee/ros2_ws/install/my_robot_controller:/home/tedee/ros2_ws/install/webots_ros2_importer:/home/tedee/ros2_ws/install/webots_robot:/home/tedee/ros2_ws/install/webots_extern:/home/tedee/ros2_ws/install/py_pubsub:/home/tedee/ros2_ws/install/dijkstra_planner:/home/tedee/ros2_ws/install/aruco:/opt/ros/humble /usr/bin/cmake /home/tedee/turtlebot4_ws/src/turtlebot4_simulator/turtlebot4_ignition_bringup -DCMAKE_INSTALL_PREFIX=/home/tedee/turtlebot4_ws/install/turtlebot4_ignition_bringup
[0.021s] -- Found ament_cmake: 1.3.11 (/opt/ros/humble/share/ament_cmake/cmake)
[0.103s] -- Override CMake install command with custom implementation using symlinks instead of copying resources
[0.109s] -- Found ros_ign_interfaces: 0.244.20 (/opt/ros/humble/share/ros_ign_interfaces/cmake)
[0.124s] -- Found rosidl_generator_c: 3.1.6 (/opt/ros/humble/share/rosidl_generator_c/cmake)
[0.125s] -- Found rosidl_adapter: 3.1.6 (/opt/ros/humble/share/rosidl_adapter/cmake)
[0.128s] -- Found rosidl_generator_cpp: 3.1.6 (/opt/ros/humble/share/rosidl_generator_cpp/cmake)
[0.134s] -- Using all available rosidl_typesupport_c: rosidl_typesupport_fastrtps_c;rosidl_typesupport_introspection_c
[0.140s] -- Using all available rosidl_typesupport_cpp: rosidl_typesupport_fastrtps_cpp;rosidl_typesupport_introspection_cpp
[0.197s] -- Found ament_lint_auto: 0.12.12 (/opt/ros/humble/share/ament_lint_auto/cmake)
[0.244s] -- Added test 'copyright' to check source files copyright and LICENSE
[0.246s] -- Added test 'flake8' to check Python code syntax and style conventions
[0.246s] -- Added test 'lint_cmake' to check CMake code style
[0.246s] -- Added test 'pep257' to check Python code against some of the docstring style conventions in PEP 257
[0.247s] -- Added test 'xmllint' to check XML markup files
[0.248s] -- Configuring done
[0.253s] -- Generating done
[0.254s] -- Build files have been written to: /home/tedee/turtlebot4_ws/build/turtlebot4_ignition_bringup
[0.258s] Invoked command in '/home/tedee/turtlebot4_ws/build/turtlebot4_ignition_bringup' returned '0': AMENT_PREFIX_PATH=/home/tedee/turtlebot4_ws/install/turtlebot4_viz:/home/tedee/turtlebot4_ws/install/turtlebot4_ignition_toolbox:/home/tedee/turtlebot4_ws/install/turtlebot4_ignition_gui_plugins:${AMENT_PREFIX_PATH} CMAKE_PREFIX_PATH=/home/tedee/turtlebot4_ws/install/turtlebot4_viz:/home/tedee/turtlebot4_ws/install/turtlebot4_ignition_toolbox:/home/tedee/turtlebot4_ws/install/turtlebot4_ignition_gui_plugins:/home/tedee/ros2_ws/install/webots_ros2_control:/home/tedee/ros2_ws/install/webots_ros2_driver:/home/tedee/ros2_ws/install/webots_ros2_msgs:/home/tedee/ros2_ws/install/webots_ros2:/home/tedee/ros2_ws/install/webots_ros2_universal_robot:/home/tedee/ros2_ws/install/webots_ros2_turtlebot:/home/tedee/ros2_ws/install/webots_ros2_tiago:/home/tedee/ros2_ws/install/webots_ros2_tests:/home/tedee/ros2_ws/install/webots_ros2_tesla:/home/tedee/ros2_ws/install/webots_ros2_mavic:/home/tedee/ros2_ws/install/webots_ros2_husarion:/home/tedee/ros2_ws/install/webots_ros2_epuck:/home/tedee/ros2_ws/install/webots_ros2_crazyflie:/home/tedee/ros2_ws/install/my_robot_controller:/home/tedee/ros2_ws/install/webots_ros2_importer:/home/tedee/ros2_ws/install/webots_robot:/home/tedee/ros2_ws/install/webots_extern:/home/tedee/ros2_ws/install/py_pubsub:/home/tedee/ros2_ws/install/dijkstra_planner:/home/tedee/ros2_ws/install/aruco:/opt/ros/humble /usr/bin/cmake /home/tedee/turtlebot4_ws/src/turtlebot4_simulator/turtlebot4_ignition_bringup -DCMAKE_INSTALL_PREFIX=/home/tedee/turtlebot4_ws/install/turtlebot4_ignition_bringup
[0.259s] Invoking command in '/home/tedee/turtlebot4_ws/build/turtlebot4_ignition_bringup': AMENT_PREFIX_PATH=/home/tedee/turtlebot4_ws/install/turtlebot4_viz:/home/tedee/turtlebot4_ws/install/turtlebot4_ignition_toolbox:/home/tedee/turtlebot4_ws/install/turtlebot4_ignition_gui_plugins:${AMENT_PREFIX_PATH} CMAKE_PREFIX_PATH=/home/tedee/turtlebot4_ws/install/turtlebot4_viz:/home/tedee/turtlebot4_ws/install/turtlebot4_ignition_toolbox:/home/tedee/turtlebot4_ws/install/turtlebot4_ignition_gui_plugins:/home/tedee/ros2_ws/install/webots_ros2_control:/home/tedee/ros2_ws/install/webots_ros2_driver:/home/tedee/ros2_ws/install/webots_ros2_msgs:/home/tedee/ros2_ws/install/webots_ros2:/home/tedee/ros2_ws/install/webots_ros2_universal_robot:/home/tedee/ros2_ws/install/webots_ros2_turtlebot:/home/tedee/ros2_ws/install/webots_ros2_tiago:/home/tedee/ros2_ws/install/webots_ros2_tests:/home/tedee/ros2_ws/install/webots_ros2_tesla:/home/tedee/ros2_ws/install/webots_ros2_mavic:/home/tedee/ros2_ws/install/webots_ros2_husarion:/home/tedee/ros2_ws/install/webots_ros2_epuck:/home/tedee/ros2_ws/install/webots_ros2_crazyflie:/home/tedee/ros2_ws/install/my_robot_controller:/home/tedee/ros2_ws/install/webots_ros2_importer:/home/tedee/ros2_ws/install/webots_robot:/home/tedee/ros2_ws/install/webots_extern:/home/tedee/ros2_ws/install/py_pubsub:/home/tedee/ros2_ws/install/dijkstra_planner:/home/tedee/ros2_ws/install/aruco:/opt/ros/humble /usr/bin/cmake --build /home/tedee/turtlebot4_ws/build/turtlebot4_ignition_bringup -- -j20 -l20
[0.288s] Invoked command in '/home/tedee/turtlebot4_ws/build/turtlebot4_ignition_bringup' returned '0': AMENT_PREFIX_PATH=/home/tedee/turtlebot4_ws/install/turtlebot4_viz:/home/tedee/turtlebot4_ws/install/turtlebot4_ignition_toolbox:/home/tedee/turtlebot4_ws/install/turtlebot4_ignition_gui_plugins:${AMENT_PREFIX_PATH} CMAKE_PREFIX_PATH=/home/tedee/turtlebot4_ws/install/turtlebot4_viz:/home/tedee/turtlebot4_ws/install/turtlebot4_ignition_toolbox:/home/tedee/turtlebot4_ws/install/turtlebot4_ignition_gui_plugins:/home/tedee/ros2_ws/install/webots_ros2_control:/home/tedee/ros2_ws/install/webots_ros2_driver:/home/tedee/ros2_ws/install/webots_ros2_msgs:/home/tedee/ros2_ws/install/webots_ros2:/home/tedee/ros2_ws/install/webots_ros2_universal_robot:/home/tedee/ros2_ws/install/webots_ros2_turtlebot:/home/tedee/ros2_ws/install/webots_ros2_tiago:/home/tedee/ros2_ws/install/webots_ros2_tests:/home/tedee/ros2_ws/install/webots_ros2_tesla:/home/tedee/ros2_ws/install/webots_ros2_mavic:/home/tedee/ros2_ws/install/webots_ros2_husarion:/home/tedee/ros2_ws/install/webots_ros2_epuck:/home/tedee/ros2_ws/install/webots_ros2_crazyflie:/home/tedee/ros2_ws/install/my_robot_controller:/home/tedee/ros2_ws/install/webots_ros2_importer:/home/tedee/ros2_ws/install/webots_robot:/home/tedee/ros2_ws/install/webots_extern:/home/tedee/ros2_ws/install/py_pubsub:/home/tedee/ros2_ws/install/dijkstra_planner:/home/tedee/ros2_ws/install/aruco:/opt/ros/humble /usr/bin/cmake --build /home/tedee/turtlebot4_ws/build/turtlebot4_ignition_bringup -- -j20 -l20
[0.289s] Invoking command in '/home/tedee/turtlebot4_ws/build/turtlebot4_ignition_bringup': AMENT_PREFIX_PATH=/home/tedee/turtlebot4_ws/install/turtlebot4_viz:/home/tedee/turtlebot4_ws/install/turtlebot4_ignition_toolbox:/home/tedee/turtlebot4_ws/install/turtlebot4_ignition_gui_plugins:${AMENT_PREFIX_PATH} CMAKE_PREFIX_PATH=/home/tedee/turtlebot4_ws/install/turtlebot4_viz:/home/tedee/turtlebot4_ws/install/turtlebot4_ignition_toolbox:/home/tedee/turtlebot4_ws/install/turtlebot4_ignition_gui_plugins:/home/tedee/ros2_ws/install/webots_ros2_control:/home/tedee/ros2_ws/install/webots_ros2_driver:/home/tedee/ros2_ws/install/webots_ros2_msgs:/home/tedee/ros2_ws/install/webots_ros2:/home/tedee/ros2_ws/install/webots_ros2_universal_robot:/home/tedee/ros2_ws/install/webots_ros2_turtlebot:/home/tedee/ros2_ws/install/webots_ros2_tiago:/home/tedee/ros2_ws/install/webots_ros2_tests:/home/tedee/ros2_ws/install/webots_ros2_tesla:/home/tedee/ros2_ws/install/webots_ros2_mavic:/home/tedee/ros2_ws/install/webots_ros2_husarion:/home/tedee/ros2_ws/install/webots_ros2_epuck:/home/tedee/ros2_ws/install/webots_ros2_crazyflie:/home/tedee/ros2_ws/install/my_robot_controller:/home/tedee/ros2_ws/install/webots_ros2_importer:/home/tedee/ros2_ws/install/webots_robot:/home/tedee/ros2_ws/install/webots_extern:/home/tedee/ros2_ws/install/py_pubsub:/home/tedee/ros2_ws/install/dijkstra_planner:/home/tedee/ros2_ws/install/aruco:/opt/ros/humble /usr/bin/cmake --install /home/tedee/turtlebot4_ws/build/turtlebot4_ignition_bringup
[0.295s] -- Install configuration: ""
[0.295s] -- Execute custom install script
[0.296s] -- Up-to-date symlink: /home/tedee/turtlebot4_ws/install/turtlebot4_ignition_bringup/share/turtlebot4_ignition_bringup/config/turtlebot4_node.yaml
[0.296s] -- Up-to-date symlink: /home/tedee/turtlebot4_ws/install/turtlebot4_ignition_bringup/share/turtlebot4_ignition_bringup/gui/lite/gui.config
[0.296s] -- Up-to-date symlink: /home/tedee/turtlebot4_ws/install/turtlebot4_ignition_bringup/share/turtlebot4_ignition_bringup/gui/standard/gui.config
[0.296s] -- Up-to-date symlink: /home/tedee/turtlebot4_ws/install/turtlebot4_ignition_bringup/share/turtlebot4_ignition_bringup/launch/ignition.launch.py
[0.296s] -- Up-to-date symlink: /home/tedee/turtlebot4_ws/install/turtlebot4_ignition_bringup/share/turtlebot4_ignition_bringup/launch/ros_ign_bridge.launch.py
[0.296s] -- Up-to-date symlink: /home/tedee/turtlebot4_ws/install/turtlebot4_ignition_bringup/share/turtlebot4_ignition_bringup/launch/turtlebot4_ignition.launch.py
[0.296s] -- Up-to-date symlink: /home/tedee/turtlebot4_ws/install/turtlebot4_ignition_bringup/share/turtlebot4_ignition_bringup/launch/turtlebot4_nodes.launch.py
[0.296s] -- Up-to-date symlink: /home/tedee/turtlebot4_ws/install/turtlebot4_ignition_bringup/share/turtlebot4_ignition_bringup/launch/turtlebot4_spawn.launch.py
[0.297s] -- Up-to-date symlink: /home/tedee/turtlebot4_ws/install/turtlebot4_ignition_bringup/share/turtlebot4_ignition_bringup/worlds/depot.sdf
[0.297s] -- Up-to-date symlink: /home/tedee/turtlebot4_ws/install/turtlebot4_ignition_bringup/share/turtlebot4_ignition_bringup/worlds/maze.sdf
[0.297s] -- Up-to-date symlink: /home/tedee/turtlebot4_ws/install/turtlebot4_ignition_bringup/share/turtlebot4_ignition_bringup/worlds/warehouse.sdf
[0.297s] -- Up-to-date symlink: /home/tedee/turtlebot4_ws/install/turtlebot4_ignition_bringup/share/ament_index/resource_index/package_run_dependencies/turtlebot4_ignition_bringup
[0.297s] -- Up-to-date symlink: /home/tedee/turtlebot4_ws/install/turtlebot4_ignition_bringup/share/ament_index/resource_index/parent_prefix_path/turtlebot4_ignition_bringup
[0.297s] -- Up-to-date symlink: /home/tedee/turtlebot4_ws/install/turtlebot4_ignition_bringup/share/turtlebot4_ignition_bringup/environment/ament_prefix_path.sh
[0.297s] -- Up-to-date symlink: /home/tedee/turtlebot4_ws/install/turtlebot4_ignition_bringup/share/turtlebot4_ignition_bringup/environment/ament_prefix_path.dsv
[0.297s] -- Up-to-date symlink: /home/tedee/turtlebot4_ws/install/turtlebot4_ignition_bringup/share/turtlebot4_ignition_bringup/environment/path.sh
[0.298s] -- Up-to-date symlink: /home/tedee/turtlebot4_ws/install/turtlebot4_ignition_bringup/share/turtlebot4_ignition_bringup/environment/path.dsv
[0.298s] -- Up-to-date symlink: /home/tedee/turtlebot4_ws/install/turtlebot4_ignition_bringup/share/turtlebot4_ignition_bringup/local_setup.bash
[0.298s] -- Up-to-date symlink: /home/tedee/turtlebot4_ws/install/turtlebot4_ignition_bringup/share/turtlebot4_ignition_bringup/local_setup.sh
[0.298s] -- Up-to-date symlink: /home/tedee/turtlebot4_ws/install/turtlebot4_ignition_bringup/share/turtlebot4_ignition_bringup/local_setup.zsh
[0.298s] -- Up-to-date symlink: /home/tedee/turtlebot4_ws/install/turtlebot4_ignition_bringup/share/turtlebot4_ignition_bringup/local_setup.dsv
[0.298s] -- Symlinking: /home/tedee/turtlebot4_ws/install/turtlebot4_ignition_bringup/share/turtlebot4_ignition_bringup/package.dsv
[0.304s] -- Up-to-date symlink: /home/tedee/turtlebot4_ws/install/turtlebot4_ignition_bringup/share/ament_index/resource_index/packages/turtlebot4_ignition_bringup
[0.304s] -- Up-to-date symlink: /home/tedee/turtlebot4_ws/install/turtlebot4_ignition_bringup/share/turtlebot4_ignition_bringup/cmake/turtlebot4_ignition_bringupConfig.cmake
[0.304s] -- Up-to-date symlink: /home/tedee/turtlebot4_ws/install/turtlebot4_ignition_bringup/share/turtlebot4_ignition_bringup/cmake/turtlebot4_ignition_bringupConfig-version.cmake
[0.304s] -- Up-to-date symlink: /home/tedee/turtlebot4_ws/install/turtlebot4_ignition_bringup/share/turtlebot4_ignition_bringup/package.xml
[0.306s] Invoked command in '/home/tedee/turtlebot4_ws/build/turtlebot4_ignition_bringup' returned '0': AMENT_PREFIX_PATH=/home/tedee/turtlebot4_ws/install/turtlebot4_viz:/home/tedee/turtlebot4_ws/install/turtlebot4_ignition_toolbox:/home/tedee/turtlebot4_ws/install/turtlebot4_ignition_gui_plugins:${AMENT_PREFIX_PATH} CMAKE_PREFIX_PATH=/home/tedee/turtlebot4_ws/install/turtlebot4_viz:/home/tedee/turtlebot4_ws/install/turtlebot4_ignition_toolbox:/home/tedee/turtlebot4_ws/install/turtlebot4_ignition_gui_plugins:/home/tedee/ros2_ws/install/webots_ros2_control:/home/tedee/ros2_ws/install/webots_ros2_driver:/home/tedee/ros2_ws/install/webots_ros2_msgs:/home/tedee/ros2_ws/install/webots_ros2:/home/tedee/ros2_ws/install/webots_ros2_universal_robot:/home/tedee/ros2_ws/install/webots_ros2_turtlebot:/home/tedee/ros2_ws/install/webots_ros2_tiago:/home/tedee/ros2_ws/install/webots_ros2_tests:/home/tedee/ros2_ws/install/webots_ros2_tesla:/home/tedee/ros2_ws/install/webots_ros2_mavic:/home/tedee/ros2_ws/install/webots_ros2_husarion:/home/tedee/ros2_ws/install/webots_ros2_epuck:/home/tedee/ros2_ws/install/webots_ros2_crazyflie:/home/tedee/ros2_ws/install/my_robot_controller:/home/tedee/ros2_ws/install/webots_ros2_importer:/home/tedee/ros2_ws/install/webots_robot:/home/tedee/ros2_ws/install/webots_extern:/home/tedee/ros2_ws/install/py_pubsub:/home/tedee/ros2_ws/install/dijkstra_planner:/home/tedee/ros2_ws/install/aruco:/opt/ros/humble /usr/bin/cmake --install /home/tedee/turtlebot4_ws/build/turtlebot4_ignition_bringup
