-- Found ament_cmake: 1.3.11 (/opt/ros/humble/share/ament_cmake/cmake)
-- Override CMake install command with custom implementation using symlinks instead of copying resources
-- Configuring done
-- Generating done
-- Build files have been written to: /home/tedee/turtlebot4_ws/build/turtlebot4_simulator
-- Install configuration: ""
-- Execute custom install script
-- Up-to-date symlink: /home/tedee/turtlebot4_ws/install/turtlebot4_simulator/share/ament_index/resource_index/package_run_dependencies/turtlebot4_simulator
-- Up-to-date symlink: /home/tedee/turtlebot4_ws/install/turtlebot4_simulator/share/ament_index/resource_index/parent_prefix_path/turtlebot4_simulator
-- Up-to-date symlink: /home/tedee/turtlebot4_ws/install/turtlebot4_simulator/share/turtlebot4_simulator/environment/ament_prefix_path.sh
-- Up-to-date symlink: /home/tedee/turtlebot4_ws/install/turtlebot4_simulator/share/turtlebot4_simulator/environment/ament_prefix_path.dsv
-- Up-to-date symlink: /home/tedee/turtlebot4_ws/install/turtlebot4_simulator/share/turtlebot4_simulator/environment/path.sh
-- Up-to-date symlink: /home/tedee/turtlebot4_ws/install/turtlebot4_simulator/share/turtlebot4_simulator/environment/path.dsv
-- Up-to-date symlink: /home/tedee/turtlebot4_ws/install/turtlebot4_simulator/share/turtlebot4_simulator/local_setup.bash
-- Up-to-date symlink: /home/tedee/turtlebot4_ws/install/turtlebot4_simulator/share/turtlebot4_simulator/local_setup.sh
-- Up-to-date symlink: /home/tedee/turtlebot4_ws/install/turtlebot4_simulator/share/turtlebot4_simulator/local_setup.zsh
-- Up-to-date symlink: /home/tedee/turtlebot4_ws/install/turtlebot4_simulator/share/turtlebot4_simulator/local_setup.dsv
-- Symlinking: /home/tedee/turtlebot4_ws/install/turtlebot4_simulator/share/turtlebot4_simulator/package.dsv
-- Up-to-date symlink: /home/tedee/turtlebot4_ws/install/turtlebot4_simulator/share/ament_index/resource_index/packages/turtlebot4_simulator
-- Up-to-date symlink: /home/tedee/turtlebot4_ws/install/turtlebot4_simulator/share/turtlebot4_simulator/cmake/turtlebot4_simulatorConfig.cmake
-- Up-to-date symlink: /home/tedee/turtlebot4_ws/install/turtlebot4_simulator/share/turtlebot4_simulator/cmake/turtlebot4_simulatorConfig-version.cmake
-- Up-to-date symlink: /home/tedee/turtlebot4_ws/install/turtlebot4_simulator/share/turtlebot4_simulator/package.xml
