[0.023s] Invoking command in '/home/tedee/turtlebot4_ws/build/turtlebot4_viz': CMAKE_PREFIX_PATH=${CMAKE_PREFIX_PATH}:/home/tedee/ros2_ws/install/webots_ros2:/home/tedee/ros2_ws/install/webots_ros2_universal_robot:/home/tedee/ros2_ws/install/webots_ros2_turtlebot:/home/tedee/ros2_ws/install/webots_ros2_tiago:/home/tedee/ros2_ws/install/webots_ros2_tests:/home/tedee/ros2_ws/install/webots_ros2_tesla:/home/tedee/ros2_ws/install/webots_ros2_mavic:/home/tedee/ros2_ws/install/webots_ros2_husarion:/home/tedee/ros2_ws/install/webots_ros2_epuck:/home/tedee/ros2_ws/install/webots_ros2_crazyflie:/home/tedee/ros2_ws/install/my_robot_controller:/home/tedee/ros2_ws/install/webots_ros2_importer:/home/tedee/ros2_ws/install/webots_robot:/home/tedee/ros2_ws/install/webots_extern:/home/tedee/ros2_ws/install/py_pubsub:/home/tedee/ros2_ws/install/dijkstra_planner:/home/tedee/ros2_ws/install/aruco:/opt/ros/humble /usr/bin/cmake /home/tedee/turtlebot4_ws/src/turtlebot4_desktop/turtlebot4_viz -DCMAKE_INSTALL_PREFIX=/home/tedee/turtlebot4_ws/install/turtlebot4_viz
[0.136s] -- Found ament_cmake: 1.3.11 (/opt/ros/humble/share/ament_cmake/cmake)
[0.251s] -- Override CMake install command with custom implementation using symlinks instead of copying resources
[0.278s] -- Found ament_lint_auto: 0.12.12 (/opt/ros/humble/share/ament_lint_auto/cmake)
[0.405s] -- Added test 'copyright' to check source files copyright and LICENSE
[0.406s] -- Added test 'flake8' to check Python code syntax and style conventions
[0.407s] -- Added test 'lint_cmake' to check CMake code style
[0.407s] -- Added test 'pep257' to check Python code against some of the docstring style conventions in PEP 257
[0.408s] -- Added test 'xmllint' to check XML markup files
[0.410s] -- Configuring done
[0.434s] -- Generating done
[0.435s] -- Build files have been written to: /home/tedee/turtlebot4_ws/build/turtlebot4_viz
[0.439s] Invoked command in '/home/tedee/turtlebot4_ws/build/turtlebot4_viz' returned '0': CMAKE_PREFIX_PATH=${CMAKE_PREFIX_PATH}:/home/tedee/ros2_ws/install/webots_ros2:/home/tedee/ros2_ws/install/webots_ros2_universal_robot:/home/tedee/ros2_ws/install/webots_ros2_turtlebot:/home/tedee/ros2_ws/install/webots_ros2_tiago:/home/tedee/ros2_ws/install/webots_ros2_tests:/home/tedee/ros2_ws/install/webots_ros2_tesla:/home/tedee/ros2_ws/install/webots_ros2_mavic:/home/tedee/ros2_ws/install/webots_ros2_husarion:/home/tedee/ros2_ws/install/webots_ros2_epuck:/home/tedee/ros2_ws/install/webots_ros2_crazyflie:/home/tedee/ros2_ws/install/my_robot_controller:/home/tedee/ros2_ws/install/webots_ros2_importer:/home/tedee/ros2_ws/install/webots_robot:/home/tedee/ros2_ws/install/webots_extern:/home/tedee/ros2_ws/install/py_pubsub:/home/tedee/ros2_ws/install/dijkstra_planner:/home/tedee/ros2_ws/install/aruco:/opt/ros/humble /usr/bin/cmake /home/tedee/turtlebot4_ws/src/turtlebot4_desktop/turtlebot4_viz -DCMAKE_INSTALL_PREFIX=/home/tedee/turtlebot4_ws/install/turtlebot4_viz
[0.440s] Invoking command in '/home/tedee/turtlebot4_ws/build/turtlebot4_viz': CMAKE_PREFIX_PATH=${CMAKE_PREFIX_PATH}:/home/tedee/ros2_ws/install/webots_ros2:/home/tedee/ros2_ws/install/webots_ros2_universal_robot:/home/tedee/ros2_ws/install/webots_ros2_turtlebot:/home/tedee/ros2_ws/install/webots_ros2_tiago:/home/tedee/ros2_ws/install/webots_ros2_tests:/home/tedee/ros2_ws/install/webots_ros2_tesla:/home/tedee/ros2_ws/install/webots_ros2_mavic:/home/tedee/ros2_ws/install/webots_ros2_husarion:/home/tedee/ros2_ws/install/webots_ros2_epuck:/home/tedee/ros2_ws/install/webots_ros2_crazyflie:/home/tedee/ros2_ws/install/my_robot_controller:/home/tedee/ros2_ws/install/webots_ros2_importer:/home/tedee/ros2_ws/install/webots_robot:/home/tedee/ros2_ws/install/webots_extern:/home/tedee/ros2_ws/install/py_pubsub:/home/tedee/ros2_ws/install/dijkstra_planner:/home/tedee/ros2_ws/install/aruco:/opt/ros/humble /usr/bin/cmake --build /home/tedee/turtlebot4_ws/build/turtlebot4_viz -- -j20 -l20
[0.471s] Invoked command in '/home/tedee/turtlebot4_ws/build/turtlebot4_viz' returned '0': CMAKE_PREFIX_PATH=${CMAKE_PREFIX_PATH}:/home/tedee/ros2_ws/install/webots_ros2:/home/tedee/ros2_ws/install/webots_ros2_universal_robot:/home/tedee/ros2_ws/install/webots_ros2_turtlebot:/home/tedee/ros2_ws/install/webots_ros2_tiago:/home/tedee/ros2_ws/install/webots_ros2_tests:/home/tedee/ros2_ws/install/webots_ros2_tesla:/home/tedee/ros2_ws/install/webots_ros2_mavic:/home/tedee/ros2_ws/install/webots_ros2_husarion:/home/tedee/ros2_ws/install/webots_ros2_epuck:/home/tedee/ros2_ws/install/webots_ros2_crazyflie:/home/tedee/ros2_ws/install/my_robot_controller:/home/tedee/ros2_ws/install/webots_ros2_importer:/home/tedee/ros2_ws/install/webots_robot:/home/tedee/ros2_ws/install/webots_extern:/home/tedee/ros2_ws/install/py_pubsub:/home/tedee/ros2_ws/install/dijkstra_planner:/home/tedee/ros2_ws/install/aruco:/opt/ros/humble /usr/bin/cmake --build /home/tedee/turtlebot4_ws/build/turtlebot4_viz -- -j20 -l20
[0.480s] Invoking command in '/home/tedee/turtlebot4_ws/build/turtlebot4_viz': CMAKE_PREFIX_PATH=${CMAKE_PREFIX_PATH}:/home/tedee/ros2_ws/install/webots_ros2:/home/tedee/ros2_ws/install/webots_ros2_universal_robot:/home/tedee/ros2_ws/install/webots_ros2_turtlebot:/home/tedee/ros2_ws/install/webots_ros2_tiago:/home/tedee/ros2_ws/install/webots_ros2_tests:/home/tedee/ros2_ws/install/webots_ros2_tesla:/home/tedee/ros2_ws/install/webots_ros2_mavic:/home/tedee/ros2_ws/install/webots_ros2_husarion:/home/tedee/ros2_ws/install/webots_ros2_epuck:/home/tedee/ros2_ws/install/webots_ros2_crazyflie:/home/tedee/ros2_ws/install/my_robot_controller:/home/tedee/ros2_ws/install/webots_ros2_importer:/home/tedee/ros2_ws/install/webots_robot:/home/tedee/ros2_ws/install/webots_extern:/home/tedee/ros2_ws/install/py_pubsub:/home/tedee/ros2_ws/install/dijkstra_planner:/home/tedee/ros2_ws/install/aruco:/opt/ros/humble /usr/bin/cmake --install /home/tedee/turtlebot4_ws/build/turtlebot4_viz
[0.484s] -- Install configuration: ""
[0.484s] -- Execute custom install script
[0.484s] -- Up-to-date symlink: /home/tedee/turtlebot4_ws/install/turtlebot4_viz/share/turtlebot4_viz/launch/view_diagnostics.launch.py
[0.484s] -- Up-to-date symlink: /home/tedee/turtlebot4_ws/install/turtlebot4_viz/share/turtlebot4_viz/launch/view_model.launch.py
[0.485s] -- Up-to-date symlink: /home/tedee/turtlebot4_ws/install/turtlebot4_viz/share/turtlebot4_viz/launch/view_robot.launch.py
[0.485s] -- Up-to-date symlink: /home/tedee/turtlebot4_ws/install/turtlebot4_viz/share/turtlebot4_viz/rviz/model.rviz
[0.485s] -- Up-to-date symlink: /home/tedee/turtlebot4_ws/install/turtlebot4_viz/share/turtlebot4_viz/rviz/robot.rviz
[0.485s] -- Up-to-date symlink: /home/tedee/turtlebot4_ws/install/turtlebot4_viz/share/ament_index/resource_index/package_run_dependencies/turtlebot4_viz
[0.485s] -- Up-to-date symlink: /home/tedee/turtlebot4_ws/install/turtlebot4_viz/share/ament_index/resource_index/parent_prefix_path/turtlebot4_viz
[0.485s] -- Up-to-date symlink: /home/tedee/turtlebot4_ws/install/turtlebot4_viz/share/turtlebot4_viz/environment/ament_prefix_path.sh
[0.485s] -- Up-to-date symlink: /home/tedee/turtlebot4_ws/install/turtlebot4_viz/share/turtlebot4_viz/environment/ament_prefix_path.dsv
[0.485s] -- Up-to-date symlink: /home/tedee/turtlebot4_ws/install/turtlebot4_viz/share/turtlebot4_viz/environment/path.sh
[0.485s] -- Up-to-date symlink: /home/tedee/turtlebot4_ws/install/turtlebot4_viz/share/turtlebot4_viz/environment/path.dsv
[0.485s] -- Up-to-date symlink: /home/tedee/turtlebot4_ws/install/turtlebot4_viz/share/turtlebot4_viz/local_setup.bash
[0.485s] -- Up-to-date symlink: /home/tedee/turtlebot4_ws/install/turtlebot4_viz/share/turtlebot4_viz/local_setup.sh
[0.485s] -- Up-to-date symlink: /home/tedee/turtlebot4_ws/install/turtlebot4_viz/share/turtlebot4_viz/local_setup.zsh
[0.485s] -- Up-to-date symlink: /home/tedee/turtlebot4_ws/install/turtlebot4_viz/share/turtlebot4_viz/local_setup.dsv
[0.485s] -- Symlinking: /home/tedee/turtlebot4_ws/install/turtlebot4_viz/share/turtlebot4_viz/package.dsv
[0.492s] -- Up-to-date symlink: /home/tedee/turtlebot4_ws/install/turtlebot4_viz/share/ament_index/resource_index/packages/turtlebot4_viz
[0.492s] -- Up-to-date symlink: /home/tedee/turtlebot4_ws/install/turtlebot4_viz/share/turtlebot4_viz/cmake/turtlebot4_vizConfig.cmake
[0.492s] -- Up-to-date symlink: /home/tedee/turtlebot4_ws/install/turtlebot4_viz/share/turtlebot4_viz/cmake/turtlebot4_vizConfig-version.cmake
[0.492s] -- Up-to-date symlink: /home/tedee/turtlebot4_ws/install/turtlebot4_viz/share/turtlebot4_viz/package.xml
[0.494s] Invoked command in '/home/tedee/turtlebot4_ws/build/turtlebot4_viz' returned '0': CMAKE_PREFIX_PATH=${CMAKE_PREFIX_PATH}:/home/tedee/ros2_ws/install/webots_ros2:/home/tedee/ros2_ws/install/webots_ros2_universal_robot:/home/tedee/ros2_ws/install/webots_ros2_turtlebot:/home/tedee/ros2_ws/install/webots_ros2_tiago:/home/tedee/ros2_ws/install/webots_ros2_tests:/home/tedee/ros2_ws/install/webots_ros2_tesla:/home/tedee/ros2_ws/install/webots_ros2_mavic:/home/tedee/ros2_ws/install/webots_ros2_husarion:/home/tedee/ros2_ws/install/webots_ros2_epuck:/home/tedee/ros2_ws/install/webots_ros2_crazyflie:/home/tedee/ros2_ws/install/my_robot_controller:/home/tedee/ros2_ws/install/webots_ros2_importer:/home/tedee/ros2_ws/install/webots_robot:/home/tedee/ros2_ws/install/webots_extern:/home/tedee/ros2_ws/install/py_pubsub:/home/tedee/ros2_ws/install/dijkstra_planner:/home/tedee/ros2_ws/install/aruco:/opt/ros/humble /usr/bin/cmake --install /home/tedee/turtlebot4_ws/build/turtlebot4_viz
