[0.018s] Invoking command in '/home/tedee/turtlebot4_ws/build/turtlebot4_ignition_gui_plugins': CMAKE_PREFIX_PATH=${CMAKE_PREFIX_PATH}:/home/tedee/ros2_ws/install/webots_ros2:/home/tedee/ros2_ws/install/webots_ros2_universal_robot:/home/tedee/ros2_ws/install/webots_ros2_turtlebot:/home/tedee/ros2_ws/install/webots_ros2_tiago:/home/tedee/ros2_ws/install/webots_ros2_tests:/home/tedee/ros2_ws/install/webots_ros2_tesla:/home/tedee/ros2_ws/install/webots_ros2_mavic:/home/tedee/ros2_ws/install/webots_ros2_husarion:/home/tedee/ros2_ws/install/webots_ros2_epuck:/home/tedee/ros2_ws/install/webots_ros2_crazyflie:/home/tedee/ros2_ws/install/my_robot_controller:/home/tedee/ros2_ws/install/webots_ros2_importer:/home/tedee/ros2_ws/install/webots_robot:/home/tedee/ros2_ws/install/webots_extern:/home/tedee/ros2_ws/install/py_pubsub:/home/tedee/ros2_ws/install/dijkstra_planner:/home/tedee/ros2_ws/install/aruco:/opt/ros/humble /usr/bin/cmake /home/tedee/turtlebot4_ws/src/turtlebot4_simulator/turtlebot4_ignition_gui_plugins -DAMENT_CMAKE_SYMLINK_INSTALL=1 -DCMAKE_INSTALL_PREFIX=/home/tedee/turtlebot4_ws/install/turtlebot4_ignition_gui_plugins
[0.952s] -- The C compiler identification is GNU 11.4.0
[1.644s] -- The CXX compiler identification is GNU 11.4.0
[1.706s] -- Detecting C compiler ABI info
[1.870s] -- Detecting C compiler ABI info - done
[1.875s] -- Check for working C compiler: /usr/bin/cc - skipped
[1.876s] -- Detecting C compile features
[1.877s] -- Detecting C compile features - done
[1.885s] -- Detecting CXX compiler ABI info
[1.985s] -- Detecting CXX compiler ABI info - done
[1.990s] -- Check for working CXX compiler: /usr/bin/c++ - skipped
[1.990s] -- Detecting CXX compile features
[1.990s] -- Detecting CXX compile features - done
[1.992s] -- Found ament_cmake: 1.3.11 (/opt/ros/humble/share/ament_cmake/cmake)
[2.129s] -- Found Python3: /usr/bin/python3 (found version "3.10.12") found components: Interpreter 
[2.185s] -- Override CMake install command with custom implementation using symlinks instead of copying resources
[2.269s] -- Found ament_lint_auto: 0.12.12 (/opt/ros/humble/share/ament_lint_auto/cmake)
[2.422s] -- Looking for ignition-gui6 -- found version 6.8.0
[2.443s] -- Searching for dependencies of ignition-gui6
[2.637s] -- Found Protobuf: /usr/lib/x86_64-linux-gnu/libprotobuf.so (found suitable version "3.12.4", minimum required is "3") 
[2.641s] -- Checking for module 'tinyxml2'
[2.651s] --   Found tinyxml2, version 9.0.0
[2.676s] -- Looking for ignition-math6 -- found version 6.15.1
[2.676s] -- Searching for dependencies of ignition-math6
[2.680s] -- Looking for ignition-common4 -- found version 4.7.0
[2.680s] -- Searching for dependencies of ignition-common4
[2.680s] -- Looking for dlfcn.h - found
[2.681s] -- Looking for libdl - found
[2.682s] -- Found DL: TRUE  
[2.686s] -- Checking for module 'uuid'
[2.696s] --   Found uuid, version 2.37.2
[2.723s] -- Found UUID: TRUE  
[2.724s] -- Searching for <ignition-common4> component [profiler]
[2.727s] -- Looking for ignition-common4-profiler -- found version 4.7.0
[2.728s] -- Searching for dependencies of ignition-common4-profiler
[2.733s] -- Looking for ignition-plugin1 -- found version 1.4.0
[2.733s] -- Searching for dependencies of ignition-plugin1
[2.733s] -- Searching for <ignition-plugin1> component [loader]
[2.736s] -- Looking for ignition-plugin1-loader -- found version 1.4.0
[2.736s] -- Searching for dependencies of ignition-plugin1-loader
[2.737s] -- Searching for <ignition-plugin1> component [register]
[2.740s] -- Looking for ignition-plugin1-register -- found version 1.4.0
[2.740s] -- Searching for dependencies of ignition-plugin1-register
[2.744s] -- Looking for ignition-transport11 -- found version 11.4.1
[2.744s] -- Searching for dependencies of ignition-transport11
[2.758s] -- Found Protobuf: /usr/lib/x86_64-linux-gnu/libprotobuf.so (found version "3.12.4") 
[2.766s] -- Config-file not installed for ZeroMQ -- checking for pkg-config
[2.770s] -- Checking for module 'libzmq >= 4'
[2.782s] --   Found libzmq , version 4.3.4
[2.808s] -- Found ZeroMQ: TRUE (Required is at least version "4") 
[2.820s] -- Looking for ignition-utils1 -- found version 1.5.1
[2.821s] -- Searching for dependencies of ignition-utils1
[2.821s] -- Searching for <ignition-utils1> component [cli]
[2.827s] -- Looking for ignition-utils1-cli -- found version 1.5.1
[2.828s] -- Searching for dependencies of ignition-utils1-cli
[2.831s] -- Looking for ignition-msgs8 -- found version 8.7.0
[2.832s] -- Searching for dependencies of ignition-msgs8
[2.845s] -- Found Protobuf: /usr/lib/x86_64-linux-gnu/libprotobuf.so (found suitable version "3.12.4", minimum required is "3") 
[2.845s] -- Looking for ignition-math6 -- found version 6.15.1
[2.861s] -- Looking for ignition-rendering6 -- found version 6.6.3
[2.862s] -- Searching for dependencies of ignition-rendering6
[2.862s] -- Looking for ignition-math6 -- found version 6.15.1
[2.862s] -- Searching for dependencies of ignition-math6
[2.862s] -- Searching for <ignition-math6> component [eigen3]
[2.865s] -- Looking for ignition-math6-eigen3 -- found version 6.15.1
[2.865s] -- Searching for dependencies of ignition-math6-eigen3
[2.878s] -- Looking for ignition-common4 -- found version 4.7.0
[2.878s] -- Searching for dependencies of ignition-common4
[2.879s] -- Looking for dlfcn.h - found
[2.879s] -- Looking for libdl - found
[2.886s] -- Searching for <ignition-common4> component [graphics]
[2.888s] -- Looking for ignition-common4-graphics -- found version 4.7.0
[2.888s] -- Searching for dependencies of ignition-common4-graphics
[2.889s] -- Looking for ignition-math6 -- found version 6.15.1
[2.889s] -- Looking for ignition-utils1 -- found version 1.5.1
[2.895s] -- Searching for <ignition-common4> component [events]
[2.898s] -- Looking for ignition-common4-events -- found version 4.7.0
[2.898s] -- Searching for dependencies of ignition-common4-events
[2.898s] -- Looking for ignition-math6 -- found version 6.15.1
[2.899s] -- Looking for ignition-plugin1 -- found version 1.4.0
[2.900s] -- Searching for dependencies of ignition-plugin1
[2.900s] -- Searching for <ignition-plugin1> component [all]
[2.902s] -- Looking for all libraries of ignition-plugin1 -- found version 1.4.0
[2.902s] -- Looking for ignition-plugin1 -- found version 1.4.0
[2.904s] -- Looking for ignition-msgs8 -- found version 8.7.0
[2.908s] -- Looking for ignition-common4 -- found version 4.7.0
[2.925s] -- Added test 'cppcheck' to perform static code analysis on C / C++ code
[2.925s] -- Configured cppcheck include dirs: 
[2.925s] -- Configured cppcheck exclude dirs and/or files: 
[2.933s] -- Added test 'cpplint' to check C / C++ code against the Google style
[2.933s] -- Configured cpplint exclude dirs and/or files: 
[2.940s] -- Added test 'lint_cmake' to check CMake code style
[2.941s] -- Added test 'xmllint' to check XML markup files
[2.944s] -- Configuring done
[2.960s] -- Generating done
[2.961s] -- Build files have been written to: /home/tedee/turtlebot4_ws/build/turtlebot4_ignition_gui_plugins
[2.967s] Invoked command in '/home/tedee/turtlebot4_ws/build/turtlebot4_ignition_gui_plugins' returned '0': CMAKE_PREFIX_PATH=${CMAKE_PREFIX_PATH}:/home/tedee/ros2_ws/install/webots_ros2:/home/tedee/ros2_ws/install/webots_ros2_universal_robot:/home/tedee/ros2_ws/install/webots_ros2_turtlebot:/home/tedee/ros2_ws/install/webots_ros2_tiago:/home/tedee/ros2_ws/install/webots_ros2_tests:/home/tedee/ros2_ws/install/webots_ros2_tesla:/home/tedee/ros2_ws/install/webots_ros2_mavic:/home/tedee/ros2_ws/install/webots_ros2_husarion:/home/tedee/ros2_ws/install/webots_ros2_epuck:/home/tedee/ros2_ws/install/webots_ros2_crazyflie:/home/tedee/ros2_ws/install/my_robot_controller:/home/tedee/ros2_ws/install/webots_ros2_importer:/home/tedee/ros2_ws/install/webots_robot:/home/tedee/ros2_ws/install/webots_extern:/home/tedee/ros2_ws/install/py_pubsub:/home/tedee/ros2_ws/install/dijkstra_planner:/home/tedee/ros2_ws/install/aruco:/opt/ros/humble /usr/bin/cmake /home/tedee/turtlebot4_ws/src/turtlebot4_simulator/turtlebot4_ignition_gui_plugins -DAMENT_CMAKE_SYMLINK_INSTALL=1 -DCMAKE_INSTALL_PREFIX=/home/tedee/turtlebot4_ws/install/turtlebot4_ignition_gui_plugins
[2.968s] Invoking command in '/home/tedee/turtlebot4_ws/build/turtlebot4_ignition_gui_plugins': CMAKE_PREFIX_PATH=${CMAKE_PREFIX_PATH}:/home/tedee/ros2_ws/install/webots_ros2:/home/tedee/ros2_ws/install/webots_ros2_universal_robot:/home/tedee/ros2_ws/install/webots_ros2_turtlebot:/home/tedee/ros2_ws/install/webots_ros2_tiago:/home/tedee/ros2_ws/install/webots_ros2_tests:/home/tedee/ros2_ws/install/webots_ros2_tesla:/home/tedee/ros2_ws/install/webots_ros2_mavic:/home/tedee/ros2_ws/install/webots_ros2_husarion:/home/tedee/ros2_ws/install/webots_ros2_epuck:/home/tedee/ros2_ws/install/webots_ros2_crazyflie:/home/tedee/ros2_ws/install/my_robot_controller:/home/tedee/ros2_ws/install/webots_ros2_importer:/home/tedee/ros2_ws/install/webots_robot:/home/tedee/ros2_ws/install/webots_extern:/home/tedee/ros2_ws/install/py_pubsub:/home/tedee/ros2_ws/install/dijkstra_planner:/home/tedee/ros2_ws/install/aruco:/opt/ros/humble /usr/bin/cmake --build /home/tedee/turtlebot4_ws/build/turtlebot4_ignition_gui_plugins -- -j20 -l20
[3.004s] [ 16%] [34m[1mAutomatic MOC for target Turtlebot4Hmi[0m
[4.965s] [ 16%] Built target Turtlebot4Hmi_autogen
[4.974s] [ 33%] [34m[1mGenerating qrc_Turtlebot4Hmi.cpp[0m
[5.005s] [ 66%] [32mBuilding CXX object Turtlebot4Hmi/CMakeFiles/Turtlebot4Hmi.dir/qrc_Turtlebot4Hmi.cpp.o[0m
[5.005s] [ 50%] [32mBuilding CXX object Turtlebot4Hmi/CMakeFiles/Turtlebot4Hmi.dir/Turtlebot4Hmi_autogen/mocs_compilation.cpp.o[0m
[5.005s] [ 83%] [32mBuilding CXX object Turtlebot4Hmi/CMakeFiles/Turtlebot4Hmi.dir/Turtlebot4Hmi.cc.o[0m
[9.405s] [100%] [32m[1mLinking CXX shared library libTurtlebot4Hmi.so[0m
[9.635s] [100%] Built target Turtlebot4Hmi
[9.643s] Invoked command in '/home/tedee/turtlebot4_ws/build/turtlebot4_ignition_gui_plugins' returned '0': CMAKE_PREFIX_PATH=${CMAKE_PREFIX_PATH}:/home/tedee/ros2_ws/install/webots_ros2:/home/tedee/ros2_ws/install/webots_ros2_universal_robot:/home/tedee/ros2_ws/install/webots_ros2_turtlebot:/home/tedee/ros2_ws/install/webots_ros2_tiago:/home/tedee/ros2_ws/install/webots_ros2_tests:/home/tedee/ros2_ws/install/webots_ros2_tesla:/home/tedee/ros2_ws/install/webots_ros2_mavic:/home/tedee/ros2_ws/install/webots_ros2_husarion:/home/tedee/ros2_ws/install/webots_ros2_epuck:/home/tedee/ros2_ws/install/webots_ros2_crazyflie:/home/tedee/ros2_ws/install/my_robot_controller:/home/tedee/ros2_ws/install/webots_ros2_importer:/home/tedee/ros2_ws/install/webots_robot:/home/tedee/ros2_ws/install/webots_extern:/home/tedee/ros2_ws/install/py_pubsub:/home/tedee/ros2_ws/install/dijkstra_planner:/home/tedee/ros2_ws/install/aruco:/opt/ros/humble /usr/bin/cmake --build /home/tedee/turtlebot4_ws/build/turtlebot4_ignition_gui_plugins -- -j20 -l20
[9.649s] Invoking command in '/home/tedee/turtlebot4_ws/build/turtlebot4_ignition_gui_plugins': CMAKE_PREFIX_PATH=${CMAKE_PREFIX_PATH}:/home/tedee/ros2_ws/install/webots_ros2:/home/tedee/ros2_ws/install/webots_ros2_universal_robot:/home/tedee/ros2_ws/install/webots_ros2_turtlebot:/home/tedee/ros2_ws/install/webots_ros2_tiago:/home/tedee/ros2_ws/install/webots_ros2_tests:/home/tedee/ros2_ws/install/webots_ros2_tesla:/home/tedee/ros2_ws/install/webots_ros2_mavic:/home/tedee/ros2_ws/install/webots_ros2_husarion:/home/tedee/ros2_ws/install/webots_ros2_epuck:/home/tedee/ros2_ws/install/webots_ros2_crazyflie:/home/tedee/ros2_ws/install/my_robot_controller:/home/tedee/ros2_ws/install/webots_ros2_importer:/home/tedee/ros2_ws/install/webots_robot:/home/tedee/ros2_ws/install/webots_extern:/home/tedee/ros2_ws/install/py_pubsub:/home/tedee/ros2_ws/install/dijkstra_planner:/home/tedee/ros2_ws/install/aruco:/opt/ros/humble /usr/bin/cmake --install /home/tedee/turtlebot4_ws/build/turtlebot4_ignition_gui_plugins
[9.655s] -- Install configuration: ""
[9.655s] -- Execute custom install script
[9.655s] -- Symlinking: /home/tedee/turtlebot4_ws/install/turtlebot4_ignition_gui_plugins/share/turtlebot4_ignition_gui_plugins/lib/libTurtlebot4Hmi.so
[9.662s] -- Symlinking: /home/tedee/turtlebot4_ws/install/turtlebot4_ignition_gui_plugins/share/ament_index/resource_index/package_run_dependencies/turtlebot4_ignition_gui_plugins
[9.669s] -- Symlinking: /home/tedee/turtlebot4_ws/install/turtlebot4_ignition_gui_plugins/share/ament_index/resource_index/parent_prefix_path/turtlebot4_ignition_gui_plugins
[9.675s] -- Symlinking: /home/tedee/turtlebot4_ws/install/turtlebot4_ignition_gui_plugins/share/turtlebot4_ignition_gui_plugins/environment/ament_prefix_path.sh
[9.682s] -- Symlinking: /home/tedee/turtlebot4_ws/install/turtlebot4_ignition_gui_plugins/share/turtlebot4_ignition_gui_plugins/environment/ament_prefix_path.dsv
[9.689s] -- Symlinking: /home/tedee/turtlebot4_ws/install/turtlebot4_ignition_gui_plugins/share/turtlebot4_ignition_gui_plugins/environment/path.sh
[9.695s] -- Symlinking: /home/tedee/turtlebot4_ws/install/turtlebot4_ignition_gui_plugins/share/turtlebot4_ignition_gui_plugins/environment/path.dsv
[9.702s] -- Symlinking: /home/tedee/turtlebot4_ws/install/turtlebot4_ignition_gui_plugins/share/turtlebot4_ignition_gui_plugins/local_setup.bash
[9.709s] -- Symlinking: /home/tedee/turtlebot4_ws/install/turtlebot4_ignition_gui_plugins/share/turtlebot4_ignition_gui_plugins/local_setup.sh
[9.715s] -- Symlinking: /home/tedee/turtlebot4_ws/install/turtlebot4_ignition_gui_plugins/share/turtlebot4_ignition_gui_plugins/local_setup.zsh
[9.722s] -- Symlinking: /home/tedee/turtlebot4_ws/install/turtlebot4_ignition_gui_plugins/share/turtlebot4_ignition_gui_plugins/local_setup.dsv
[9.728s] -- Symlinking: /home/tedee/turtlebot4_ws/install/turtlebot4_ignition_gui_plugins/share/turtlebot4_ignition_gui_plugins/package.dsv
[9.734s] -- Symlinking: /home/tedee/turtlebot4_ws/install/turtlebot4_ignition_gui_plugins/share/ament_index/resource_index/packages/turtlebot4_ignition_gui_plugins
[9.739s] -- Symlinking: /home/tedee/turtlebot4_ws/install/turtlebot4_ignition_gui_plugins/share/turtlebot4_ignition_gui_plugins/cmake/turtlebot4_ignition_gui_pluginsConfig.cmake
[9.744s] -- Symlinking: /home/tedee/turtlebot4_ws/install/turtlebot4_ignition_gui_plugins/share/turtlebot4_ignition_gui_plugins/cmake/turtlebot4_ignition_gui_pluginsConfig-version.cmake
[9.750s] -- Symlinking: /home/tedee/turtlebot4_ws/install/turtlebot4_ignition_gui_plugins/share/turtlebot4_ignition_gui_plugins/package.xml
[9.757s] Invoked command in '/home/tedee/turtlebot4_ws/build/turtlebot4_ignition_gui_plugins' returned '0': CMAKE_PREFIX_PATH=${CMAKE_PREFIX_PATH}:/home/tedee/ros2_ws/install/webots_ros2:/home/tedee/ros2_ws/install/webots_ros2_universal_robot:/home/tedee/ros2_ws/install/webots_ros2_turtlebot:/home/tedee/ros2_ws/install/webots_ros2_tiago:/home/tedee/ros2_ws/install/webots_ros2_tests:/home/tedee/ros2_ws/install/webots_ros2_tesla:/home/tedee/ros2_ws/install/webots_ros2_mavic:/home/tedee/ros2_ws/install/webots_ros2_husarion:/home/tedee/ros2_ws/install/webots_ros2_epuck:/home/tedee/ros2_ws/install/webots_ros2_crazyflie:/home/tedee/ros2_ws/install/my_robot_controller:/home/tedee/ros2_ws/install/webots_ros2_importer:/home/tedee/ros2_ws/install/webots_robot:/home/tedee/ros2_ws/install/webots_extern:/home/tedee/ros2_ws/install/py_pubsub:/home/tedee/ros2_ws/install/dijkstra_planner:/home/tedee/ros2_ws/install/aruco:/opt/ros/humble /usr/bin/cmake --install /home/tedee/turtlebot4_ws/build/turtlebot4_ignition_gui_plugins
